[2021-03-26 04:13:04.984] [renderer1] [error] EROFS: read-only file system, open '/nix/store/6sf83hj9p3b109kbi3cpy7fwibqn1isp-vscode-extensions/share/vscode/extensions/bbenoist.Nix/package.json': Error: EROFS: read-only file system, open '/nix/store/6sf83hj9p3b109kbi3cpy7fwibqn1isp-vscode-extensions/share/vscode/extensions/bbenoist.Nix/package.json'
[2021-03-26 04:13:04.984] [renderer1] [error] EROFS: read-only file system, open '/nix/store/6sf83hj9p3b109kbi3cpy7fwibqn1isp-vscode-extensions/share/vscode/extensions/ms-azuretools.vscode-docker/package.json': Error: EROFS: read-only file system, open '/nix/store/6sf83hj9p3b109kbi3cpy7fwibqn1isp-vscode-extensions/share/vscode/extensions/ms-azuretools.vscode-docker/package.json'
[2021-03-26 04:13:05.967] [renderer1] [error] ENOENT: no such file or directory, mkdir '/nix/store/6sf83hj9p3b109kbi3cpy7fwibqn1isp-vscode-extensions/share/vscode/extensions/.ms-python.python-2020.10.332292344': extracting: ENOENT: no such file or directory, mkdir '/nix/store/6sf83hj9p3b109kbi3cpy7fwibqn1isp-vscode-extensions/share/vscode/extensions/.ms-python.python-2020.10.332292344'
    at h.extractAtLocation (file:///nix/store/7jfcjadhpxkyh7nj42306a0qhiv4idc0-vscodium-1.54.3/lib/vscode/resources/app/out/vs/code/electron-browser/sharedProcess/sharedProcessMain.js:47:198804)
    at async h.extractUserExtension (file:///nix/store/7jfcjadhpxkyh7nj42306a0qhiv4idc0-vscodium-1.54.3/lib/vscode/resources/app/out/vs/code/electron-browser/sharedProcess/sharedProcessMain.js:47:196816)
    at async G.extractAndInstall (file:///nix/store/7jfcjadhpxkyh7nj42306a0qhiv4idc0-vscodium-1.54.3/lib/vscode/resources/app/out/vs/code/electron-browser/sharedProcess/sharedProcessMain.js:47:212904)
    at async G.doInstallFromGallery (file:///nix/store/7jfcjadhpxkyh7nj42306a0qhiv4idc0-vscodium-1.54.3/lib/vscode/resources/app/out/vs/code/electron-browser/sharedProcess/sharedProcessMain.js:47:209412)
[2021-03-26 04:13:29.051] [renderer1] [error] EROFS: read-only file system, open '/nix/store/6sf83hj9p3b109kbi3cpy7fwibqn1isp-vscode-extensions/share/vscode/extensions/bbenoist.Nix/package.json': Error: EROFS: read-only file system, open '/nix/store/6sf83hj9p3b109kbi3cpy7fwibqn1isp-vscode-extensions/share/vscode/extensions/bbenoist.Nix/package.json'
[2021-03-26 04:13:29.051] [renderer1] [error] EROFS: read-only file system, open '/nix/store/6sf83hj9p3b109kbi3cpy7fwibqn1isp-vscode-extensions/share/vscode/extensions/ms-azuretools.vscode-docker/package.json': Error: EROFS: read-only file system, open '/nix/store/6sf83hj9p3b109kbi3cpy7fwibqn1isp-vscode-extensions/share/vscode/extensions/ms-azuretools.vscode-docker/package.json'
[2021-03-26 04:13:30.054] [renderer1] [error] ENOENT: no such file or directory, mkdir '/nix/store/6sf83hj9p3b109kbi3cpy7fwibqn1isp-vscode-extensions/share/vscode/extensions/.ms-python.python-2020.10.332292344': extracting: ENOENT: no such file or directory, mkdir '/nix/store/6sf83hj9p3b109kbi3cpy7fwibqn1isp-vscode-extensions/share/vscode/extensions/.ms-python.python-2020.10.332292344'
    at h.extractAtLocation (file:///nix/store/7jfcjadhpxkyh7nj42306a0qhiv4idc0-vscodium-1.54.3/lib/vscode/resources/app/out/vs/code/electron-browser/sharedProcess/sharedProcessMain.js:47:198804)
    at async h.extractUserExtension (file:///nix/store/7jfcjadhpxkyh7nj42306a0qhiv4idc0-vscodium-1.54.3/lib/vscode/resources/app/out/vs/code/electron-browser/sharedProcess/sharedProcessMain.js:47:196816)
    at async G.extractAndInstall (file:///nix/store/7jfcjadhpxkyh7nj42306a0qhiv4idc0-vscodium-1.54.3/lib/vscode/resources/app/out/vs/code/electron-browser/sharedProcess/sharedProcessMain.js:47:212904)
    at async G.doInstallFromGallery (file:///nix/store/7jfcjadhpxkyh7nj42306a0qhiv4idc0-vscodium-1.54.3/lib/vscode/resources/app/out/vs/code/electron-browser/sharedProcess/sharedProcessMain.js:47:209412)
[2021-03-26 04:13:45.155] [renderer1] [error] EROFS: read-only file system, open '/nix/store/7jfcjadhpxkyh7nj42306a0qhiv4idc0-vscodium-1.54.3/lib/vscode/resources/app/extensions/python/package.json': Error: EROFS: read-only file system, open '/nix/store/7jfcjadhpxkyh7nj42306a0qhiv4idc0-vscodium-1.54.3/lib/vscode/resources/app/extensions/python/package.json'
[2021-03-26 04:13:46.159] [renderer1] [error] ENOENT: no such file or directory, mkdir '/nix/store/6sf83hj9p3b109kbi3cpy7fwibqn1isp-vscode-extensions/share/vscode/extensions/.ms-python.python-2020.10.332292344': extracting: ENOENT: no such file or directory, mkdir '/nix/store/6sf83hj9p3b109kbi3cpy7fwibqn1isp-vscode-extensions/share/vscode/extensions/.ms-python.python-2020.10.332292344'
    at h.extractAtLocation (file:///nix/store/7jfcjadhpxkyh7nj42306a0qhiv4idc0-vscodium-1.54.3/lib/vscode/resources/app/out/vs/code/electron-browser/sharedProcess/sharedProcessMain.js:47:198804)
    at async h.extractUserExtension (file:///nix/store/7jfcjadhpxkyh7nj42306a0qhiv4idc0-vscodium-1.54.3/lib/vscode/resources/app/out/vs/code/electron-browser/sharedProcess/sharedProcessMain.js:47:196816)
    at async G.extractAndInstall (file:///nix/store/7jfcjadhpxkyh7nj42306a0qhiv4idc0-vscodium-1.54.3/lib/vscode/resources/app/out/vs/code/electron-browser/sharedProcess/sharedProcessMain.js:47:212904)
    at async G.doInstallFromGallery (file:///nix/store/7jfcjadhpxkyh7nj42306a0qhiv4idc0-vscodium-1.54.3/lib/vscode/resources/app/out/vs/code/electron-browser/sharedProcess/sharedProcessMain.js:47:209412)
[2021-03-26 04:13:54.003] [renderer1] [error] EROFS: read-only file system, open '/nix/store/7jfcjadhpxkyh7nj42306a0qhiv4idc0-vscodium-1.54.3/lib/vscode/resources/app/extensions/python/package.json': Error: EROFS: read-only file system, open '/nix/store/7jfcjadhpxkyh7nj42306a0qhiv4idc0-vscodium-1.54.3/lib/vscode/resources/app/extensions/python/package.json'
[2021-03-26 04:13:55.130] [renderer1] [error] ENOENT: no such file or directory, mkdir '/nix/store/6sf83hj9p3b109kbi3cpy7fwibqn1isp-vscode-extensions/share/vscode/extensions/.ms-python.python-2020.10.332292344': extracting: ENOENT: no such file or directory, mkdir '/nix/store/6sf83hj9p3b109kbi3cpy7fwibqn1isp-vscode-extensions/share/vscode/extensions/.ms-python.python-2020.10.332292344'
    at h.extractAtLocation (file:///nix/store/7jfcjadhpxkyh7nj42306a0qhiv4idc0-vscodium-1.54.3/lib/vscode/resources/app/out/vs/code/electron-browser/sharedProcess/sharedProcessMain.js:47:198804)
    at async h.extractUserExtension (file:///nix/store/7jfcjadhpxkyh7nj42306a0qhiv4idc0-vscodium-1.54.3/lib/vscode/resources/app/out/vs/code/electron-browser/sharedProcess/sharedProcessMain.js:47:196816)
    at async G.extractAndInstall (file:///nix/store/7jfcjadhpxkyh7nj42306a0qhiv4idc0-vscodium-1.54.3/lib/vscode/resources/app/out/vs/code/electron-browser/sharedProcess/sharedProcessMain.js:47:212904)
    at async G.doInstallFromGallery (file:///nix/store/7jfcjadhpxkyh7nj42306a0qhiv4idc0-vscodium-1.54.3/lib/vscode/resources/app/out/vs/code/electron-browser/sharedProcess/sharedProcessMain.js:47:209412)
[2021-03-26 04:13:55.130] [renderer1] [error] EROFS: read-only file system, open '/nix/store/7jfcjadhpxkyh7nj42306a0qhiv4idc0-vscodium-1.54.3/lib/vscode/resources/app/extensions/python/package.json': Error: EROFS: read-only file system, open '/nix/store/7jfcjadhpxkyh7nj42306a0qhiv4idc0-vscodium-1.54.3/lib/vscode/resources/app/extensions/python/package.json'
[2021-03-26 04:13:56.135] [renderer1] [error] ENOENT: no such file or directory, mkdir '/nix/store/6sf83hj9p3b109kbi3cpy7fwibqn1isp-vscode-extensions/share/vscode/extensions/.ms-python.python-2020.10.332292344': extracting: ENOENT: no such file or directory, mkdir '/nix/store/6sf83hj9p3b109kbi3cpy7fwibqn1isp-vscode-extensions/share/vscode/extensions/.ms-python.python-2020.10.332292344'
    at h.extractAtLocation (file:///nix/store/7jfcjadhpxkyh7nj42306a0qhiv4idc0-vscodium-1.54.3/lib/vscode/resources/app/out/vs/code/electron-browser/sharedProcess/sharedProcessMain.js:47:198804)
    at async h.extractUserExtension (file:///nix/store/7jfcjadhpxkyh7nj42306a0qhiv4idc0-vscodium-1.54.3/lib/vscode/resources/app/out/vs/code/electron-browser/sharedProcess/sharedProcessMain.js:47:196816)
    at async G.extractAndInstall (file:///nix/store/7jfcjadhpxkyh7nj42306a0qhiv4idc0-vscodium-1.54.3/lib/vscode/resources/app/out/vs/code/electron-browser/sharedProcess/sharedProcessMain.js:47:212904)
    at async G.doInstallFromGallery (file:///nix/store/7jfcjadhpxkyh7nj42306a0qhiv4idc0-vscodium-1.54.3/lib/vscode/resources/app/out/vs/code/electron-browser/sharedProcess/sharedProcessMain.js:47:209412)
[2021-03-26 04:14:07.591] [renderer1] [error] EROFS: read-only file system, open '/nix/store/7jfcjadhpxkyh7nj42306a0qhiv4idc0-vscodium-1.54.3/lib/vscode/resources/app/extensions/csharp/package.json': Error: EROFS: read-only file system, open '/nix/store/7jfcjadhpxkyh7nj42306a0qhiv4idc0-vscodium-1.54.3/lib/vscode/resources/app/extensions/csharp/package.json'
[2021-03-26 04:14:07.592] [renderer1] [error] EROFS: read-only file system, open '/nix/store/7jfcjadhpxkyh7nj42306a0qhiv4idc0-vscodium-1.54.3/lib/vscode/resources/app/extensions/cpp/package.json': Error: EROFS: read-only file system, open '/nix/store/7jfcjadhpxkyh7nj42306a0qhiv4idc0-vscodium-1.54.3/lib/vscode/resources/app/extensions/cpp/package.json'
[2021-03-26 04:14:07.593] [renderer1] [error] EROFS: read-only file system, open '/nix/store/7jfcjadhpxkyh7nj42306a0qhiv4idc0-vscodium-1.54.3/lib/vscode/resources/app/extensions/objective-c/package.json': Error: EROFS: read-only file system, open '/nix/store/7jfcjadhpxkyh7nj42306a0qhiv4idc0-vscodium-1.54.3/lib/vscode/resources/app/extensions/objective-c/package.json'
[2021-03-26 04:43:47.551] [renderer1] [error] Unknown (FileSystemError): Error: Failed to move 'ways.csv' to the trash
    at Object.u [as createFileSystemProviderError] (file:///nix/store/7jfcjadhpxkyh7nj42306a0qhiv4idc0-vscodium-1.54.3/lib/vscode/resources/app/out/vs/workbench/workbench.desktop.main.js:622:10353)
    at T.toFileSystemProviderError (file:///nix/store/7jfcjadhpxkyh7nj42306a0qhiv4idc0-vscodium-1.54.3/lib/vscode/resources/app/out/vs/workbench/workbench.desktop.main.js:626:48307)
    at T.delete (file:///nix/store/7jfcjadhpxkyh7nj42306a0qhiv4idc0-vscodium-1.54.3/lib/vscode/resources/app/out/vs/workbench/workbench.desktop.main.js:626:44621)
    at async s.del (file:///nix/store/7jfcjadhpxkyh7nj42306a0qhiv4idc0-vscodium-1.54.3/lib/vscode/resources/app/out/vs/workbench/workbench.desktop.main.js:626:36177)
    at async l.delete (file:///nix/store/7jfcjadhpxkyh7nj42306a0qhiv4idc0-vscodium-1.54.3/lib/vscode/resources/app/out/vs/workbench/workbench.desktop.main.js:2212:95931)
    at async o.perform (file:///nix/store/7jfcjadhpxkyh7nj42306a0qhiv4idc0-vscodium-1.54.3/lib/vscode/resources/app/out/vs/workbench/workbench.desktop.main.js:2218:29327)
    at async n.apply (file:///nix/store/7jfcjadhpxkyh7nj42306a0qhiv4idc0-vscodium-1.54.3/lib/vscode/resources/app/out/vs/workbench/workbench.desktop.main.js:2218:31440)
    at async o._performFileEdits (file:///nix/store/7jfcjadhpxkyh7nj42306a0qhiv4idc0-vscodium-1.54.3/lib/vscode/resources/app/out/vs/workbench/workbench.desktop.main.js:2218:33270)
    at async o.perform (file:///nix/store/7jfcjadhpxkyh7nj42306a0qhiv4idc0-vscodium-1.54.3/lib/vscode/resources/app/out/vs/workbench/workbench.desktop.main.js:2218:32812)
    at async r.apply (file:///nix/store/7jfcjadhpxkyh7nj42306a0qhiv4idc0-vscodium-1.54.3/lib/vscode/resources/app/out/vs/workbench/workbench.desktop.main.js:2218:35282)
    at async file:///nix/store/7jfcjadhpxkyh7nj42306a0qhiv4idc0-vscodium-1.54.3/lib/vscode/resources/app/out/vs/workbench/workbench.desktop.main.js:2007:17243
[2021-03-26 04:43:47.556] [renderer1] [error] Error: Failed to move 'ways.csv' to the trash: Unknown (FileSystemError): Error: Failed to move 'ways.csv' to the trash
    at Object.u [as createFileSystemProviderError] (file:///nix/store/7jfcjadhpxkyh7nj42306a0qhiv4idc0-vscodium-1.54.3/lib/vscode/resources/app/out/vs/workbench/workbench.desktop.main.js:622:10353)
    at T.toFileSystemProviderError (file:///nix/store/7jfcjadhpxkyh7nj42306a0qhiv4idc0-vscodium-1.54.3/lib/vscode/resources/app/out/vs/workbench/workbench.desktop.main.js:626:48307)
    at T.delete (file:///nix/store/7jfcjadhpxkyh7nj42306a0qhiv4idc0-vscodium-1.54.3/lib/vscode/resources/app/out/vs/workbench/workbench.desktop.main.js:626:44621)
    at async s.del (file:///nix/store/7jfcjadhpxkyh7nj42306a0qhiv4idc0-vscodium-1.54.3/lib/vscode/resources/app/out/vs/workbench/workbench.desktop.main.js:626:36177)
    at async l.delete (file:///nix/store/7jfcjadhpxkyh7nj42306a0qhiv4idc0-vscodium-1.54.3/lib/vscode/resources/app/out/vs/workbench/workbench.desktop.main.js:2212:95931)
    at async o.perform (file:///nix/store/7jfcjadhpxkyh7nj42306a0qhiv4idc0-vscodium-1.54.3/lib/vscode/resources/app/out/vs/workbench/workbench.desktop.main.js:2218:29327)
    at async n.apply (file:///nix/store/7jfcjadhpxkyh7nj42306a0qhiv4idc0-vscodium-1.54.3/lib/vscode/resources/app/out/vs/workbench/workbench.desktop.main.js:2218:31440)
    at async o._performFileEdits (file:///nix/store/7jfcjadhpxkyh7nj42306a0qhiv4idc0-vscodium-1.54.3/lib/vscode/resources/app/out/vs/workbench/workbench.desktop.main.js:2218:33270)
    at async o.perform (file:///nix/store/7jfcjadhpxkyh7nj42306a0qhiv4idc0-vscodium-1.54.3/lib/vscode/resources/app/out/vs/workbench/workbench.desktop.main.js:2218:32812)
    at async r.apply (file:///nix/store/7jfcjadhpxkyh7nj42306a0qhiv4idc0-vscodium-1.54.3/lib/vscode/resources/app/out/vs/workbench/workbench.desktop.main.js:2218:35282)
    at async file:///nix/store/7jfcjadhpxkyh7nj42306a0qhiv4idc0-vscodium-1.54.3/lib/vscode/resources/app/out/vs/workbench/workbench.desktop.main.js:2007:17243
[2021-03-26 04:46:33.733] [renderer1] [error] Unknown (FileSystemError): Error: Failed to move 'ways.csv' to the trash
    at Object.u [as createFileSystemProviderError] (file:///nix/store/7jfcjadhpxkyh7nj42306a0qhiv4idc0-vscodium-1.54.3/lib/vscode/resources/app/out/vs/workbench/workbench.desktop.main.js:622:10353)
    at T.toFileSystemProviderError (file:///nix/store/7jfcjadhpxkyh7nj42306a0qhiv4idc0-vscodium-1.54.3/lib/vscode/resources/app/out/vs/workbench/workbench.desktop.main.js:626:48307)
    at T.delete (file:///nix/store/7jfcjadhpxkyh7nj42306a0qhiv4idc0-vscodium-1.54.3/lib/vscode/resources/app/out/vs/workbench/workbench.desktop.main.js:626:44621)
    at async s.del (file:///nix/store/7jfcjadhpxkyh7nj42306a0qhiv4idc0-vscodium-1.54.3/lib/vscode/resources/app/out/vs/workbench/workbench.desktop.main.js:626:36177)
    at async l.delete (file:///nix/store/7jfcjadhpxkyh7nj42306a0qhiv4idc0-vscodium-1.54.3/lib/vscode/resources/app/out/vs/workbench/workbench.desktop.main.js:2212:95931)
    at async o.perform (file:///nix/store/7jfcjadhpxkyh7nj42306a0qhiv4idc0-vscodium-1.54.3/lib/vscode/resources/app/out/vs/workbench/workbench.desktop.main.js:2218:29327)
    at async n.apply (file:///nix/store/7jfcjadhpxkyh7nj42306a0qhiv4idc0-vscodium-1.54.3/lib/vscode/resources/app/out/vs/workbench/workbench.desktop.main.js:2218:31440)
    at async o._performFileEdits (file:///nix/store/7jfcjadhpxkyh7nj42306a0qhiv4idc0-vscodium-1.54.3/lib/vscode/resources/app/out/vs/workbench/workbench.desktop.main.js:2218:33270)
    at async o.perform (file:///nix/store/7jfcjadhpxkyh7nj42306a0qhiv4idc0-vscodium-1.54.3/lib/vscode/resources/app/out/vs/workbench/workbench.desktop.main.js:2218:32812)
    at async r.apply (file:///nix/store/7jfcjadhpxkyh7nj42306a0qhiv4idc0-vscodium-1.54.3/lib/vscode/resources/app/out/vs/workbench/workbench.desktop.main.js:2218:35282)
    at async file:///nix/store/7jfcjadhpxkyh7nj42306a0qhiv4idc0-vscodium-1.54.3/lib/vscode/resources/app/out/vs/workbench/workbench.desktop.main.js:2007:17243
[2021-03-26 04:46:33.739] [renderer1] [error] Error: Failed to move 'ways.csv' to the trash: Unknown (FileSystemError): Error: Failed to move 'ways.csv' to the trash
    at Object.u [as createFileSystemProviderError] (file:///nix/store/7jfcjadhpxkyh7nj42306a0qhiv4idc0-vscodium-1.54.3/lib/vscode/resources/app/out/vs/workbench/workbench.desktop.main.js:622:10353)
    at T.toFileSystemProviderError (file:///nix/store/7jfcjadhpxkyh7nj42306a0qhiv4idc0-vscodium-1.54.3/lib/vscode/resources/app/out/vs/workbench/workbench.desktop.main.js:626:48307)
    at T.delete (file:///nix/store/7jfcjadhpxkyh7nj42306a0qhiv4idc0-vscodium-1.54.3/lib/vscode/resources/app/out/vs/workbench/workbench.desktop.main.js:626:44621)
    at async s.del (file:///nix/store/7jfcjadhpxkyh7nj42306a0qhiv4idc0-vscodium-1.54.3/lib/vscode/resources/app/out/vs/workbench/workbench.desktop.main.js:626:36177)
    at async l.delete (file:///nix/store/7jfcjadhpxkyh7nj42306a0qhiv4idc0-vscodium-1.54.3/lib/vscode/resources/app/out/vs/workbench/workbench.desktop.main.js:2212:95931)
    at async o.perform (file:///nix/store/7jfcjadhpxkyh7nj42306a0qhiv4idc0-vscodium-1.54.3/lib/vscode/resources/app/out/vs/workbench/workbench.desktop.main.js:2218:29327)
    at async n.apply (file:///nix/store/7jfcjadhpxkyh7nj42306a0qhiv4idc0-vscodium-1.54.3/lib/vscode/resources/app/out/vs/workbench/workbench.desktop.main.js:2218:31440)
    at async o._performFileEdits (file:///nix/store/7jfcjadhpxkyh7nj42306a0qhiv4idc0-vscodium-1.54.3/lib/vscode/resources/app/out/vs/workbench/workbench.desktop.main.js:2218:33270)
    at async o.perform (file:///nix/store/7jfcjadhpxkyh7nj42306a0qhiv4idc0-vscodium-1.54.3/lib/vscode/resources/app/out/vs/workbench/workbench.desktop.main.js:2218:32812)
    at async r.apply (file:///nix/store/7jfcjadhpxkyh7nj42306a0qhiv4idc0-vscodium-1.54.3/lib/vscode/resources/app/out/vs/workbench/workbench.desktop.main.js:2218:35282)
    at async file:///nix/store/7jfcjadhpxkyh7nj42306a0qhiv4idc0-vscodium-1.54.3/lib/vscode/resources/app/out/vs/workbench/workbench.desktop.main.js:2007:17243
[2021-03-26 04:56:54.352] [renderer1] [error] Unknown (FileSystemError): Error: Failed to move 'ways.csv' to the trash
    at Object.u [as createFileSystemProviderError] (file:///nix/store/7jfcjadhpxkyh7nj42306a0qhiv4idc0-vscodium-1.54.3/lib/vscode/resources/app/out/vs/workbench/workbench.desktop.main.js:622:10353)
    at T.toFileSystemProviderError (file:///nix/store/7jfcjadhpxkyh7nj42306a0qhiv4idc0-vscodium-1.54.3/lib/vscode/resources/app/out/vs/workbench/workbench.desktop.main.js:626:48307)
    at T.delete (file:///nix/store/7jfcjadhpxkyh7nj42306a0qhiv4idc0-vscodium-1.54.3/lib/vscode/resources/app/out/vs/workbench/workbench.desktop.main.js:626:44621)
    at async s.del (file:///nix/store/7jfcjadhpxkyh7nj42306a0qhiv4idc0-vscodium-1.54.3/lib/vscode/resources/app/out/vs/workbench/workbench.desktop.main.js:626:36177)
    at async l.delete (file:///nix/store/7jfcjadhpxkyh7nj42306a0qhiv4idc0-vscodium-1.54.3/lib/vscode/resources/app/out/vs/workbench/workbench.desktop.main.js:2212:95931)
    at async o.perform (file:///nix/store/7jfcjadhpxkyh7nj42306a0qhiv4idc0-vscodium-1.54.3/lib/vscode/resources/app/out/vs/workbench/workbench.desktop.main.js:2218:29327)
    at async n.apply (file:///nix/store/7jfcjadhpxkyh7nj42306a0qhiv4idc0-vscodium-1.54.3/lib/vscode/resources/app/out/vs/workbench/workbench.desktop.main.js:2218:31440)
    at async o._performFileEdits (file:///nix/store/7jfcjadhpxkyh7nj42306a0qhiv4idc0-vscodium-1.54.3/lib/vscode/resources/app/out/vs/workbench/workbench.desktop.main.js:2218:33270)
    at async o.perform (file:///nix/store/7jfcjadhpxkyh7nj42306a0qhiv4idc0-vscodium-1.54.3/lib/vscode/resources/app/out/vs/workbench/workbench.desktop.main.js:2218:32812)
    at async r.apply (file:///nix/store/7jfcjadhpxkyh7nj42306a0qhiv4idc0-vscodium-1.54.3/lib/vscode/resources/app/out/vs/workbench/workbench.desktop.main.js:2218:35282)
    at async file:///nix/store/7jfcjadhpxkyh7nj42306a0qhiv4idc0-vscodium-1.54.3/lib/vscode/resources/app/out/vs/workbench/workbench.desktop.main.js:2007:17243
[2021-03-26 04:56:54.360] [renderer1] [error] Error: Failed to move 'ways.csv' to the trash: Unknown (FileSystemError): Error: Failed to move 'ways.csv' to the trash
    at Object.u [as createFileSystemProviderError] (file:///nix/store/7jfcjadhpxkyh7nj42306a0qhiv4idc0-vscodium-1.54.3/lib/vscode/resources/app/out/vs/workbench/workbench.desktop.main.js:622:10353)
    at T.toFileSystemProviderError (file:///nix/store/7jfcjadhpxkyh7nj42306a0qhiv4idc0-vscodium-1.54.3/lib/vscode/resources/app/out/vs/workbench/workbench.desktop.main.js:626:48307)
    at T.delete (file:///nix/store/7jfcjadhpxkyh7nj42306a0qhiv4idc0-vscodium-1.54.3/lib/vscode/resources/app/out/vs/workbench/workbench.desktop.main.js:626:44621)
    at async s.del (file:///nix/store/7jfcjadhpxkyh7nj42306a0qhiv4idc0-vscodium-1.54.3/lib/vscode/resources/app/out/vs/workbench/workbench.desktop.main.js:626:36177)
    at async l.delete (file:///nix/store/7jfcjadhpxkyh7nj42306a0qhiv4idc0-vscodium-1.54.3/lib/vscode/resources/app/out/vs/workbench/workbench.desktop.main.js:2212:95931)
    at async o.perform (file:///nix/store/7jfcjadhpxkyh7nj42306a0qhiv4idc0-vscodium-1.54.3/lib/vscode/resources/app/out/vs/workbench/workbench.desktop.main.js:2218:29327)
    at async n.apply (file:///nix/store/7jfcjadhpxkyh7nj42306a0qhiv4idc0-vscodium-1.54.3/lib/vscode/resources/app/out/vs/workbench/workbench.desktop.main.js:2218:31440)
    at async o._performFileEdits (file:///nix/store/7jfcjadhpxkyh7nj42306a0qhiv4idc0-vscodium-1.54.3/lib/vscode/resources/app/out/vs/workbench/workbench.desktop.main.js:2218:33270)
    at async o.perform (file:///nix/store/7jfcjadhpxkyh7nj42306a0qhiv4idc0-vscodium-1.54.3/lib/vscode/resources/app/out/vs/workbench/workbench.desktop.main.js:2218:32812)
    at async r.apply (file:///nix/store/7jfcjadhpxkyh7nj42306a0qhiv4idc0-vscodium-1.54.3/lib/vscode/resources/app/out/vs/workbench/workbench.desktop.main.js:2218:35282)
    at async file:///nix/store/7jfcjadhpxkyh7nj42306a0qhiv4idc0-vscodium-1.54.3/lib/vscode/resources/app/out/vs/workbench/workbench.desktop.main.js:2007:17243
[2021-03-26 05:03:00.547] [renderer1] [error] Unknown (FileSystemError): Error: Failed to move 'ways.csv' to the trash
    at Object.u [as createFileSystemProviderError] (file:///nix/store/7jfcjadhpxkyh7nj42306a0qhiv4idc0-vscodium-1.54.3/lib/vscode/resources/app/out/vs/workbench/workbench.desktop.main.js:622:10353)
    at T.toFileSystemProviderError (file:///nix/store/7jfcjadhpxkyh7nj42306a0qhiv4idc0-vscodium-1.54.3/lib/vscode/resources/app/out/vs/workbench/workbench.desktop.main.js:626:48307)
    at T.delete (file:///nix/store/7jfcjadhpxkyh7nj42306a0qhiv4idc0-vscodium-1.54.3/lib/vscode/resources/app/out/vs/workbench/workbench.desktop.main.js:626:44621)
    at async s.del (file:///nix/store/7jfcjadhpxkyh7nj42306a0qhiv4idc0-vscodium-1.54.3/lib/vscode/resources/app/out/vs/workbench/workbench.desktop.main.js:626:36177)
    at async l.delete (file:///nix/store/7jfcjadhpxkyh7nj42306a0qhiv4idc0-vscodium-1.54.3/lib/vscode/resources/app/out/vs/workbench/workbench.desktop.main.js:2212:95931)
    at async o.perform (file:///nix/store/7jfcjadhpxkyh7nj42306a0qhiv4idc0-vscodium-1.54.3/lib/vscode/resources/app/out/vs/workbench/workbench.desktop.main.js:2218:29327)
    at async n.apply (file:///nix/store/7jfcjadhpxkyh7nj42306a0qhiv4idc0-vscodium-1.54.3/lib/vscode/resources/app/out/vs/workbench/workbench.desktop.main.js:2218:31440)
    at async o._performFileEdits (file:///nix/store/7jfcjadhpxkyh7nj42306a0qhiv4idc0-vscodium-1.54.3/lib/vscode/resources/app/out/vs/workbench/workbench.desktop.main.js:2218:33270)
    at async o.perform (file:///nix/store/7jfcjadhpxkyh7nj42306a0qhiv4idc0-vscodium-1.54.3/lib/vscode/resources/app/out/vs/workbench/workbench.desktop.main.js:2218:32812)
    at async r.apply (file:///nix/store/7jfcjadhpxkyh7nj42306a0qhiv4idc0-vscodium-1.54.3/lib/vscode/resources/app/out/vs/workbench/workbench.desktop.main.js:2218:35282)
    at async file:///nix/store/7jfcjadhpxkyh7nj42306a0qhiv4idc0-vscodium-1.54.3/lib/vscode/resources/app/out/vs/workbench/workbench.desktop.main.js:2007:17243
[2021-03-26 05:03:00.584] [renderer1] [error] Error: Failed to move 'ways.csv' to the trash: Unknown (FileSystemError): Error: Failed to move 'ways.csv' to the trash
    at Object.u [as createFileSystemProviderError] (file:///nix/store/7jfcjadhpxkyh7nj42306a0qhiv4idc0-vscodium-1.54.3/lib/vscode/resources/app/out/vs/workbench/workbench.desktop.main.js:622:10353)
    at T.toFileSystemProviderError (file:///nix/store/7jfcjadhpxkyh7nj42306a0qhiv4idc0-vscodium-1.54.3/lib/vscode/resources/app/out/vs/workbench/workbench.desktop.main.js:626:48307)
    at T.delete (file:///nix/store/7jfcjadhpxkyh7nj42306a0qhiv4idc0-vscodium-1.54.3/lib/vscode/resources/app/out/vs/workbench/workbench.desktop.main.js:626:44621)
    at async s.del (file:///nix/store/7jfcjadhpxkyh7nj42306a0qhiv4idc0-vscodium-1.54.3/lib/vscode/resources/app/out/vs/workbench/workbench.desktop.main.js:626:36177)
    at async l.delete (file:///nix/store/7jfcjadhpxkyh7nj42306a0qhiv4idc0-vscodium-1.54.3/lib/vscode/resources/app/out/vs/workbench/workbench.desktop.main.js:2212:95931)
    at async o.perform (file:///nix/store/7jfcjadhpxkyh7nj42306a0qhiv4idc0-vscodium-1.54.3/lib/vscode/resources/app/out/vs/workbench/workbench.desktop.main.js:2218:29327)
    at async n.apply (file:///nix/store/7jfcjadhpxkyh7nj42306a0qhiv4idc0-vscodium-1.54.3/lib/vscode/resources/app/out/vs/workbench/workbench.desktop.main.js:2218:31440)
    at async o._performFileEdits (file:///nix/store/7jfcjadhpxkyh7nj42306a0qhiv4idc0-vscodium-1.54.3/lib/vscode/resources/app/out/vs/workbench/workbench.desktop.main.js:2218:33270)
    at async o.perform (file:///nix/store/7jfcjadhpxkyh7nj42306a0qhiv4idc0-vscodium-1.54.3/lib/vscode/resources/app/out/vs/workbench/workbench.desktop.main.js:2218:32812)
    at async r.apply (file:///nix/store/7jfcjadhpxkyh7nj42306a0qhiv4idc0-vscodium-1.54.3/lib/vscode/resources/app/out/vs/workbench/workbench.desktop.main.js:2218:35282)
    at async file:///nix/store/7jfcjadhpxkyh7nj42306a0qhiv4idc0-vscodium-1.54.3/lib/vscode/resources/app/out/vs/workbench/workbench.desktop.main.js:2007:17243
[2021-03-26 05:14:24.459] [renderer1] [error] Unknown (FileSystemError): Error: Failed to move 'way_node_connections.csv' to the trash
    at Object.u [as createFileSystemProviderError] (file:///nix/store/7jfcjadhpxkyh7nj42306a0qhiv4idc0-vscodium-1.54.3/lib/vscode/resources/app/out/vs/workbench/workbench.desktop.main.js:622:10353)
    at T.toFileSystemProviderError (file:///nix/store/7jfcjadhpxkyh7nj42306a0qhiv4idc0-vscodium-1.54.3/lib/vscode/resources/app/out/vs/workbench/workbench.desktop.main.js:626:48307)
    at T.delete (file:///nix/store/7jfcjadhpxkyh7nj42306a0qhiv4idc0-vscodium-1.54.3/lib/vscode/resources/app/out/vs/workbench/workbench.desktop.main.js:626:44621)
    at async s.del (file:///nix/store/7jfcjadhpxkyh7nj42306a0qhiv4idc0-vscodium-1.54.3/lib/vscode/resources/app/out/vs/workbench/workbench.desktop.main.js:626:36177)
    at async l.delete (file:///nix/store/7jfcjadhpxkyh7nj42306a0qhiv4idc0-vscodium-1.54.3/lib/vscode/resources/app/out/vs/workbench/workbench.desktop.main.js:2212:95931)
    at async o.perform (file:///nix/store/7jfcjadhpxkyh7nj42306a0qhiv4idc0-vscodium-1.54.3/lib/vscode/resources/app/out/vs/workbench/workbench.desktop.main.js:2218:29327)
    at async n.apply (file:///nix/store/7jfcjadhpxkyh7nj42306a0qhiv4idc0-vscodium-1.54.3/lib/vscode/resources/app/out/vs/workbench/workbench.desktop.main.js:2218:31440)
    at async o._performFileEdits (file:///nix/store/7jfcjadhpxkyh7nj42306a0qhiv4idc0-vscodium-1.54.3/lib/vscode/resources/app/out/vs/workbench/workbench.desktop.main.js:2218:33270)
    at async o.perform (file:///nix/store/7jfcjadhpxkyh7nj42306a0qhiv4idc0-vscodium-1.54.3/lib/vscode/resources/app/out/vs/workbench/workbench.desktop.main.js:2218:32812)
    at async r.apply (file:///nix/store/7jfcjadhpxkyh7nj42306a0qhiv4idc0-vscodium-1.54.3/lib/vscode/resources/app/out/vs/workbench/workbench.desktop.main.js:2218:35282)
    at async file:///nix/store/7jfcjadhpxkyh7nj42306a0qhiv4idc0-vscodium-1.54.3/lib/vscode/resources/app/out/vs/workbench/workbench.desktop.main.js:2007:17243
[2021-03-26 05:14:24.466] [renderer1] [error] Error: Failed to move 'way_node_connections.csv' to the trash: Unknown (FileSystemError): Error: Failed to move 'way_node_connections.csv' to the trash
    at Object.u [as createFileSystemProviderError] (file:///nix/store/7jfcjadhpxkyh7nj42306a0qhiv4idc0-vscodium-1.54.3/lib/vscode/resources/app/out/vs/workbench/workbench.desktop.main.js:622:10353)
    at T.toFileSystemProviderError (file:///nix/store/7jfcjadhpxkyh7nj42306a0qhiv4idc0-vscodium-1.54.3/lib/vscode/resources/app/out/vs/workbench/workbench.desktop.main.js:626:48307)
    at T.delete (file:///nix/store/7jfcjadhpxkyh7nj42306a0qhiv4idc0-vscodium-1.54.3/lib/vscode/resources/app/out/vs/workbench/workbench.desktop.main.js:626:44621)
    at async s.del (file:///nix/store/7jfcjadhpxkyh7nj42306a0qhiv4idc0-vscodium-1.54.3/lib/vscode/resources/app/out/vs/workbench/workbench.desktop.main.js:626:36177)
    at async l.delete (file:///nix/store/7jfcjadhpxkyh7nj42306a0qhiv4idc0-vscodium-1.54.3/lib/vscode/resources/app/out/vs/workbench/workbench.desktop.main.js:2212:95931)
    at async o.perform (file:///nix/store/7jfcjadhpxkyh7nj42306a0qhiv4idc0-vscodium-1.54.3/lib/vscode/resources/app/out/vs/workbench/workbench.desktop.main.js:2218:29327)
    at async n.apply (file:///nix/store/7jfcjadhpxkyh7nj42306a0qhiv4idc0-vscodium-1.54.3/lib/vscode/resources/app/out/vs/workbench/workbench.desktop.main.js:2218:31440)
    at async o._performFileEdits (file:///nix/store/7jfcjadhpxkyh7nj42306a0qhiv4idc0-vscodium-1.54.3/lib/vscode/resources/app/out/vs/workbench/workbench.desktop.main.js:2218:33270)
    at async o.perform (file:///nix/store/7jfcjadhpxkyh7nj42306a0qhiv4idc0-vscodium-1.54.3/lib/vscode/resources/app/out/vs/workbench/workbench.desktop.main.js:2218:32812)
    at async r.apply (file:///nix/store/7jfcjadhpxkyh7nj42306a0qhiv4idc0-vscodium-1.54.3/lib/vscode/resources/app/out/vs/workbench/workbench.desktop.main.js:2218:35282)
    at async file:///nix/store/7jfcjadhpxkyh7nj42306a0qhiv4idc0-vscodium-1.54.3/lib/vscode/resources/app/out/vs/workbench/workbench.desktop.main.js:2007:17243
