[2021-03-26 04:13:05.907] [sharedprocess] [info] Installing extension: ms-python.python
[2021-03-26 04:13:05.917] [sharedprocess] [info] Downloaded extension: ms-python.python undefined
[2021-03-26 04:13:05.960] [sharedprocess] [error] Failed to install extension: ms-python.python ENOENT: no such file or directory, mkdir '/nix/store/6sf83hj9p3b109kbi3cpy7fwibqn1isp-vscode-extensions/share/vscode/extensions/.ms-python.python-2020.10.332292344'
[2021-03-26 04:13:05.961] [sharedprocess] [error] [uncaught exception in sharedProcess]: ENOENT: no such file or directory, mkdir '/nix/store/6sf83hj9p3b109kbi3cpy7fwibqn1isp-vscode-extensions/share/vscode/extensions/.ms-python.python-2020.10.332292344': extracting: ENOENT: no such file or directory, mkdir '/nix/store/6sf83hj9p3b109kbi3cpy7fwibqn1isp-vscode-extensions/share/vscode/extensions/.ms-python.python-2020.10.332292344'
    at h.extractAtLocation (file:///nix/store/7jfcjadhpxkyh7nj42306a0qhiv4idc0-vscodium-1.54.3/lib/vscode/resources/app/out/vs/code/electron-browser/sharedProcess/sharedProcessMain.js:47:198804)
    at async h.extractUserExtension (file:///nix/store/7jfcjadhpxkyh7nj42306a0qhiv4idc0-vscodium-1.54.3/lib/vscode/resources/app/out/vs/code/electron-browser/sharedProcess/sharedProcessMain.js:47:196816)
    at async G.extractAndInstall (file:///nix/store/7jfcjadhpxkyh7nj42306a0qhiv4idc0-vscodium-1.54.3/lib/vscode/resources/app/out/vs/code/electron-browser/sharedProcess/sharedProcessMain.js:47:212904)
    at async G.doInstallFromGallery (file:///nix/store/7jfcjadhpxkyh7nj42306a0qhiv4idc0-vscodium-1.54.3/lib/vscode/resources/app/out/vs/code/electron-browser/sharedProcess/sharedProcessMain.js:47:209412)
[2021-03-26 04:13:30.005] [sharedprocess] [info] Installing extension: ms-python.python
[2021-03-26 04:13:30.022] [sharedprocess] [info] Downloaded extension: ms-python.python undefined
[2021-03-26 04:13:30.050] [sharedprocess] [error] Failed to install extension: ms-python.python ENOENT: no such file or directory, mkdir '/nix/store/6sf83hj9p3b109kbi3cpy7fwibqn1isp-vscode-extensions/share/vscode/extensions/.ms-python.python-2020.10.332292344'
[2021-03-26 04:13:30.050] [sharedprocess] [error] [uncaught exception in sharedProcess]: ENOENT: no such file or directory, mkdir '/nix/store/6sf83hj9p3b109kbi3cpy7fwibqn1isp-vscode-extensions/share/vscode/extensions/.ms-python.python-2020.10.332292344': extracting: ENOENT: no such file or directory, mkdir '/nix/store/6sf83hj9p3b109kbi3cpy7fwibqn1isp-vscode-extensions/share/vscode/extensions/.ms-python.python-2020.10.332292344'
    at h.extractAtLocation (file:///nix/store/7jfcjadhpxkyh7nj42306a0qhiv4idc0-vscodium-1.54.3/lib/vscode/resources/app/out/vs/code/electron-browser/sharedProcess/sharedProcessMain.js:47:198804)
    at async h.extractUserExtension (file:///nix/store/7jfcjadhpxkyh7nj42306a0qhiv4idc0-vscodium-1.54.3/lib/vscode/resources/app/out/vs/code/electron-browser/sharedProcess/sharedProcessMain.js:47:196816)
    at async G.extractAndInstall (file:///nix/store/7jfcjadhpxkyh7nj42306a0qhiv4idc0-vscodium-1.54.3/lib/vscode/resources/app/out/vs/code/electron-browser/sharedProcess/sharedProcessMain.js:47:212904)
    at async G.doInstallFromGallery (file:///nix/store/7jfcjadhpxkyh7nj42306a0qhiv4idc0-vscodium-1.54.3/lib/vscode/resources/app/out/vs/code/electron-browser/sharedProcess/sharedProcessMain.js:47:209412)
[2021-03-26 04:13:44.264] [sharedprocess] [info] Starting to clean up unused language packs.
[2021-03-26 04:13:46.093] [sharedprocess] [info] Installing extension: ms-python.python
[2021-03-26 04:13:46.102] [sharedprocess] [info] Downloaded extension: ms-python.python undefined
[2021-03-26 04:13:46.126] [sharedprocess] [error] Failed to install extension: ms-python.python ENOENT: no such file or directory, mkdir '/nix/store/6sf83hj9p3b109kbi3cpy7fwibqn1isp-vscode-extensions/share/vscode/extensions/.ms-python.python-2020.10.332292344'
[2021-03-26 04:13:46.127] [sharedprocess] [error] [uncaught exception in sharedProcess]: ENOENT: no such file or directory, mkdir '/nix/store/6sf83hj9p3b109kbi3cpy7fwibqn1isp-vscode-extensions/share/vscode/extensions/.ms-python.python-2020.10.332292344': extracting: ENOENT: no such file or directory, mkdir '/nix/store/6sf83hj9p3b109kbi3cpy7fwibqn1isp-vscode-extensions/share/vscode/extensions/.ms-python.python-2020.10.332292344'
    at h.extractAtLocation (file:///nix/store/7jfcjadhpxkyh7nj42306a0qhiv4idc0-vscodium-1.54.3/lib/vscode/resources/app/out/vs/code/electron-browser/sharedProcess/sharedProcessMain.js:47:198804)
    at async h.extractUserExtension (file:///nix/store/7jfcjadhpxkyh7nj42306a0qhiv4idc0-vscodium-1.54.3/lib/vscode/resources/app/out/vs/code/electron-browser/sharedProcess/sharedProcessMain.js:47:196816)
    at async G.extractAndInstall (file:///nix/store/7jfcjadhpxkyh7nj42306a0qhiv4idc0-vscodium-1.54.3/lib/vscode/resources/app/out/vs/code/electron-browser/sharedProcess/sharedProcessMain.js:47:212904)
    at async G.doInstallFromGallery (file:///nix/store/7jfcjadhpxkyh7nj42306a0qhiv4idc0-vscodium-1.54.3/lib/vscode/resources/app/out/vs/code/electron-browser/sharedProcess/sharedProcessMain.js:47:209412)
[2021-03-26 04:13:54.967] [sharedprocess] [info] Installing extension: ms-python.python
[2021-03-26 04:13:54.984] [sharedprocess] [info] Downloaded extension: ms-python.python undefined
[2021-03-26 04:13:55.041] [sharedprocess] [error] Failed to install extension: ms-python.python ENOENT: no such file or directory, mkdir '/nix/store/6sf83hj9p3b109kbi3cpy7fwibqn1isp-vscode-extensions/share/vscode/extensions/.ms-python.python-2020.10.332292344'
[2021-03-26 04:13:55.044] [sharedprocess] [error] [uncaught exception in sharedProcess]: ENOENT: no such file or directory, mkdir '/nix/store/6sf83hj9p3b109kbi3cpy7fwibqn1isp-vscode-extensions/share/vscode/extensions/.ms-python.python-2020.10.332292344': extracting: ENOENT: no such file or directory, mkdir '/nix/store/6sf83hj9p3b109kbi3cpy7fwibqn1isp-vscode-extensions/share/vscode/extensions/.ms-python.python-2020.10.332292344'
    at h.extractAtLocation (file:///nix/store/7jfcjadhpxkyh7nj42306a0qhiv4idc0-vscodium-1.54.3/lib/vscode/resources/app/out/vs/code/electron-browser/sharedProcess/sharedProcessMain.js:47:198804)
    at async h.extractUserExtension (file:///nix/store/7jfcjadhpxkyh7nj42306a0qhiv4idc0-vscodium-1.54.3/lib/vscode/resources/app/out/vs/code/electron-browser/sharedProcess/sharedProcessMain.js:47:196816)
    at async G.extractAndInstall (file:///nix/store/7jfcjadhpxkyh7nj42306a0qhiv4idc0-vscodium-1.54.3/lib/vscode/resources/app/out/vs/code/electron-browser/sharedProcess/sharedProcessMain.js:47:212904)
    at async G.doInstallFromGallery (file:///nix/store/7jfcjadhpxkyh7nj42306a0qhiv4idc0-vscodium-1.54.3/lib/vscode/resources/app/out/vs/code/electron-browser/sharedProcess/sharedProcessMain.js:47:209412)
[2021-03-26 04:13:56.066] [sharedprocess] [info] Installing extension: ms-python.python
[2021-03-26 04:13:56.079] [sharedprocess] [info] Downloaded extension: ms-python.python undefined
[2021-03-26 04:13:56.108] [sharedprocess] [error] Failed to install extension: ms-python.python ENOENT: no such file or directory, mkdir '/nix/store/6sf83hj9p3b109kbi3cpy7fwibqn1isp-vscode-extensions/share/vscode/extensions/.ms-python.python-2020.10.332292344'
[2021-03-26 04:13:56.109] [sharedprocess] [error] [uncaught exception in sharedProcess]: ENOENT: no such file or directory, mkdir '/nix/store/6sf83hj9p3b109kbi3cpy7fwibqn1isp-vscode-extensions/share/vscode/extensions/.ms-python.python-2020.10.332292344': extracting: ENOENT: no such file or directory, mkdir '/nix/store/6sf83hj9p3b109kbi3cpy7fwibqn1isp-vscode-extensions/share/vscode/extensions/.ms-python.python-2020.10.332292344'
    at h.extractAtLocation (file:///nix/store/7jfcjadhpxkyh7nj42306a0qhiv4idc0-vscodium-1.54.3/lib/vscode/resources/app/out/vs/code/electron-browser/sharedProcess/sharedProcessMain.js:47:198804)
    at async h.extractUserExtension (file:///nix/store/7jfcjadhpxkyh7nj42306a0qhiv4idc0-vscodium-1.54.3/lib/vscode/resources/app/out/vs/code/electron-browser/sharedProcess/sharedProcessMain.js:47:196816)
    at async G.extractAndInstall (file:///nix/store/7jfcjadhpxkyh7nj42306a0qhiv4idc0-vscodium-1.54.3/lib/vscode/resources/app/out/vs/code/electron-browser/sharedProcess/sharedProcessMain.js:47:212904)
    at async G.doInstallFromGallery (file:///nix/store/7jfcjadhpxkyh7nj42306a0qhiv4idc0-vscodium-1.54.3/lib/vscode/resources/app/out/vs/code/electron-browser/sharedProcess/sharedProcessMain.js:47:209412)
