[2021-03-25 04:09:06.140] [exthost] [info] extension host started
[2021-03-25 04:09:06.223] [exthost] [info] ExtensionService#_doActivateExtension vscode.microsoft-authentication {"startup":false,"extensionId":{"value":"vscode.microsoft-authentication","_lower":"vscode.microsoft-authentication"},"activationEvent":"onAuthenticationRequest:microsoft"}
[2021-03-25 04:09:06.223] [exthost] [info] ExtensionService#loadCommonJSModule file:///nix/store/c1g6qglnvs7dik66fg95bapidn1jhmgj-vscode-1.54.2/lib/vscode/resources/app/extensions/microsoft-authentication/dist/extension.js
[2021-03-25 04:09:06.255] [exthost] [info] ExtensionService#_doActivateExtension vscode.debug-auto-launch {"startup":true,"extensionId":{"value":"vscode.debug-auto-launch","_lower":"vscode.debug-auto-launch"},"activationEvent":"*"}
[2021-03-25 04:09:06.256] [exthost] [info] ExtensionService#loadCommonJSModule file:///nix/store/c1g6qglnvs7dik66fg95bapidn1jhmgj-vscode-1.54.2/lib/vscode/resources/app/extensions/debug-auto-launch/dist/extension
[2021-03-25 04:09:06.264] [exthost] [info] ExtensionService#_doActivateExtension vscode.git {"startup":true,"extensionId":{"value":"vscode.github","_lower":"vscode.github"},"activationEvent":"*"}
[2021-03-25 04:09:06.265] [exthost] [info] ExtensionService#loadCommonJSModule file:///nix/store/c1g6qglnvs7dik66fg95bapidn1jhmgj-vscode-1.54.2/lib/vscode/resources/app/extensions/git/dist/main
[2021-03-25 04:09:06.952] [exthost] [info] ExtensionService#_doActivateExtension vscode.github {"startup":true,"extensionId":{"value":"vscode.github","_lower":"vscode.github"},"activationEvent":"*"}
[2021-03-25 04:09:06.952] [exthost] [info] ExtensionService#loadCommonJSModule file:///nix/store/c1g6qglnvs7dik66fg95bapidn1jhmgj-vscode-1.54.2/lib/vscode/resources/app/extensions/github/dist/extension.js
[2021-03-25 04:09:06.966] [exthost] [info] eager extensions activated
[2021-03-25 04:09:06.970] [exthost] [info] ExtensionService#_doActivateExtension ms-vscode.js-debug {"startup":false,"extensionId":{"value":"ms-vscode.js-debug","_lower":"ms-vscode.js-debug"},"activationEvent":"onCommand:extension.js-debug.clearAutoAttachVariables"}
[2021-03-25 04:09:06.970] [exthost] [info] ExtensionService#loadCommonJSModule file:///nix/store/c1g6qglnvs7dik66fg95bapidn1jhmgj-vscode-1.54.2/lib/vscode/resources/app/extensions/ms-vscode.js-debug/src/extension.js
[2021-03-25 04:09:07.203] [exthost] [info] ExtensionService#_doActivateExtension vscode.emmet {"startup":false,"extensionId":{"value":"vscode.emmet","_lower":"vscode.emmet"},"activationEvent":"onStartupFinished"}
[2021-03-25 04:09:07.204] [exthost] [info] ExtensionService#loadCommonJSModule file:///nix/store/c1g6qglnvs7dik66fg95bapidn1jhmgj-vscode-1.54.2/lib/vscode/resources/app/extensions/emmet/dist/node/emmetNodeMain
[2021-03-25 04:09:07.229] [exthost] [info] ExtensionService#_doActivateExtension vscode.merge-conflict {"startup":false,"extensionId":{"value":"vscode.merge-conflict","_lower":"vscode.merge-conflict"},"activationEvent":"onStartupFinished"}
[2021-03-25 04:09:07.229] [exthost] [info] ExtensionService#loadCommonJSModule file:///nix/store/c1g6qglnvs7dik66fg95bapidn1jhmgj-vscode-1.54.2/lib/vscode/resources/app/extensions/merge-conflict/dist/mergeConflictMain
[2021-03-25 04:09:07.244] [exthost] [info] ExtensionService#_doActivateExtension vscode.testing-editor-contributions {"startup":false,"extensionId":{"value":"vscode.testing-editor-contributions","_lower":"vscode.testing-editor-contributions"},"activationEvent":"onStartupFinished"}
[2021-03-25 04:09:07.245] [exthost] [info] ExtensionService#loadCommonJSModule file:///nix/store/c1g6qglnvs7dik66fg95bapidn1jhmgj-vscode-1.54.2/lib/vscode/resources/app/extensions/testing-editor-contributions/dist/extension.js
[2021-03-25 04:09:07.369] [exthost] [info] ExtensionService#_doActivateExtension vscode.github-authentication {"startup":false,"extensionId":{"value":"vscode.github-authentication","_lower":"vscode.github-authentication"},"activationEvent":"onAuthenticationRequest:github"}
[2021-03-25 04:09:07.369] [exthost] [info] ExtensionService#loadCommonJSModule file:///nix/store/c1g6qglnvs7dik66fg95bapidn1jhmgj-vscode-1.54.2/lib/vscode/resources/app/extensions/github-authentication/dist/extension.js
[2021-03-25 04:09:27.549] [exthost] [info] extension host terminating: received terminate message from renderer
[2021-03-25 04:09:28.554] [exthost] [info] exiting with code 0
[2021-03-25 04:09:28.654] [exthost] [info] extension host started
[2021-03-25 04:09:28.671] [exthost] [info] ExtensionService#_doActivateExtension vscode.microsoft-authentication {"startup":false,"extensionId":{"value":"vscode.microsoft-authentication","_lower":"vscode.microsoft-authentication"},"activationEvent":"onAuthenticationRequest:microsoft"}
[2021-03-25 04:09:28.671] [exthost] [info] ExtensionService#loadCommonJSModule file:///nix/store/c1g6qglnvs7dik66fg95bapidn1jhmgj-vscode-1.54.2/lib/vscode/resources/app/extensions/microsoft-authentication/dist/extension.js
[2021-03-25 04:09:28.678] [exthost] [info] ExtensionService#_doActivateExtension vscode.debug-auto-launch {"startup":true,"extensionId":{"value":"vscode.debug-auto-launch","_lower":"vscode.debug-auto-launch"},"activationEvent":"*"}
[2021-03-25 04:09:28.678] [exthost] [info] ExtensionService#loadCommonJSModule file:///nix/store/c1g6qglnvs7dik66fg95bapidn1jhmgj-vscode-1.54.2/lib/vscode/resources/app/extensions/debug-auto-launch/dist/extension
[2021-03-25 04:09:28.680] [exthost] [info] ExtensionService#_doActivateExtension vscode.git {"startup":true,"extensionId":{"value":"vscode.github","_lower":"vscode.github"},"activationEvent":"*"}
[2021-03-25 04:09:28.680] [exthost] [info] ExtensionService#loadCommonJSModule file:///nix/store/c1g6qglnvs7dik66fg95bapidn1jhmgj-vscode-1.54.2/lib/vscode/resources/app/extensions/git/dist/main
[2021-03-25 04:09:28.748] [exthost] [info] ExtensionService#_doActivateExtension vscode.github {"startup":true,"extensionId":{"value":"vscode.github","_lower":"vscode.github"},"activationEvent":"*"}
[2021-03-25 04:09:28.748] [exthost] [info] ExtensionService#loadCommonJSModule file:///nix/store/c1g6qglnvs7dik66fg95bapidn1jhmgj-vscode-1.54.2/lib/vscode/resources/app/extensions/github/dist/extension.js
[2021-03-25 04:09:28.755] [exthost] [info] ExtensionService#_doActivateExtension ms-vscode.js-debug {"startup":false,"extensionId":{"value":"ms-vscode.js-debug","_lower":"ms-vscode.js-debug"},"activationEvent":"onCommand:extension.js-debug.clearAutoAttachVariables"}
[2021-03-25 04:09:28.756] [exthost] [info] ExtensionService#loadCommonJSModule file:///nix/store/c1g6qglnvs7dik66fg95bapidn1jhmgj-vscode-1.54.2/lib/vscode/resources/app/extensions/ms-vscode.js-debug/src/extension.js
[2021-03-25 04:09:28.815] [exthost] [info] eager extensions activated
[2021-03-25 04:09:28.831] [exthost] [info] ExtensionService#_doActivateExtension vscode.emmet {"startup":false,"extensionId":{"value":"vscode.emmet","_lower":"vscode.emmet"},"activationEvent":"onStartupFinished"}
[2021-03-25 04:09:28.831] [exthost] [info] ExtensionService#loadCommonJSModule file:///nix/store/c1g6qglnvs7dik66fg95bapidn1jhmgj-vscode-1.54.2/lib/vscode/resources/app/extensions/emmet/dist/node/emmetNodeMain
[2021-03-25 04:09:28.834] [exthost] [info] ExtensionService#_doActivateExtension vscode.merge-conflict {"startup":false,"extensionId":{"value":"vscode.merge-conflict","_lower":"vscode.merge-conflict"},"activationEvent":"onStartupFinished"}
[2021-03-25 04:09:28.834] [exthost] [info] ExtensionService#loadCommonJSModule file:///nix/store/c1g6qglnvs7dik66fg95bapidn1jhmgj-vscode-1.54.2/lib/vscode/resources/app/extensions/merge-conflict/dist/mergeConflictMain
[2021-03-25 04:09:28.835] [exthost] [info] ExtensionService#_doActivateExtension vscode.testing-editor-contributions {"startup":false,"extensionId":{"value":"vscode.testing-editor-contributions","_lower":"vscode.testing-editor-contributions"},"activationEvent":"onStartupFinished"}
[2021-03-25 04:09:28.835] [exthost] [info] ExtensionService#loadCommonJSModule file:///nix/store/c1g6qglnvs7dik66fg95bapidn1jhmgj-vscode-1.54.2/lib/vscode/resources/app/extensions/testing-editor-contributions/dist/extension.js
[2021-03-25 04:09:28.837] [exthost] [info] ExtensionService#_doActivateExtension vscode.github-authentication {"startup":false,"extensionId":{"value":"vscode.github-authentication","_lower":"vscode.github-authentication"},"activationEvent":"onAuthenticationRequest:github"}
[2021-03-25 04:09:28.837] [exthost] [info] ExtensionService#loadCommonJSModule file:///nix/store/c1g6qglnvs7dik66fg95bapidn1jhmgj-vscode-1.54.2/lib/vscode/resources/app/extensions/github-authentication/dist/extension.js
[2021-03-25 04:09:31.528] [exthost] [info] ExtensionService#_doActivateExtension ms-toolsai.jupyter {"startup":false,"extensionId":{"value":"ms-toolsai.jupyter","_lower":"ms-toolsai.jupyter"},"activationEvent":"onLanguage:python"}
[2021-03-25 04:09:31.528] [exthost] [info] ExtensionService#loadCommonJSModule file:///home/jasonk/.vscode/extensions/ms-toolsai.jupyter-2021.3.684299474/out/client/extension
[2021-03-25 04:09:32.013] [exthost] [info] ExtensionService#_doActivateExtension ms-python.python {"startup":false,"extensionId":{"value":"ms-python.python","_lower":"ms-python.python"},"activationEvent":"onLanguage:python"}
[2021-03-25 04:09:32.013] [exthost] [info] ExtensionService#loadCommonJSModule file:///home/jasonk/.vscode/extensions/ms-python.python-2021.3.680753044/out/client/extension
[2021-03-25 04:39:53.287] [exthost] [info] ExtensionService#_doActivateExtension vscode.html-language-features {"startup":false,"extensionId":{"value":"vscode.html-language-features","_lower":"vscode.html-language-features"},"activationEvent":"onLanguage:html"}
[2021-03-25 04:39:53.287] [exthost] [info] ExtensionService#loadCommonJSModule file:///nix/store/c1g6qglnvs7dik66fg95bapidn1jhmgj-vscode-1.54.2/lib/vscode/resources/app/extensions/html-language-features/client/dist/node/htmlClientMain
[2021-03-25 07:00:50.212] [exthost] [info] extension host terminating: parent process 4426 does not exist anymore: kill ESRCH (code: ESRCH) (errno: ESRCH)
[2021-03-25 07:00:51.064] [exthost] [info] extension host started
[2021-03-25 07:00:51.147] [exthost] [info] ExtensionService#_doActivateExtension vscode.microsoft-authentication {"startup":false,"extensionId":{"value":"vscode.microsoft-authentication","_lower":"vscode.microsoft-authentication"},"activationEvent":"onAuthenticationRequest:microsoft"}
[2021-03-25 07:00:51.148] [exthost] [info] ExtensionService#loadCommonJSModule file:///nix/store/c1g6qglnvs7dik66fg95bapidn1jhmgj-vscode-1.54.2/lib/vscode/resources/app/extensions/microsoft-authentication/dist/extension.js
[2021-03-25 07:00:51.155] [exthost] [info] ExtensionService#_doActivateExtension ms-toolsai.jupyter {"startup":false,"extensionId":{"value":"ms-toolsai.jupyter","_lower":"ms-toolsai.jupyter"},"activationEvent":"onLanguage:python"}
[2021-03-25 07:00:51.155] [exthost] [info] ExtensionService#loadCommonJSModule file:///home/jasonk/.vscode/extensions/ms-toolsai.jupyter-2021.3.684299474/out/client/extension
[2021-03-25 07:00:51.247] [exthost] [info] ExtensionService#_doActivateExtension vscode.debug-auto-launch {"startup":true,"extensionId":{"value":"vscode.debug-auto-launch","_lower":"vscode.debug-auto-launch"},"activationEvent":"*"}
[2021-03-25 07:00:51.247] [exthost] [info] ExtensionService#loadCommonJSModule file:///nix/store/c1g6qglnvs7dik66fg95bapidn1jhmgj-vscode-1.54.2/lib/vscode/resources/app/extensions/debug-auto-launch/dist/extension
[2021-03-25 07:00:51.249] [exthost] [info] ExtensionService#_doActivateExtension vscode.git {"startup":true,"extensionId":{"value":"vscode.github","_lower":"vscode.github"},"activationEvent":"*"}
[2021-03-25 07:00:51.249] [exthost] [info] ExtensionService#loadCommonJSModule file:///nix/store/c1g6qglnvs7dik66fg95bapidn1jhmgj-vscode-1.54.2/lib/vscode/resources/app/extensions/git/dist/main
[2021-03-25 07:00:51.272] [exthost] [info] exiting with code 0
[2021-03-25 07:00:51.423] [exthost] [info] ExtensionService#_doActivateExtension vscode.github {"startup":true,"extensionId":{"value":"vscode.github","_lower":"vscode.github"},"activationEvent":"*"}
[2021-03-25 07:00:51.423] [exthost] [info] ExtensionService#loadCommonJSModule file:///nix/store/c1g6qglnvs7dik66fg95bapidn1jhmgj-vscode-1.54.2/lib/vscode/resources/app/extensions/github/dist/extension.js
[2021-03-25 07:00:51.452] [exthost] [info] ExtensionService#_doActivateExtension ms-vscode.js-debug {"startup":false,"extensionId":{"value":"ms-vscode.js-debug","_lower":"ms-vscode.js-debug"},"activationEvent":"onCommand:extension.js-debug.clearAutoAttachVariables"}
[2021-03-25 07:00:51.452] [exthost] [info] ExtensionService#loadCommonJSModule file:///nix/store/c1g6qglnvs7dik66fg95bapidn1jhmgj-vscode-1.54.2/lib/vscode/resources/app/extensions/ms-vscode.js-debug/src/extension.js
[2021-03-25 07:00:51.498] [exthost] [info] eager extensions activated
[2021-03-25 07:00:51.501] [exthost] [info] ExtensionService#_doActivateExtension ms-python.python {"startup":false,"extensionId":{"value":"ms-python.python","_lower":"ms-python.python"},"activationEvent":"onLanguage:python"}
[2021-03-25 07:00:51.501] [exthost] [info] ExtensionService#loadCommonJSModule file:///home/jasonk/.vscode/extensions/ms-python.python-2021.3.680753044/out/client/extension
[2021-03-25 07:00:51.588] [exthost] [info] ExtensionService#_doActivateExtension vscode.emmet {"startup":false,"extensionId":{"value":"vscode.emmet","_lower":"vscode.emmet"},"activationEvent":"onStartupFinished"}
[2021-03-25 07:00:51.588] [exthost] [info] ExtensionService#loadCommonJSModule file:///nix/store/c1g6qglnvs7dik66fg95bapidn1jhmgj-vscode-1.54.2/lib/vscode/resources/app/extensions/emmet/dist/node/emmetNodeMain
[2021-03-25 07:00:51.593] [exthost] [info] ExtensionService#_doActivateExtension vscode.merge-conflict {"startup":false,"extensionId":{"value":"vscode.merge-conflict","_lower":"vscode.merge-conflict"},"activationEvent":"onStartupFinished"}
[2021-03-25 07:00:51.593] [exthost] [info] ExtensionService#loadCommonJSModule file:///nix/store/c1g6qglnvs7dik66fg95bapidn1jhmgj-vscode-1.54.2/lib/vscode/resources/app/extensions/merge-conflict/dist/mergeConflictMain
[2021-03-25 07:00:51.594] [exthost] [info] ExtensionService#_doActivateExtension vscode.testing-editor-contributions {"startup":false,"extensionId":{"value":"vscode.testing-editor-contributions","_lower":"vscode.testing-editor-contributions"},"activationEvent":"onStartupFinished"}
[2021-03-25 07:00:51.594] [exthost] [info] ExtensionService#loadCommonJSModule file:///nix/store/c1g6qglnvs7dik66fg95bapidn1jhmgj-vscode-1.54.2/lib/vscode/resources/app/extensions/testing-editor-contributions/dist/extension.js
[2021-03-25 07:00:51.644] [exthost] [info] ExtensionService#_doActivateExtension vscode.github-authentication {"startup":false,"extensionId":{"value":"vscode.github-authentication","_lower":"vscode.github-authentication"},"activationEvent":"onAuthenticationRequest:github"}
[2021-03-25 07:00:51.644] [exthost] [info] ExtensionService#loadCommonJSModule file:///nix/store/c1g6qglnvs7dik66fg95bapidn1jhmgj-vscode-1.54.2/lib/vscode/resources/app/extensions/github-authentication/dist/extension.js
[2021-03-25 07:02:19.109] [exthost] [info] extension host terminating: parent process 19911 does not exist anymore: kill ESRCH (code: ESRCH) (errno: ESRCH)
[2021-03-25 07:02:20.174] [exthost] [info] exiting with code 0
