[2021-03-25 07:02:51.140] [exthost] [info] extension host started
[2021-03-25 07:02:51.404] [exthost] [info] ExtensionService#_doActivateExtension vscode.microsoft-authentication {"startup":false,"extensionId":{"value":"vscode.microsoft-authentication","_lower":"vscode.microsoft-authentication"},"activationEvent":"onAuthenticationRequest:microsoft"}
[2021-03-25 07:02:51.405] [exthost] [info] ExtensionService#loadCommonJSModule file:///nix/store/c1g6qglnvs7dik66fg95bapidn1jhmgj-vscode-1.54.2/lib/vscode/resources/app/extensions/microsoft-authentication/dist/extension.js
[2021-03-25 07:02:51.431] [exthost] [info] ExtensionService#_doActivateExtension ms-toolsai.jupyter {"startup":false,"extensionId":{"value":"ms-toolsai.jupyter","_lower":"ms-toolsai.jupyter"},"activationEvent":"onLanguage:python"}
[2021-03-25 07:02:51.432] [exthost] [info] ExtensionService#loadCommonJSModule file:///home/jasonk/.vscode/extensions/ms-toolsai.jupyter-2021.3.684299474/out/client/extension
[2021-03-25 07:02:51.697] [exthost] [info] ExtensionService#_doActivateExtension vscode.debug-auto-launch {"startup":true,"extensionId":{"value":"vscode.debug-auto-launch","_lower":"vscode.debug-auto-launch"},"activationEvent":"*"}
[2021-03-25 07:02:51.697] [exthost] [info] ExtensionService#loadCommonJSModule file:///nix/store/c1g6qglnvs7dik66fg95bapidn1jhmgj-vscode-1.54.2/lib/vscode/resources/app/extensions/debug-auto-launch/dist/extension
[2021-03-25 07:02:51.709] [exthost] [info] ExtensionService#_doActivateExtension vscode.git {"startup":true,"extensionId":{"value":"vscode.github","_lower":"vscode.github"},"activationEvent":"*"}
[2021-03-25 07:02:51.709] [exthost] [info] ExtensionService#loadCommonJSModule file:///nix/store/c1g6qglnvs7dik66fg95bapidn1jhmgj-vscode-1.54.2/lib/vscode/resources/app/extensions/git/dist/main
[2021-03-25 07:02:52.302] [exthost] [info] ExtensionService#_doActivateExtension vscode.github {"startup":true,"extensionId":{"value":"vscode.github","_lower":"vscode.github"},"activationEvent":"*"}
[2021-03-25 07:02:52.302] [exthost] [info] ExtensionService#loadCommonJSModule file:///nix/store/c1g6qglnvs7dik66fg95bapidn1jhmgj-vscode-1.54.2/lib/vscode/resources/app/extensions/github/dist/extension.js
[2021-03-25 07:02:52.904] [exthost] [info] eager extensions activated
[2021-03-25 07:02:52.974] [exthost] [info] ExtensionService#_doActivateExtension ms-vscode.js-debug {"startup":false,"extensionId":{"value":"ms-vscode.js-debug","_lower":"ms-vscode.js-debug"},"activationEvent":"onCommand:extension.js-debug.clearAutoAttachVariables"}
[2021-03-25 07:02:52.974] [exthost] [info] ExtensionService#loadCommonJSModule file:///nix/store/c1g6qglnvs7dik66fg95bapidn1jhmgj-vscode-1.54.2/lib/vscode/resources/app/extensions/ms-vscode.js-debug/src/extension.js
[2021-03-25 07:02:53.077] [exthost] [info] ExtensionService#_doActivateExtension vscode.emmet {"startup":false,"extensionId":{"value":"vscode.emmet","_lower":"vscode.emmet"},"activationEvent":"onStartupFinished"}
[2021-03-25 07:02:53.077] [exthost] [info] ExtensionService#loadCommonJSModule file:///nix/store/c1g6qglnvs7dik66fg95bapidn1jhmgj-vscode-1.54.2/lib/vscode/resources/app/extensions/emmet/dist/node/emmetNodeMain
[2021-03-25 07:02:53.084] [exthost] [info] ExtensionService#_doActivateExtension vscode.merge-conflict {"startup":false,"extensionId":{"value":"vscode.merge-conflict","_lower":"vscode.merge-conflict"},"activationEvent":"onStartupFinished"}
[2021-03-25 07:02:53.084] [exthost] [info] ExtensionService#loadCommonJSModule file:///nix/store/c1g6qglnvs7dik66fg95bapidn1jhmgj-vscode-1.54.2/lib/vscode/resources/app/extensions/merge-conflict/dist/mergeConflictMain
[2021-03-25 07:02:53.087] [exthost] [info] ExtensionService#_doActivateExtension vscode.testing-editor-contributions {"startup":false,"extensionId":{"value":"vscode.testing-editor-contributions","_lower":"vscode.testing-editor-contributions"},"activationEvent":"onStartupFinished"}
[2021-03-25 07:02:53.088] [exthost] [info] ExtensionService#loadCommonJSModule file:///nix/store/c1g6qglnvs7dik66fg95bapidn1jhmgj-vscode-1.54.2/lib/vscode/resources/app/extensions/testing-editor-contributions/dist/extension.js
[2021-03-25 07:02:53.189] [exthost] [info] ExtensionService#_doActivateExtension ms-python.python {"startup":false,"extensionId":{"value":"ms-python.python","_lower":"ms-python.python"},"activationEvent":"onLanguage:python"}
[2021-03-25 07:02:53.189] [exthost] [info] ExtensionService#loadCommonJSModule file:///home/jasonk/.vscode/extensions/ms-python.python-2021.3.680753044/out/client/extension
[2021-03-25 07:02:53.320] [exthost] [info] ExtensionService#_doActivateExtension vscode.github-authentication {"startup":false,"extensionId":{"value":"vscode.github-authentication","_lower":"vscode.github-authentication"},"activationEvent":"onAuthenticationRequest:github"}
[2021-03-25 07:02:53.320] [exthost] [info] ExtensionService#loadCommonJSModule file:///nix/store/c1g6qglnvs7dik66fg95bapidn1jhmgj-vscode-1.54.2/lib/vscode/resources/app/extensions/github-authentication/dist/extension.js
[2021-03-25 07:32:27.645] [exthost] [info] ExtensionService#_doActivateExtension vscode.configuration-editing {"startup":false,"extensionId":{"value":"vscode.configuration-editing","_lower":"vscode.configuration-editing"},"activationEvent":"onLanguage:jsonc"}
[2021-03-25 07:32:27.645] [exthost] [info] ExtensionService#loadCommonJSModule file:///nix/store/c1g6qglnvs7dik66fg95bapidn1jhmgj-vscode-1.54.2/lib/vscode/resources/app/extensions/configuration-editing/dist/configurationEditingMain
[2021-03-25 07:32:27.670] [exthost] [info] ExtensionService#_doActivateExtension vscode.json-language-features {"startup":false,"extensionId":{"value":"vscode.json-language-features","_lower":"vscode.json-language-features"},"activationEvent":"onLanguage:jsonc"}
[2021-03-25 07:32:27.670] [exthost] [info] ExtensionService#loadCommonJSModule file:///nix/store/c1g6qglnvs7dik66fg95bapidn1jhmgj-vscode-1.54.2/lib/vscode/resources/app/extensions/json-language-features/client/dist/node/jsonClientMain
[2021-03-25 07:32:27.685] [exthost] [info] ExtensionService#_doActivateExtension vscode.typescript-language-features {"startup":false,"extensionId":{"value":"vscode.typescript-language-features","_lower":"vscode.typescript-language-features"},"activationEvent":"onLanguage:jsonc"}
[2021-03-25 07:32:27.686] [exthost] [info] ExtensionService#loadCommonJSModule file:///nix/store/c1g6qglnvs7dik66fg95bapidn1jhmgj-vscode-1.54.2/lib/vscode/resources/app/extensions/typescript-language-features/dist/extension
[2021-03-25 08:37:59.212] [exthost] [info] extension host terminating: parent process 20280 does not exist anymore: kill ESRCH (code: ESRCH) (errno: ESRCH)
[2021-03-25 08:37:59.549] [exthost] [info] extension host started
[2021-03-25 08:37:59.627] [exthost] [info] ExtensionService#_doActivateExtension vscode.microsoft-authentication {"startup":false,"extensionId":{"value":"vscode.microsoft-authentication","_lower":"vscode.microsoft-authentication"},"activationEvent":"onAuthenticationRequest:microsoft"}
[2021-03-25 08:37:59.627] [exthost] [info] ExtensionService#loadCommonJSModule file:///nix/store/c1g6qglnvs7dik66fg95bapidn1jhmgj-vscode-1.54.2/lib/vscode/resources/app/extensions/microsoft-authentication/dist/extension.js
[2021-03-25 08:37:59.632] [exthost] [info] ExtensionService#_doActivateExtension ms-toolsai.jupyter {"startup":false,"extensionId":{"value":"ms-toolsai.jupyter","_lower":"ms-toolsai.jupyter"},"activationEvent":"onLanguage:python"}
[2021-03-25 08:37:59.632] [exthost] [info] ExtensionService#loadCommonJSModule file:///home/jasonk/.vscode/extensions/ms-toolsai.jupyter-2021.3.684299474/out/client/extension
[2021-03-25 08:37:59.709] [exthost] [info] ExtensionService#_doActivateExtension vscode.debug-auto-launch {"startup":true,"extensionId":{"value":"vscode.debug-auto-launch","_lower":"vscode.debug-auto-launch"},"activationEvent":"*"}
[2021-03-25 08:37:59.709] [exthost] [info] ExtensionService#loadCommonJSModule file:///nix/store/c1g6qglnvs7dik66fg95bapidn1jhmgj-vscode-1.54.2/lib/vscode/resources/app/extensions/debug-auto-launch/dist/extension
[2021-03-25 08:37:59.713] [exthost] [info] ExtensionService#_doActivateExtension vscode.git {"startup":true,"extensionId":{"value":"vscode.github","_lower":"vscode.github"},"activationEvent":"*"}
[2021-03-25 08:37:59.713] [exthost] [info] ExtensionService#loadCommonJSModule file:///nix/store/c1g6qglnvs7dik66fg95bapidn1jhmgj-vscode-1.54.2/lib/vscode/resources/app/extensions/git/dist/main
[2021-03-25 08:37:59.910] [exthost] [info] ExtensionService#_doActivateExtension vscode.github {"startup":true,"extensionId":{"value":"vscode.github","_lower":"vscode.github"},"activationEvent":"*"}
[2021-03-25 08:37:59.910] [exthost] [info] ExtensionService#loadCommonJSModule file:///nix/store/c1g6qglnvs7dik66fg95bapidn1jhmgj-vscode-1.54.2/lib/vscode/resources/app/extensions/github/dist/extension.js
[2021-03-25 08:37:59.913] [exthost] [info] ExtensionService#_doActivateExtension ms-vscode.js-debug {"startup":false,"extensionId":{"value":"ms-vscode.js-debug","_lower":"ms-vscode.js-debug"},"activationEvent":"onCommand:extension.js-debug.clearAutoAttachVariables"}
[2021-03-25 08:37:59.913] [exthost] [info] ExtensionService#loadCommonJSModule file:///nix/store/c1g6qglnvs7dik66fg95bapidn1jhmgj-vscode-1.54.2/lib/vscode/resources/app/extensions/ms-vscode.js-debug/src/extension.js
[2021-03-25 08:37:59.964] [exthost] [info] ExtensionService#_doActivateExtension ms-python.python {"startup":false,"extensionId":{"value":"ms-python.python","_lower":"ms-python.python"},"activationEvent":"onLanguage:python"}
[2021-03-25 08:37:59.964] [exthost] [info] ExtensionService#loadCommonJSModule file:///home/jasonk/.vscode/extensions/ms-python.python-2021.3.680753044/out/client/extension
[2021-03-25 08:38:00.051] [exthost] [info] eager extensions activated
[2021-03-25 08:38:00.068] [exthost] [info] ExtensionService#_doActivateExtension vscode.github-authentication {"startup":false,"extensionId":{"value":"vscode.github-authentication","_lower":"vscode.github-authentication"},"activationEvent":"onAuthenticationRequest:github"}
[2021-03-25 08:38:00.068] [exthost] [info] ExtensionService#loadCommonJSModule file:///nix/store/c1g6qglnvs7dik66fg95bapidn1jhmgj-vscode-1.54.2/lib/vscode/resources/app/extensions/github-authentication/dist/extension.js
[2021-03-25 08:38:00.072] [exthost] [info] ExtensionService#_doActivateExtension vscode.emmet {"startup":false,"extensionId":{"value":"vscode.emmet","_lower":"vscode.emmet"},"activationEvent":"onStartupFinished"}
[2021-03-25 08:38:00.072] [exthost] [info] ExtensionService#loadCommonJSModule file:///nix/store/c1g6qglnvs7dik66fg95bapidn1jhmgj-vscode-1.54.2/lib/vscode/resources/app/extensions/emmet/dist/node/emmetNodeMain
[2021-03-25 08:38:00.076] [exthost] [info] ExtensionService#_doActivateExtension vscode.merge-conflict {"startup":false,"extensionId":{"value":"vscode.merge-conflict","_lower":"vscode.merge-conflict"},"activationEvent":"onStartupFinished"}
[2021-03-25 08:38:00.076] [exthost] [info] ExtensionService#loadCommonJSModule file:///nix/store/c1g6qglnvs7dik66fg95bapidn1jhmgj-vscode-1.54.2/lib/vscode/resources/app/extensions/merge-conflict/dist/mergeConflictMain
[2021-03-25 08:38:00.078] [exthost] [info] ExtensionService#_doActivateExtension vscode.testing-editor-contributions {"startup":false,"extensionId":{"value":"vscode.testing-editor-contributions","_lower":"vscode.testing-editor-contributions"},"activationEvent":"onStartupFinished"}
[2021-03-25 08:38:00.078] [exthost] [info] ExtensionService#loadCommonJSModule file:///nix/store/c1g6qglnvs7dik66fg95bapidn1jhmgj-vscode-1.54.2/lib/vscode/resources/app/extensions/testing-editor-contributions/dist/extension.js
[2021-03-25 08:38:00.243] [exthost] [info] exiting with code 0
[2021-03-25 08:40:45.663] [exthost] [info] extension host terminating: parent process 24128 does not exist anymore: kill ESRCH (code: ESRCH) (errno: ESRCH)
[2021-03-25 08:40:45.872] [exthost] [info] extension host started
[2021-03-25 08:40:45.928] [exthost] [info] ExtensionService#_doActivateExtension vscode.microsoft-authentication {"startup":false,"extensionId":{"value":"vscode.microsoft-authentication","_lower":"vscode.microsoft-authentication"},"activationEvent":"onAuthenticationRequest:microsoft"}
[2021-03-25 08:40:45.928] [exthost] [info] ExtensionService#loadCommonJSModule file:///nix/store/c1g6qglnvs7dik66fg95bapidn1jhmgj-vscode-1.54.2/lib/vscode/resources/app/extensions/microsoft-authentication/dist/extension.js
[2021-03-25 08:40:45.939] [exthost] [info] ExtensionService#_doActivateExtension ms-toolsai.jupyter {"startup":false,"extensionId":{"value":"ms-toolsai.jupyter","_lower":"ms-toolsai.jupyter"},"activationEvent":"onLanguage:python"}
[2021-03-25 08:40:45.939] [exthost] [info] ExtensionService#loadCommonJSModule file:///home/jasonk/.vscode/extensions/ms-toolsai.jupyter-2021.3.684299474/out/client/extension
[2021-03-25 08:40:46.051] [exthost] [info] ExtensionService#_doActivateExtension vscode.debug-auto-launch {"startup":true,"extensionId":{"value":"vscode.debug-auto-launch","_lower":"vscode.debug-auto-launch"},"activationEvent":"*"}
[2021-03-25 08:40:46.051] [exthost] [info] ExtensionService#loadCommonJSModule file:///nix/store/c1g6qglnvs7dik66fg95bapidn1jhmgj-vscode-1.54.2/lib/vscode/resources/app/extensions/debug-auto-launch/dist/extension
[2021-03-25 08:40:46.054] [exthost] [info] ExtensionService#_doActivateExtension vscode.git {"startup":true,"extensionId":{"value":"vscode.github","_lower":"vscode.github"},"activationEvent":"*"}
[2021-03-25 08:40:46.054] [exthost] [info] ExtensionService#loadCommonJSModule file:///nix/store/c1g6qglnvs7dik66fg95bapidn1jhmgj-vscode-1.54.2/lib/vscode/resources/app/extensions/git/dist/main
[2021-03-25 08:40:46.544] [exthost] [info] ExtensionService#_doActivateExtension vscode.github {"startup":true,"extensionId":{"value":"vscode.github","_lower":"vscode.github"},"activationEvent":"*"}
[2021-03-25 08:40:46.544] [exthost] [info] ExtensionService#loadCommonJSModule file:///nix/store/c1g6qglnvs7dik66fg95bapidn1jhmgj-vscode-1.54.2/lib/vscode/resources/app/extensions/github/dist/extension.js
[2021-03-25 08:40:46.678] [exthost] [info] exiting with code 0
[2021-03-25 08:40:46.687] [exthost] [info] ExtensionService#_doActivateExtension ms-vscode.js-debug {"startup":false,"extensionId":{"value":"ms-vscode.js-debug","_lower":"ms-vscode.js-debug"},"activationEvent":"onCommand:extension.js-debug.clearAutoAttachVariables"}
[2021-03-25 08:40:46.688] [exthost] [info] ExtensionService#loadCommonJSModule file:///nix/store/c1g6qglnvs7dik66fg95bapidn1jhmgj-vscode-1.54.2/lib/vscode/resources/app/extensions/ms-vscode.js-debug/src/extension.js
[2021-03-25 08:40:46.744] [exthost] [info] ExtensionService#_doActivateExtension ms-python.python {"startup":false,"extensionId":{"value":"ms-python.python","_lower":"ms-python.python"},"activationEvent":"onLanguage:python"}
[2021-03-25 08:40:46.744] [exthost] [info] ExtensionService#loadCommonJSModule file:///home/jasonk/.vscode/extensions/ms-python.python-2021.3.680753044/out/client/extension
[2021-03-25 08:40:46.810] [exthost] [info] eager extensions activated
[2021-03-25 08:40:46.813] [exthost] [info] ExtensionService#_doActivateExtension vscode.emmet {"startup":false,"extensionId":{"value":"vscode.emmet","_lower":"vscode.emmet"},"activationEvent":"onStartupFinished"}
[2021-03-25 08:40:46.813] [exthost] [info] ExtensionService#loadCommonJSModule file:///nix/store/c1g6qglnvs7dik66fg95bapidn1jhmgj-vscode-1.54.2/lib/vscode/resources/app/extensions/emmet/dist/node/emmetNodeMain
[2021-03-25 08:40:46.817] [exthost] [info] ExtensionService#_doActivateExtension vscode.merge-conflict {"startup":false,"extensionId":{"value":"vscode.merge-conflict","_lower":"vscode.merge-conflict"},"activationEvent":"onStartupFinished"}
[2021-03-25 08:40:46.817] [exthost] [info] ExtensionService#loadCommonJSModule file:///nix/store/c1g6qglnvs7dik66fg95bapidn1jhmgj-vscode-1.54.2/lib/vscode/resources/app/extensions/merge-conflict/dist/mergeConflictMain
[2021-03-25 08:40:46.819] [exthost] [info] ExtensionService#_doActivateExtension vscode.testing-editor-contributions {"startup":false,"extensionId":{"value":"vscode.testing-editor-contributions","_lower":"vscode.testing-editor-contributions"},"activationEvent":"onStartupFinished"}
[2021-03-25 08:40:46.819] [exthost] [info] ExtensionService#loadCommonJSModule file:///nix/store/c1g6qglnvs7dik66fg95bapidn1jhmgj-vscode-1.54.2/lib/vscode/resources/app/extensions/testing-editor-contributions/dist/extension.js
[2021-03-25 08:40:46.836] [exthost] [info] ExtensionService#_doActivateExtension vscode.github-authentication {"startup":false,"extensionId":{"value":"vscode.github-authentication","_lower":"vscode.github-authentication"},"activationEvent":"onAuthenticationRequest:github"}
[2021-03-25 08:40:46.836] [exthost] [info] ExtensionService#loadCommonJSModule file:///nix/store/c1g6qglnvs7dik66fg95bapidn1jhmgj-vscode-1.54.2/lib/vscode/resources/app/extensions/github-authentication/dist/extension.js
[2021-03-25 15:05:52.057] [exthost] [info] extension host terminating: parent process 24370 does not exist anymore: kill ESRCH (code: ESRCH) (errno: ESRCH)
[2021-03-25 15:05:53.066] [exthost] [info] exiting with code 0
