[2021-03-24 06:18:50.436] [exthost] [info] extension host started
[2021-03-24 06:18:50.531] [exthost] [info] ExtensionService#_doActivateExtension vscode.microsoft-authentication {"startup":false,"extensionId":{"value":"vscode.microsoft-authentication","_lower":"vscode.microsoft-authentication"},"activationEvent":"onAuthenticationRequest:microsoft"}
[2021-03-24 06:18:50.531] [exthost] [info] ExtensionService#loadCommonJSModule file:///nix/store/c1g6qglnvs7dik66fg95bapidn1jhmgj-vscode-1.54.2/lib/vscode/resources/app/extensions/microsoft-authentication/dist/extension.js
[2021-03-24 06:18:50.549] [exthost] [info] ExtensionService#_doActivateExtension ms-toolsai.jupyter {"startup":false,"extensionId":{"value":"ms-toolsai.jupyter","_lower":"ms-toolsai.jupyter"},"activationEvent":"onLanguage:python"}
[2021-03-24 06:18:50.549] [exthost] [info] ExtensionService#loadCommonJSModule file:///home/jasonk/.vscode/extensions/ms-toolsai.jupyter-2021.3.619093157/out/client/extension
[2021-03-24 06:18:50.957] [exthost] [info] ExtensionService#_doActivateExtension vscode.debug-auto-launch {"startup":true,"extensionId":{"value":"vscode.debug-auto-launch","_lower":"vscode.debug-auto-launch"},"activationEvent":"*"}
[2021-03-24 06:18:50.957] [exthost] [info] ExtensionService#loadCommonJSModule file:///nix/store/c1g6qglnvs7dik66fg95bapidn1jhmgj-vscode-1.54.2/lib/vscode/resources/app/extensions/debug-auto-launch/dist/extension
[2021-03-24 06:18:50.967] [exthost] [info] ExtensionService#_doActivateExtension vscode.git {"startup":true,"extensionId":{"value":"vscode.github","_lower":"vscode.github"},"activationEvent":"*"}
[2021-03-24 06:18:50.967] [exthost] [info] ExtensionService#loadCommonJSModule file:///nix/store/c1g6qglnvs7dik66fg95bapidn1jhmgj-vscode-1.54.2/lib/vscode/resources/app/extensions/git/dist/main
[2021-03-24 06:18:51.323] [exthost] [info] ExtensionService#_doActivateExtension vscode.github {"startup":true,"extensionId":{"value":"vscode.github","_lower":"vscode.github"},"activationEvent":"*"}
[2021-03-24 06:18:51.324] [exthost] [info] ExtensionService#loadCommonJSModule file:///nix/store/c1g6qglnvs7dik66fg95bapidn1jhmgj-vscode-1.54.2/lib/vscode/resources/app/extensions/github/dist/extension.js
[2021-03-24 06:18:51.717] [exthost] [info] eager extensions activated
[2021-03-24 06:18:51.791] [exthost] [info] ExtensionService#_doActivateExtension ms-vscode.js-debug {"startup":false,"extensionId":{"value":"ms-vscode.js-debug","_lower":"ms-vscode.js-debug"},"activationEvent":"onCommand:extension.js-debug.clearAutoAttachVariables"}
[2021-03-24 06:18:51.791] [exthost] [info] ExtensionService#loadCommonJSModule file:///nix/store/c1g6qglnvs7dik66fg95bapidn1jhmgj-vscode-1.54.2/lib/vscode/resources/app/extensions/ms-vscode.js-debug/src/extension.js
[2021-03-24 06:18:51.898] [exthost] [info] ExtensionService#_doActivateExtension vscode.emmet {"startup":false,"extensionId":{"value":"vscode.emmet","_lower":"vscode.emmet"},"activationEvent":"onStartupFinished"}
[2021-03-24 06:18:51.898] [exthost] [info] ExtensionService#loadCommonJSModule file:///nix/store/c1g6qglnvs7dik66fg95bapidn1jhmgj-vscode-1.54.2/lib/vscode/resources/app/extensions/emmet/dist/node/emmetNodeMain
[2021-03-24 06:18:51.904] [exthost] [info] ExtensionService#_doActivateExtension vscode.merge-conflict {"startup":false,"extensionId":{"value":"vscode.merge-conflict","_lower":"vscode.merge-conflict"},"activationEvent":"onStartupFinished"}
[2021-03-24 06:18:51.904] [exthost] [info] ExtensionService#loadCommonJSModule file:///nix/store/c1g6qglnvs7dik66fg95bapidn1jhmgj-vscode-1.54.2/lib/vscode/resources/app/extensions/merge-conflict/dist/mergeConflictMain
[2021-03-24 06:18:51.910] [exthost] [info] ExtensionService#_doActivateExtension vscode.testing-editor-contributions {"startup":false,"extensionId":{"value":"vscode.testing-editor-contributions","_lower":"vscode.testing-editor-contributions"},"activationEvent":"onStartupFinished"}
[2021-03-24 06:18:51.910] [exthost] [info] ExtensionService#loadCommonJSModule file:///nix/store/c1g6qglnvs7dik66fg95bapidn1jhmgj-vscode-1.54.2/lib/vscode/resources/app/extensions/testing-editor-contributions/dist/extension.js
[2021-03-24 06:18:51.975] [exthost] [info] ExtensionService#_doActivateExtension vscode.configuration-editing {"startup":false,"extensionId":{"value":"vscode.configuration-editing","_lower":"vscode.configuration-editing"},"activationEvent":"onLanguage:jsonc"}
[2021-03-24 06:18:51.975] [exthost] [info] ExtensionService#loadCommonJSModule file:///nix/store/c1g6qglnvs7dik66fg95bapidn1jhmgj-vscode-1.54.2/lib/vscode/resources/app/extensions/configuration-editing/dist/configurationEditingMain
[2021-03-24 06:18:51.979] [exthost] [info] ExtensionService#_doActivateExtension vscode.json-language-features {"startup":false,"extensionId":{"value":"vscode.json-language-features","_lower":"vscode.json-language-features"},"activationEvent":"onLanguage:jsonc"}
[2021-03-24 06:18:51.979] [exthost] [info] ExtensionService#loadCommonJSModule file:///nix/store/c1g6qglnvs7dik66fg95bapidn1jhmgj-vscode-1.54.2/lib/vscode/resources/app/extensions/json-language-features/client/dist/node/jsonClientMain
[2021-03-24 06:18:52.029] [exthost] [info] ExtensionService#_doActivateExtension vscode.typescript-language-features {"startup":false,"extensionId":{"value":"vscode.typescript-language-features","_lower":"vscode.typescript-language-features"},"activationEvent":"onLanguage:jsonc"}
[2021-03-24 06:18:52.029] [exthost] [info] ExtensionService#loadCommonJSModule file:///nix/store/c1g6qglnvs7dik66fg95bapidn1jhmgj-vscode-1.54.2/lib/vscode/resources/app/extensions/typescript-language-features/dist/extension
[2021-03-24 06:18:52.052] [exthost] [info] ExtensionService#_doActivateExtension ms-python.python {"startup":false,"extensionId":{"value":"ms-python.python","_lower":"ms-python.python"},"activationEvent":"onLanguage:python"}
[2021-03-24 06:18:52.053] [exthost] [info] ExtensionService#loadCommonJSModule file:///home/jasonk/.vscode/extensions/ms-python.python-2021.3.658691958/out/client/extension
[2021-03-24 06:18:52.334] [exthost] [info] ExtensionService#_doActivateExtension vscode.github-authentication {"startup":false,"extensionId":{"value":"vscode.github-authentication","_lower":"vscode.github-authentication"},"activationEvent":"onAuthenticationRequest:github"}
[2021-03-24 06:18:52.334] [exthost] [info] ExtensionService#loadCommonJSModule file:///nix/store/c1g6qglnvs7dik66fg95bapidn1jhmgj-vscode-1.54.2/lib/vscode/resources/app/extensions/github-authentication/dist/extension.js
[2021-03-24 07:21:53.508] [exthost] [info] extension host terminating: parent process 12502 does not exist anymore: kill ESRCH (code: ESRCH) (errno: ESRCH)
[2021-03-24 07:21:54.545] [exthost] [info] exiting with code 0
