[2021-03-23 08:37:06.162] [exthost] [info] extension host started
[2021-03-23 08:37:06.190] [exthost] [info] ExtensionService#_doActivateExtension vscode.microsoft-authentication {"startup":false,"extensionId":{"value":"vscode.microsoft-authentication","_lower":"vscode.microsoft-authentication"},"activationEvent":"onAuthenticationRequest:microsoft"}
[2021-03-23 08:37:06.191] [exthost] [info] ExtensionService#loadCommonJSModule file:///nix/store/rjrp4j235b1q70ai5g023s7638d5hldd-vscode-1.51.1/lib/vscode/resources/app/extensions/microsoft-authentication/dist/extension.js
[2021-03-23 08:37:06.223] [exthost] [info] ExtensionService#_doActivateExtension vscode.debug-auto-launch {"startup":true,"extensionId":{"value":"vscode.debug-auto-launch","_lower":"vscode.debug-auto-launch"},"activationEvent":"*"}
[2021-03-23 08:37:06.223] [exthost] [info] ExtensionService#loadCommonJSModule file:///nix/store/rjrp4j235b1q70ai5g023s7638d5hldd-vscode-1.51.1/lib/vscode/resources/app/extensions/debug-auto-launch/dist/extension
[2021-03-23 08:37:06.224] [exthost] [info] ExtensionService#_doActivateExtension vscode.emmet {"startup":true,"extensionId":{"value":"vscode.emmet","_lower":"vscode.emmet"},"activationEvent":"*"}
[2021-03-23 08:37:06.225] [exthost] [info] ExtensionService#loadCommonJSModule file:///nix/store/rjrp4j235b1q70ai5g023s7638d5hldd-vscode-1.51.1/lib/vscode/resources/app/extensions/emmet/dist/node/emmetNodeMain
[2021-03-23 08:37:06.242] [exthost] [info] ExtensionService#_doActivateExtension vscode.git {"startup":true,"extensionId":{"value":"vscode.github","_lower":"vscode.github"},"activationEvent":"*"}
[2021-03-23 08:37:06.242] [exthost] [info] ExtensionService#loadCommonJSModule file:///nix/store/rjrp4j235b1q70ai5g023s7638d5hldd-vscode-1.51.1/lib/vscode/resources/app/extensions/git/dist/main
[2021-03-23 08:37:06.269] [exthost] [info] ExtensionService#_doActivateExtension vscode.merge-conflict {"startup":true,"extensionId":{"value":"vscode.merge-conflict","_lower":"vscode.merge-conflict"},"activationEvent":"*"}
[2021-03-23 08:37:06.269] [exthost] [info] ExtensionService#loadCommonJSModule file:///nix/store/rjrp4j235b1q70ai5g023s7638d5hldd-vscode-1.51.1/lib/vscode/resources/app/extensions/merge-conflict/dist/mergeConflictMain
[2021-03-23 08:37:06.271] [exthost] [info] ExtensionService#_doActivateExtension vscode.search-result {"startup":true,"extensionId":{"value":"vscode.search-result","_lower":"vscode.search-result"},"activationEvent":"*"}
[2021-03-23 08:37:06.271] [exthost] [info] ExtensionService#loadCommonJSModule file:///nix/store/rjrp4j235b1q70ai5g023s7638d5hldd-vscode-1.51.1/lib/vscode/resources/app/extensions/search-result/dist/extension.js
[2021-03-23 08:37:06.272] [exthost] [info] ExtensionService#_doActivateExtension WakaTime.vscode-wakatime {"startup":true,"extensionId":{"value":"WakaTime.vscode-wakatime","_lower":"wakatime.vscode-wakatime"},"activationEvent":"*"}
[2021-03-23 08:37:06.272] [exthost] [info] ExtensionService#loadCommonJSModule file:///home/jasonk/.vscode/extensions/WakaTime.vscode-wakatime/dist/extension
[2021-03-23 08:37:06.405] [exthost] [info] ExtensionService#_doActivateExtension vscode.github {"startup":true,"extensionId":{"value":"vscode.github","_lower":"vscode.github"},"activationEvent":"*"}
[2021-03-23 08:37:06.405] [exthost] [info] ExtensionService#loadCommonJSModule file:///nix/store/rjrp4j235b1q70ai5g023s7638d5hldd-vscode-1.51.1/lib/vscode/resources/app/extensions/github/dist/extension.js
[2021-03-23 08:37:06.479] [exthost] [info] ExtensionService#_doActivateExtension ms-vscode.js-debug {"startup":false,"extensionId":{"value":"ms-vscode.js-debug","_lower":"ms-vscode.js-debug"},"activationEvent":"onCommand:extension.js-debug.clearAutoAttachVariables"}
[2021-03-23 08:37:06.479] [exthost] [info] ExtensionService#loadCommonJSModule file:///nix/store/rjrp4j235b1q70ai5g023s7638d5hldd-vscode-1.51.1/lib/vscode/resources/app/extensions/ms-vscode.js-debug/src/extension.js
[2021-03-23 08:37:06.605] [exthost] [info] eager extensions activated
[2021-03-23 08:37:06.631] [exthost] [info] ExtensionService#_doActivateExtension vscode.github-authentication {"startup":false,"extensionId":{"value":"vscode.github-authentication","_lower":"vscode.github-authentication"},"activationEvent":"onAuthenticationRequest:github"}
[2021-03-23 08:37:06.631] [exthost] [info] ExtensionService#loadCommonJSModule file:///nix/store/rjrp4j235b1q70ai5g023s7638d5hldd-vscode-1.51.1/lib/vscode/resources/app/extensions/github-authentication/dist/extension.js
[2021-03-23 08:37:45.908] [exthost] [info] extension host started
[2021-03-23 08:37:45.937] [exthost] [info] ExtensionService#_doActivateExtension vscode.microsoft-authentication {"startup":false,"extensionId":{"value":"vscode.microsoft-authentication","_lower":"vscode.microsoft-authentication"},"activationEvent":"onAuthenticationRequest:microsoft"}
[2021-03-23 08:37:45.937] [exthost] [info] ExtensionService#loadCommonJSModule file:///nix/store/rjrp4j235b1q70ai5g023s7638d5hldd-vscode-1.51.1/lib/vscode/resources/app/extensions/microsoft-authentication/dist/extension.js
[2021-03-23 08:37:45.946] [exthost] [info] ExtensionService#_doActivateExtension vscode.debug-auto-launch {"startup":true,"extensionId":{"value":"vscode.debug-auto-launch","_lower":"vscode.debug-auto-launch"},"activationEvent":"*"}
[2021-03-23 08:37:45.946] [exthost] [info] ExtensionService#loadCommonJSModule file:///nix/store/rjrp4j235b1q70ai5g023s7638d5hldd-vscode-1.51.1/lib/vscode/resources/app/extensions/debug-auto-launch/dist/extension
[2021-03-23 08:37:45.947] [exthost] [info] ExtensionService#_doActivateExtension vscode.emmet {"startup":true,"extensionId":{"value":"vscode.emmet","_lower":"vscode.emmet"},"activationEvent":"*"}
[2021-03-23 08:37:45.947] [exthost] [info] ExtensionService#loadCommonJSModule file:///nix/store/rjrp4j235b1q70ai5g023s7638d5hldd-vscode-1.51.1/lib/vscode/resources/app/extensions/emmet/dist/node/emmetNodeMain
[2021-03-23 08:37:45.961] [exthost] [info] ExtensionService#_doActivateExtension vscode.git {"startup":true,"extensionId":{"value":"vscode.github","_lower":"vscode.github"},"activationEvent":"*"}
[2021-03-23 08:37:45.961] [exthost] [info] ExtensionService#loadCommonJSModule file:///nix/store/rjrp4j235b1q70ai5g023s7638d5hldd-vscode-1.51.1/lib/vscode/resources/app/extensions/git/dist/main
[2021-03-23 08:37:45.969] [exthost] [info] ExtensionService#_doActivateExtension vscode.merge-conflict {"startup":true,"extensionId":{"value":"vscode.merge-conflict","_lower":"vscode.merge-conflict"},"activationEvent":"*"}
[2021-03-23 08:37:45.969] [exthost] [info] ExtensionService#loadCommonJSModule file:///nix/store/rjrp4j235b1q70ai5g023s7638d5hldd-vscode-1.51.1/lib/vscode/resources/app/extensions/merge-conflict/dist/mergeConflictMain
[2021-03-23 08:37:45.970] [exthost] [info] ExtensionService#_doActivateExtension vscode.search-result {"startup":true,"extensionId":{"value":"vscode.search-result","_lower":"vscode.search-result"},"activationEvent":"*"}
[2021-03-23 08:37:45.971] [exthost] [info] ExtensionService#loadCommonJSModule file:///nix/store/rjrp4j235b1q70ai5g023s7638d5hldd-vscode-1.51.1/lib/vscode/resources/app/extensions/search-result/dist/extension.js
[2021-03-23 08:37:45.971] [exthost] [info] ExtensionService#_doActivateExtension WakaTime.vscode-wakatime {"startup":true,"extensionId":{"value":"WakaTime.vscode-wakatime","_lower":"wakatime.vscode-wakatime"},"activationEvent":"*"}
[2021-03-23 08:37:45.971] [exthost] [info] ExtensionService#loadCommonJSModule file:///home/jasonk/.vscode/extensions/WakaTime.vscode-wakatime/dist/extension
[2021-03-23 08:37:46.033] [exthost] [info] ExtensionService#_doActivateExtension vscode.github {"startup":true,"extensionId":{"value":"vscode.github","_lower":"vscode.github"},"activationEvent":"*"}
[2021-03-23 08:37:46.033] [exthost] [info] ExtensionService#loadCommonJSModule file:///nix/store/rjrp4j235b1q70ai5g023s7638d5hldd-vscode-1.51.1/lib/vscode/resources/app/extensions/github/dist/extension.js
[2021-03-23 08:37:46.158] [exthost] [info] ExtensionService#_doActivateExtension ms-vscode.js-debug {"startup":false,"extensionId":{"value":"ms-vscode.js-debug","_lower":"ms-vscode.js-debug"},"activationEvent":"onCommand:extension.js-debug.clearAutoAttachVariables"}
[2021-03-23 08:37:46.159] [exthost] [info] ExtensionService#loadCommonJSModule file:///nix/store/rjrp4j235b1q70ai5g023s7638d5hldd-vscode-1.51.1/lib/vscode/resources/app/extensions/ms-vscode.js-debug/src/extension.js
[2021-03-23 08:37:46.220] [exthost] [info] eager extensions activated
[2021-03-23 08:37:46.235] [exthost] [info] ExtensionService#_doActivateExtension vscode.github-authentication {"startup":false,"extensionId":{"value":"vscode.github-authentication","_lower":"vscode.github-authentication"},"activationEvent":"onAuthenticationRequest:github"}
[2021-03-23 08:37:46.235] [exthost] [info] ExtensionService#loadCommonJSModule file:///nix/store/rjrp4j235b1q70ai5g023s7638d5hldd-vscode-1.51.1/lib/vscode/resources/app/extensions/github-authentication/dist/extension.js
[2021-03-23 08:38:04.059] [exthost] [info] ExtensionService#_doActivateExtension vscode.python {"startup":false,"extensionId":{"value":"vscode.python","_lower":"vscode.python"},"activationEvent":"onLanguage:python"}
[2021-03-23 08:38:04.059] [exthost] [info] ExtensionService#loadCommonJSModule file:///nix/store/rjrp4j235b1q70ai5g023s7638d5hldd-vscode-1.51.1/lib/vscode/resources/app/extensions/python/dist/pythonMain
[2021-03-23 08:38:04.062] [exthost] [info] ExtensionService#_doActivateExtension ms-toolsai.jupyter {"startup":false,"extensionId":{"value":"ms-toolsai.jupyter","_lower":"ms-toolsai.jupyter"},"activationEvent":"onLanguage:python"}
[2021-03-23 08:38:04.062] [exthost] [info] ExtensionService#loadCommonJSModule file:///home/jasonk/.vscode/extensions/ms-toolsai.jupyter-2021.2.576440691/out/client/extension
[2021-03-23 08:38:05.182] [exthost] [info] ExtensionService#_doActivateExtension ms-python.python {"startup":false,"extensionId":{"value":"ms-python.python","_lower":"ms-python.python"},"activationEvent":"onLanguage:python"}
[2021-03-23 08:38:05.182] [exthost] [info] ExtensionService#loadCommonJSModule file:///home/jasonk/.vscode/extensions/ms-python.python-2021.2.633441544/out/client/extension
[2021-03-23 08:38:21.665] [exthost] [info] extension host started
[2021-03-23 08:38:21.816] [exthost] [info] ExtensionService#_doActivateExtension vscode.microsoft-authentication {"startup":false,"extensionId":{"value":"vscode.microsoft-authentication","_lower":"vscode.microsoft-authentication"},"activationEvent":"onAuthenticationRequest:microsoft"}
[2021-03-23 08:38:21.816] [exthost] [info] ExtensionService#loadCommonJSModule file:///nix/store/rjrp4j235b1q70ai5g023s7638d5hldd-vscode-1.51.1/lib/vscode/resources/app/extensions/microsoft-authentication/dist/extension.js
[2021-03-23 08:38:21.834] [exthost] [info] ExtensionService#_doActivateExtension vscode.python {"startup":false,"extensionId":{"value":"vscode.python","_lower":"vscode.python"},"activationEvent":"onLanguage:python"}
[2021-03-23 08:38:21.834] [exthost] [info] ExtensionService#loadCommonJSModule file:///nix/store/rjrp4j235b1q70ai5g023s7638d5hldd-vscode-1.51.1/lib/vscode/resources/app/extensions/python/dist/pythonMain
[2021-03-23 08:38:21.838] [exthost] [info] ExtensionService#_doActivateExtension ms-toolsai.jupyter {"startup":false,"extensionId":{"value":"ms-toolsai.jupyter","_lower":"ms-toolsai.jupyter"},"activationEvent":"onLanguage:python"}
[2021-03-23 08:38:21.839] [exthost] [info] ExtensionService#loadCommonJSModule file:///home/jasonk/.vscode/extensions/ms-toolsai.jupyter-2021.2.576440691/out/client/extension
[2021-03-23 08:38:22.121] [exthost] [info] ExtensionService#_doActivateExtension vscode.debug-auto-launch {"startup":true,"extensionId":{"value":"vscode.debug-auto-launch","_lower":"vscode.debug-auto-launch"},"activationEvent":"*"}
[2021-03-23 08:38:22.121] [exthost] [info] ExtensionService#loadCommonJSModule file:///nix/store/rjrp4j235b1q70ai5g023s7638d5hldd-vscode-1.51.1/lib/vscode/resources/app/extensions/debug-auto-launch/dist/extension
[2021-03-23 08:38:22.130] [exthost] [info] ExtensionService#_doActivateExtension vscode.emmet {"startup":true,"extensionId":{"value":"vscode.emmet","_lower":"vscode.emmet"},"activationEvent":"*"}
[2021-03-23 08:38:22.130] [exthost] [info] ExtensionService#loadCommonJSModule file:///nix/store/rjrp4j235b1q70ai5g023s7638d5hldd-vscode-1.51.1/lib/vscode/resources/app/extensions/emmet/dist/node/emmetNodeMain
[2021-03-23 08:38:22.164] [exthost] [info] ExtensionService#_doActivateExtension vscode.git {"startup":true,"extensionId":{"value":"vscode.github","_lower":"vscode.github"},"activationEvent":"*"}
[2021-03-23 08:38:22.164] [exthost] [info] ExtensionService#loadCommonJSModule file:///nix/store/rjrp4j235b1q70ai5g023s7638d5hldd-vscode-1.51.1/lib/vscode/resources/app/extensions/git/dist/main
[2021-03-23 08:38:22.205] [exthost] [info] ExtensionService#_doActivateExtension vscode.merge-conflict {"startup":true,"extensionId":{"value":"vscode.merge-conflict","_lower":"vscode.merge-conflict"},"activationEvent":"*"}
[2021-03-23 08:38:22.205] [exthost] [info] ExtensionService#loadCommonJSModule file:///nix/store/rjrp4j235b1q70ai5g023s7638d5hldd-vscode-1.51.1/lib/vscode/resources/app/extensions/merge-conflict/dist/mergeConflictMain
[2021-03-23 08:38:22.212] [exthost] [info] ExtensionService#_doActivateExtension vscode.search-result {"startup":true,"extensionId":{"value":"vscode.search-result","_lower":"vscode.search-result"},"activationEvent":"*"}
[2021-03-23 08:38:22.212] [exthost] [info] ExtensionService#loadCommonJSModule file:///nix/store/rjrp4j235b1q70ai5g023s7638d5hldd-vscode-1.51.1/lib/vscode/resources/app/extensions/search-result/dist/extension.js
[2021-03-23 08:38:22.481] [exthost] [info] ExtensionService#_doActivateExtension vscode.github {"startup":true,"extensionId":{"value":"vscode.github","_lower":"vscode.github"},"activationEvent":"*"}
[2021-03-23 08:38:22.481] [exthost] [info] ExtensionService#loadCommonJSModule file:///nix/store/rjrp4j235b1q70ai5g023s7638d5hldd-vscode-1.51.1/lib/vscode/resources/app/extensions/github/dist/extension.js
[2021-03-23 08:38:22.579] [exthost] [info] eager extensions activated
[2021-03-23 08:38:22.602] [exthost] [info] ExtensionService#_doActivateExtension ms-vscode.js-debug {"startup":false,"extensionId":{"value":"ms-vscode.js-debug","_lower":"ms-vscode.js-debug"},"activationEvent":"onCommand:extension.js-debug.clearAutoAttachVariables"}
[2021-03-23 08:38:22.603] [exthost] [info] ExtensionService#loadCommonJSModule file:///nix/store/rjrp4j235b1q70ai5g023s7638d5hldd-vscode-1.51.1/lib/vscode/resources/app/extensions/ms-vscode.js-debug/src/extension.js
[2021-03-23 08:38:22.681] [exthost] [info] ExtensionService#_doActivateExtension ms-python.python {"startup":false,"extensionId":{"value":"ms-python.python","_lower":"ms-python.python"},"activationEvent":"onLanguage:python"}
[2021-03-23 08:38:22.681] [exthost] [info] ExtensionService#loadCommonJSModule file:///home/jasonk/.vscode/extensions/ms-python.python-2021.2.633441544/out/client/extension
[2021-03-23 08:38:22.861] [exthost] [info] ExtensionService#_doActivateExtension vscode.github-authentication {"startup":false,"extensionId":{"value":"vscode.github-authentication","_lower":"vscode.github-authentication"},"activationEvent":"onAuthenticationRequest:github"}
[2021-03-23 08:38:22.861] [exthost] [info] ExtensionService#loadCommonJSModule file:///nix/store/rjrp4j235b1q70ai5g023s7638d5hldd-vscode-1.51.1/lib/vscode/resources/app/extensions/github-authentication/dist/extension.js
