User belongs to experiment group 'pythonaacf'
User belongs to experiment group 'pythonJoinMailingListVar3'
User belongs to experiment group 'pythonJediLSPcf'
User belongs to experiment group 'pythonSendEntireLineToREPL'
User belongs to experiment group 'pythonNotDisplayLinterPrompt'
User belongs to experiment group 'pythonTensorboardExperimentcf'
User belongs to experiment group 'pythonFindInterpretercf'
User belongs to experiment group 'CollectLSRequestTiming - experiment'
User belongs to experiment group 'CollectNodeLSRequestTiming - experiment'
> conda --version
> pyenv root
> python3.7 ~/.vscode/extensions/ms-python.python-2021.3.680753044/pythonFiles/pyvsc-run-isolated.py -c "import sys;print(sys.executable)"
> python3.6 ~/.vscode/extensions/ms-python.python-2021.3.680753044/pythonFiles/pyvsc-run-isolated.py -c "import sys;print(sys.executable)"
> python3 ~/.vscode/extensions/ms-python.python-2021.3.680753044/pythonFiles/pyvsc-run-isolated.py -c "import sys;print(sys.executable)"
> python2 ~/.vscode/extensions/ms-python.python-2021.3.680753044/pythonFiles/pyvsc-run-isolated.py -c "import sys;print(sys.executable)"
> python ~/.vscode/extensions/ms-python.python-2021.3.680753044/pythonFiles/pyvsc-run-isolated.py -c "import sys;print(sys.executable)"
> python ~/.vscode/extensions/ms-python.python-2021.3.680753044/pythonFiles/pyvsc-run-isolated.py -c "import sys;print(sys.executable)"
> conda info --json
> python ~/.vscode/extensions/ms-python.python-2021.3.680753044/pythonFiles/pyvsc-run-isolated.py -c "import sys;print(sys.executable)"
> python ~/.vscode/extensions/ms-python.python-2021.3.680753044/pythonFiles/pyvsc-run-isolated.py -c "import sys;print(sys.executable)"
> python ~/.vscode/extensions/ms-python.python-2021.3.680753044/pythonFiles/pyvsc-run-isolated.py -c "import sys;print(sys.executable)"
> python ~/.vscode/extensions/ms-python.python-2021.3.680753044/pythonFiles/pyvsc-run-isolated.py -c "import sys;print(sys.executable)"
Error 2021-03-25 08:40:47: Failed to check if file needs to be fixed [EntryNotFound (FileSystemError): Unable to read file '/home/jasonk/CollegeProjects/DataWrangling/.vscode/settings.json' (Error: Unable to resolve non-existing file '/home/jasonk/CollegeProjects/DataWrangling/.vscode/settings.json')
	at _handleError (/nix/store/c1g6qglnvs7dik66fg95bapidn1jhmgj-vscode-1.54.2/lib/vscode/resources/app/out/vs/workbench/services/extensions/node/extensionHostProcess.js:87:151863)
	at processTicksAndRejections (internal/process/task_queues.js:97:5)
	at async y.readText (/home/jasonk/.vscode/extensions/ms-python.python-2021.3.680753044/out/client/extension.js:9:328725)
	at async p.doesFileNeedToBeFixed (/home/jasonk/.vscode/extensions/ms-python.python-2021.3.680753044/out/client/extension.js:61:578263)
	at async /home/jasonk/.vscode/extensions/ms-python.python-2021.3.680753044/out/client/extension.js:61:577390
	at async Promise.all (index 1)
	at async p.getFilesToBeFixed (/home/jasonk/.vscode/extensions/ms-python.python-2021.3.680753044/out/client/extension.js:61:577336)
	at async p.updateTestSettings (/home/jasonk/.vscode/extensions/ms-python.python-2021.3.680753044/out/client/extension.js:61:576963)] {
  code: 'FileNotFound'
}
Starting Jedi Python language engine.
Python interpreter path: /run/current-system/sw/bin/python
> conda --version
> /run/current-system/sw/bin/python ~/.vscode/extensions/ms-python.python-2021.3.680753044/pythonFiles/pyvsc-run-isolated.py pylint --disable=all --enable=F,unreachable,duplicate-key,unnecessary-semicolon,global-variable-not-assigned,unused-variable,unused-wildcard-import,binary-op-exception,bad-format-string,anomalous-backslash-in-string,bad-open-mode,E0001,E0011,E0012,E0100,E0101,E0102,E0103,E0104,E0105,E0107,E0108,E0110,E0111,E0112,E0113,E0114,E0115,E0116,E0117,E0118,E0202,E0203,E0211,E0213,E0236,E0237,E0238,E0239,E0240,E0241,E0301,E0302,E0303,E0401,E0402,E0601,E0602,E0603,E0604,E0611,E0632,E0633,E0701,E0702,E0703,E0704,E0710,E0711,E0712,E1003,E1101,E1102,E1111,E1120,E1121,E1123,E1124,E1125,E1126,E1127,E1128,E1129,E1130,E1131,E1132,E1133,E1134,E1135,E1136,E1137,E1138,E1139,E1200,E1201,E1205,E1206,E1300,E1301,E1302,E1303,E1304,E1305,E1306,E1310,E1700,E1701 --msg-template='{line},{column},{category},{symbol}:{msg}' --reports=n --output-format=text ~/CollegeProjects/DataWrangling/middle.py
cwd: ~/CollegeProjects/DataWrangling
> /run/current-system/sw/bin/python ~/.vscode/extensions/ms-python.python-2021.3.680753044/pythonFiles/pyvsc-run-isolated.py pylint --disable=all --enable=F,unreachable,duplicate-key,unnecessary-semicolon,global-variable-not-assigned,unused-variable,unused-wildcard-import,binary-op-exception,bad-format-string,anomalous-backslash-in-string,bad-open-mode,E0001,E0011,E0012,E0100,E0101,E0102,E0103,E0104,E0105,E0107,E0108,E0110,E0111,E0112,E0113,E0114,E0115,E0116,E0117,E0118,E0202,E0203,E0211,E0213,E0236,E0237,E0238,E0239,E0240,E0241,E0301,E0302,E0303,E0401,E0402,E0601,E0602,E0603,E0604,E0611,E0632,E0633,E0701,E0702,E0703,E0704,E0710,E0711,E0712,E1003,E1101,E1102,E1111,E1120,E1121,E1123,E1124,E1125,E1126,E1127,E1128,E1129,E1130,E1131,E1132,E1133,E1134,E1135,E1136,E1137,E1138,E1139,E1200,E1201,E1205,E1206,E1300,E1301,E1302,E1303,E1304,E1305,E1306,E1310,E1700,E1701 --msg-template='{line},{column},{category},{symbol}:{msg}' --reports=n --output-format=text ~/CollegeProjects/DataWrangling/middle.py
cwd: ~/CollegeProjects/DataWrangling
> /run/current-system/sw/bin/python ~/.vscode/extensions/ms-python.python-2021.3.680753044/pythonFiles/pyvsc-run-isolated.py pylint --disable=all --enable=F,unreachable,duplicate-key,unnecessary-semicolon,global-variable-not-assigned,unused-variable,unused-wildcard-import,binary-op-exception,bad-format-string,anomalous-backslash-in-string,bad-open-mode,E0001,E0011,E0012,E0100,E0101,E0102,E0103,E0104,E0105,E0107,E0108,E0110,E0111,E0112,E0113,E0114,E0115,E0116,E0117,E0118,E0202,E0203,E0211,E0213,E0236,E0237,E0238,E0239,E0240,E0241,E0301,E0302,E0303,E0401,E0402,E0601,E0602,E0603,E0604,E0611,E0632,E0633,E0701,E0702,E0703,E0704,E0710,E0711,E0712,E1003,E1101,E1102,E1111,E1120,E1121,E1123,E1124,E1125,E1126,E1127,E1128,E1129,E1130,E1131,E1132,E1133,E1134,E1135,E1136,E1137,E1138,E1139,E1200,E1201,E1205,E1206,E1300,E1301,E1302,E1303,E1304,E1305,E1306,E1310,E1700,E1701 --msg-template='{line},{column},{category},{symbol}:{msg}' --reports=n --output-format=text ~/CollegeProjects/DataWrangling/open_street_main.py
cwd: ~/CollegeProjects/DataWrangling
> /run/current-system/sw/bin/python ~/.vscode/extensions/ms-python.python-2021.3.680753044/pythonFiles/pyvsc-run-isolated.py pylint --disable=all --enable=F,unreachable,duplicate-key,unnecessary-semicolon,global-variable-not-assigned,unused-variable,unused-wildcard-import,binary-op-exception,bad-format-string,anomalous-backslash-in-string,bad-open-mode,E0001,E0011,E0012,E0100,E0101,E0102,E0103,E0104,E0105,E0107,E0108,E0110,E0111,E0112,E0113,E0114,E0115,E0116,E0117,E0118,E0202,E0203,E0211,E0213,E0236,E0237,E0238,E0239,E0240,E0241,E0301,E0302,E0303,E0401,E0402,E0601,E0602,E0603,E0604,E0611,E0632,E0633,E0701,E0702,E0703,E0704,E0710,E0711,E0712,E1003,E1101,E1102,E1111,E1120,E1121,E1123,E1124,E1125,E1126,E1127,E1128,E1129,E1130,E1131,E1132,E1133,E1134,E1135,E1136,E1137,E1138,E1139,E1200,E1201,E1205,E1206,E1300,E1301,E1302,E1303,E1304,E1305,E1306,E1310,E1700,E1701 --msg-template='{line},{column},{category},{symbol}:{msg}' --reports=n --output-format=text ~/CollegeProjects/DataWrangling/open_street_main.py
cwd: ~/CollegeProjects/DataWrangling
> /run/current-system/sw/bin/python ~/.vscode/extensions/ms-python.python-2021.3.680753044/pythonFiles/pyvsc-run-isolated.py -c "import pylint"
> /run/current-system/sw/bin/python ~/.vscode/extensions/ms-python.python-2021.3.680753044/pythonFiles/pyvsc-run-isolated.py -c "import pylint"
> /run/current-system/sw/bin/python ~/.vscode/extensions/ms-python.python-2021.3.680753044/pythonFiles/pyvsc-run-isolated.py -c "import pylint"
> /run/current-system/sw/bin/python ~/.vscode/extensions/ms-python.python-2021.3.680753044/pythonFiles/pyvsc-run-isolated.py -c "import pylint"
> /run/current-system/sw/bin/python ~/.vscode/extensions/ms-python.python-2021.3.680753044/pythonFiles/pyvsc-run-isolated.py -c "import pylint"
> /run/current-system/sw/bin/python ~/.vscode/extensions/ms-python.python-2021.3.680753044/pythonFiles/pyvsc-run-isolated.py -c "import pylint"
> /run/current-system/sw/bin/python ~/.vscode/extensions/ms-python.python-2021.3.680753044/pythonFiles/pyvsc-run-isolated.py -c "import pylint"
> /run/current-system/sw/bin/python ~/.vscode/extensions/ms-python.python-2021.3.680753044/pythonFiles/pyvsc-run-isolated.py -c "import pylint"
> /run/current-system/sw/bin/python ~/.vscode/extensions/ms-python.python-2021.3.680753044/pythonFiles/pyvsc-run-isolated.py -c "import sys;print(sys.prefix)"
cwd: ~/CollegeProjects/DataWrangling
> /run/current-system/sw/bin/python ~/.vscode/extensions/ms-python.python-2021.3.680753044/pythonFiles/pyvsc-run-isolated.py -c "import sys;print(sys.prefix)"
cwd: ~/CollegeProjects/DataWrangling
> /run/current-system/sw/bin/python ~/.vscode/extensions/ms-python.python-2021.3.680753044/pythonFiles/pyvsc-run-isolated.py -c "import sys;print(sys.executable)"
cwd: ~/CollegeProjects/DataWrangling
> /run/current-system/sw/bin/python ~/.vscode/extensions/ms-python.python-2021.3.680753044/pythonFiles/pyvsc-run-isolated.py -c "import sys;print(sys.executable)"
cwd: ~/CollegeProjects/DataWrangling
> /run/current-system/sw/bin/python ~/.vscode/extensions/ms-python.python-2021.3.680753044/pythonFiles/pyvsc-run-isolated.py -c "from distutils.sysconfig import get_python_lib; print(get_python_lib())"
cwd: ~/CollegeProjects/DataWrangling
> /run/current-system/sw/bin/python ~/.vscode/extensions/ms-python.python-2021.3.680753044/pythonFiles/pyvsc-run-isolated.py -c "from distutils.sysconfig import get_python_lib; print(get_python_lib())"
cwd: ~/CollegeProjects/DataWrangling
> /run/current-system/sw/bin/python ~/.vscode/extensions/ms-python.python-2021.3.680753044/pythonFiles/pyvsc-run-isolated.py site --user-site
cwd: ~/CollegeProjects/DataWrangling
> /run/current-system/sw/bin/python ~/.vscode/extensions/ms-python.python-2021.3.680753044/pythonFiles/pyvsc-run-isolated.py site --user-site
cwd: ~/CollegeProjects/DataWrangling

Linter 'pylint' is not installed. Please install it or select another linter".
Error: Module 'pylint' not installed.

Linter 'pylint' is not installed. Please install it or select another linter".
Error: Module 'pylint' not installed.
> /run/current-system/sw/bin/python ~/.vscode/extensions/ms-python.python-2021.3.680753044/pythonFiles/pyvsc-run-isolated.py ~/.vscode/extensions/ms-python.python-2021.3.680753044/pythonFiles/completion.py
> /run/current-system/sw/bin/python ~/.vscode/extensions/ms-python.python-2021.3.680753044/pythonFiles/pyvsc-run-isolated.py ~/.vscode/extensions/ms-python.python-2021.3.680753044/pythonFiles/completion.py
Error 2021-03-25 08:40:48: stderr jediProxy Error (stderr) /home/jasonk/.vscode/extensions/ms-python.python-2021.3.680753044/pythonFiles/completion.py:584: DeprecationWarning: Deprecated since version 0.16.0. Use Script(...).get_names instead.
  jedi.api.names(

Error 2021-03-25 08:40:50: stderr jediProxy Error (stderr) /home/jasonk/.vscode/extensions/ms-python.python-2021.3.680753044/pythonFiles/completion.py:592: DeprecationWarning: Providing the line is now done in the functions themselves like `Script(...).complete(line, column)`
  script = jedi.Script(
/home/jasonk/.vscode/extensions/ms-python.python-2021.3.680753044/pythonFiles/completion.py:592: DeprecationWarning: Providing the column is now done in the functions themselves like `Script(...).complete(line, column)`
  script = jedi.Script(

Error 2021-03-25 08:40:50: stderr jediProxy Error (stderr) /home/jasonk/.vscode/extensions/ms-python.python-2021.3.680753044/pythonFiles/completion.py:592: DeprecationWarning: Deprecated since version 0.17.0. Use the project API instead, which means Script(project=Project(dir, sys_path=sys_path)) instead.
  script = jedi.Script(
/home/jasonk/.vscode/extensions/ms-python.python-2021.3.680753044/pythonFiles/completion.py:626: DeprecationWarning: Deprecated since version 0.16.0. Use Script(...).infer instead.
  script.goto_definitions(), request["id"]

Error 2021-03-25 08:40:57: stderr jediProxy Error (stderr) /home/jasonk/.vscode/extensions/ms-python.python-2021.3.680753044/pythonFiles/completion.py:592: DeprecationWarning: Use the code keyword argument instead.
  script = jedi.Script(

> /run/current-system/sw/bin/python ~/.vscode/extensions/ms-python.python-2021.3.680753044/pythonFiles/pyvsc-run-isolated.py pylint --disable=all --enable=F,unreachable,duplicate-key,unnecessary-semicolon,global-variable-not-assigned,unused-variable,unused-wildcard-import,binary-op-exception,bad-format-string,anomalous-backslash-in-string,bad-open-mode,E0001,E0011,E0012,E0100,E0101,E0102,E0103,E0104,E0105,E0107,E0108,E0110,E0111,E0112,E0113,E0114,E0115,E0116,E0117,E0118,E0202,E0203,E0211,E0213,E0236,E0237,E0238,E0239,E0240,E0241,E0301,E0302,E0303,E0401,E0402,E0601,E0602,E0603,E0604,E0611,E0632,E0633,E0701,E0702,E0703,E0704,E0710,E0711,E0712,E1003,E1101,E1102,E1111,E1120,E1121,E1123,E1124,E1125,E1126,E1127,E1128,E1129,E1130,E1131,E1132,E1133,E1134,E1135,E1136,E1137,E1138,E1139,E1200,E1201,E1205,E1206,E1300,E1301,E1302,E1303,E1304,E1305,E1306,E1310,E1700,E1701 --msg-template='{line},{column},{category},{symbol}:{msg}' --reports=n --output-format=text ~/CollegeProjects/DataWrangling/open_street_main.py
cwd: ~/CollegeProjects/DataWrangling
> /run/current-system/sw/bin/python ~/.vscode/extensions/ms-python.python-2021.3.680753044/pythonFiles/pyvsc-run-isolated.py pylint --disable=all --enable=F,unreachable,duplicate-key,unnecessary-semicolon,global-variable-not-assigned,unused-variable,unused-wildcard-import,binary-op-exception,bad-format-string,anomalous-backslash-in-string,bad-open-mode,E0001,E0011,E0012,E0100,E0101,E0102,E0103,E0104,E0105,E0107,E0108,E0110,E0111,E0112,E0113,E0114,E0115,E0116,E0117,E0118,E0202,E0203,E0211,E0213,E0236,E0237,E0238,E0239,E0240,E0241,E0301,E0302,E0303,E0401,E0402,E0601,E0602,E0603,E0604,E0611,E0632,E0633,E0701,E0702,E0703,E0704,E0710,E0711,E0712,E1003,E1101,E1102,E1111,E1120,E1121,E1123,E1124,E1125,E1126,E1127,E1128,E1129,E1130,E1131,E1132,E1133,E1134,E1135,E1136,E1137,E1138,E1139,E1200,E1201,E1205,E1206,E1300,E1301,E1302,E1303,E1304,E1305,E1306,E1310,E1700,E1701 --msg-template='{line},{column},{category},{symbol}:{msg}' --reports=n --output-format=text ~/CollegeProjects/DataWrangling/open_street_main.py
cwd: ~/CollegeProjects/DataWrangling
> /run/current-system/sw/bin/python ~/.vscode/extensions/ms-python.python-2021.3.680753044/pythonFiles/pyvsc-run-isolated.py -c "import pylint"
> /run/current-system/sw/bin/python ~/.vscode/extensions/ms-python.python-2021.3.680753044/pythonFiles/pyvsc-run-isolated.py -c "import pylint"
> /run/current-system/sw/bin/python ~/.vscode/extensions/ms-python.python-2021.3.680753044/pythonFiles/pyvsc-run-isolated.py -c "import pylint"
> /run/current-system/sw/bin/python ~/.vscode/extensions/ms-python.python-2021.3.680753044/pythonFiles/pyvsc-run-isolated.py -c "import pylint"

Linter 'pylint' is not installed. Please install it or select another linter".
Error: Module 'pylint' not installed.
> /run/current-system/sw/bin/python ~/.vscode/extensions/ms-python.python-2021.3.680753044/pythonFiles/pyvsc-run-isolated.py pylint --disable=all --enable=F,unreachable,duplicate-key,unnecessary-semicolon,global-variable-not-assigned,unused-variable,unused-wildcard-import,binary-op-exception,bad-format-string,anomalous-backslash-in-string,bad-open-mode,E0001,E0011,E0012,E0100,E0101,E0102,E0103,E0104,E0105,E0107,E0108,E0110,E0111,E0112,E0113,E0114,E0115,E0116,E0117,E0118,E0202,E0203,E0211,E0213,E0236,E0237,E0238,E0239,E0240,E0241,E0301,E0302,E0303,E0401,E0402,E0601,E0602,E0603,E0604,E0611,E0632,E0633,E0701,E0702,E0703,E0704,E0710,E0711,E0712,E1003,E1101,E1102,E1111,E1120,E1121,E1123,E1124,E1125,E1126,E1127,E1128,E1129,E1130,E1131,E1132,E1133,E1134,E1135,E1136,E1137,E1138,E1139,E1200,E1201,E1205,E1206,E1300,E1301,E1302,E1303,E1304,E1305,E1306,E1310,E1700,E1701 --msg-template='{line},{column},{category},{symbol}:{msg}' --reports=n --output-format=text ~/CollegeProjects/DataWrangling/open_street_main.py
cwd: ~/CollegeProjects/DataWrangling
> /run/current-system/sw/bin/python ~/.vscode/extensions/ms-python.python-2021.3.680753044/pythonFiles/pyvsc-run-isolated.py pylint --disable=all --enable=F,unreachable,duplicate-key,unnecessary-semicolon,global-variable-not-assigned,unused-variable,unused-wildcard-import,binary-op-exception,bad-format-string,anomalous-backslash-in-string,bad-open-mode,E0001,E0011,E0012,E0100,E0101,E0102,E0103,E0104,E0105,E0107,E0108,E0110,E0111,E0112,E0113,E0114,E0115,E0116,E0117,E0118,E0202,E0203,E0211,E0213,E0236,E0237,E0238,E0239,E0240,E0241,E0301,E0302,E0303,E0401,E0402,E0601,E0602,E0603,E0604,E0611,E0632,E0633,E0701,E0702,E0703,E0704,E0710,E0711,E0712,E1003,E1101,E1102,E1111,E1120,E1121,E1123,E1124,E1125,E1126,E1127,E1128,E1129,E1130,E1131,E1132,E1133,E1134,E1135,E1136,E1137,E1138,E1139,E1200,E1201,E1205,E1206,E1300,E1301,E1302,E1303,E1304,E1305,E1306,E1310,E1700,E1701 --msg-template='{line},{column},{category},{symbol}:{msg}' --reports=n --output-format=text ~/CollegeProjects/DataWrangling/open_street_main.py
cwd: ~/CollegeProjects/DataWrangling
> /run/current-system/sw/bin/python ~/.vscode/extensions/ms-python.python-2021.3.680753044/pythonFiles/pyvsc-run-isolated.py -c "import pylint"
> /run/current-system/sw/bin/python ~/.vscode/extensions/ms-python.python-2021.3.680753044/pythonFiles/pyvsc-run-isolated.py -c "import pylint"
> /run/current-system/sw/bin/python ~/.vscode/extensions/ms-python.python-2021.3.680753044/pythonFiles/pyvsc-run-isolated.py -c "import pylint"
> /run/current-system/sw/bin/python ~/.vscode/extensions/ms-python.python-2021.3.680753044/pythonFiles/pyvsc-run-isolated.py -c "import pylint"

Linter 'pylint' is not installed. Please install it or select another linter".
Error: Module 'pylint' not installed.
Error 2021-03-25 08:42:17: stderr jediProxy Error (stderr) /home/jasonk/.vscode/extensions/ms-python.python-2021.3.680753044/pythonFiles/completion.py:105: DeprecationWarning: Deprecated since version 0.16.0. Use Script(...).get_signatures instead.
  call_signatures = script.call_signatures()

Error 2021-03-25 08:42:17: stderr jediProxy Error (stderr) /home/jasonk/.vscode/extensions/ms-python.python-2021.3.680753044/pythonFiles/completion.py:230: DeprecationWarning: Deprecated since version 0.16.0. Use Script(...).complete instead.
  completions = script.completions()

> /run/current-system/sw/bin/python ~/.vscode/extensions/ms-python.python-2021.3.680753044/pythonFiles/pyvsc-run-isolated.py pylint --disable=all --enable=F,unreachable,duplicate-key,unnecessary-semicolon,global-variable-not-assigned,unused-variable,unused-wildcard-import,binary-op-exception,bad-format-string,anomalous-backslash-in-string,bad-open-mode,E0001,E0011,E0012,E0100,E0101,E0102,E0103,E0104,E0105,E0107,E0108,E0110,E0111,E0112,E0113,E0114,E0115,E0116,E0117,E0118,E0202,E0203,E0211,E0213,E0236,E0237,E0238,E0239,E0240,E0241,E0301,E0302,E0303,E0401,E0402,E0601,E0602,E0603,E0604,E0611,E0632,E0633,E0701,E0702,E0703,E0704,E0710,E0711,E0712,E1003,E1101,E1102,E1111,E1120,E1121,E1123,E1124,E1125,E1126,E1127,E1128,E1129,E1130,E1131,E1132,E1133,E1134,E1135,E1136,E1137,E1138,E1139,E1200,E1201,E1205,E1206,E1300,E1301,E1302,E1303,E1304,E1305,E1306,E1310,E1700,E1701 --msg-template='{line},{column},{category},{symbol}:{msg}' --reports=n --output-format=text ~/CollegeProjects/DataWrangling/open_street_main.py
cwd: ~/CollegeProjects/DataWrangling
> /run/current-system/sw/bin/python ~/.vscode/extensions/ms-python.python-2021.3.680753044/pythonFiles/pyvsc-run-isolated.py pylint --disable=all --enable=F,unreachable,duplicate-key,unnecessary-semicolon,global-variable-not-assigned,unused-variable,unused-wildcard-import,binary-op-exception,bad-format-string,anomalous-backslash-in-string,bad-open-mode,E0001,E0011,E0012,E0100,E0101,E0102,E0103,E0104,E0105,E0107,E0108,E0110,E0111,E0112,E0113,E0114,E0115,E0116,E0117,E0118,E0202,E0203,E0211,E0213,E0236,E0237,E0238,E0239,E0240,E0241,E0301,E0302,E0303,E0401,E0402,E0601,E0602,E0603,E0604,E0611,E0632,E0633,E0701,E0702,E0703,E0704,E0710,E0711,E0712,E1003,E1101,E1102,E1111,E1120,E1121,E1123,E1124,E1125,E1126,E1127,E1128,E1129,E1130,E1131,E1132,E1133,E1134,E1135,E1136,E1137,E1138,E1139,E1200,E1201,E1205,E1206,E1300,E1301,E1302,E1303,E1304,E1305,E1306,E1310,E1700,E1701 --msg-template='{line},{column},{category},{symbol}:{msg}' --reports=n --output-format=text ~/CollegeProjects/DataWrangling/open_street_main.py
cwd: ~/CollegeProjects/DataWrangling
> /run/current-system/sw/bin/python ~/.vscode/extensions/ms-python.python-2021.3.680753044/pythonFiles/pyvsc-run-isolated.py -c "import pylint"
> /run/current-system/sw/bin/python ~/.vscode/extensions/ms-python.python-2021.3.680753044/pythonFiles/pyvsc-run-isolated.py -c "import pylint"
> /run/current-system/sw/bin/python ~/.vscode/extensions/ms-python.python-2021.3.680753044/pythonFiles/pyvsc-run-isolated.py -c "import pylint"
> /run/current-system/sw/bin/python ~/.vscode/extensions/ms-python.python-2021.3.680753044/pythonFiles/pyvsc-run-isolated.py -c "import pylint"

Linter 'pylint' is not installed. Please install it or select another linter".
Error: Module 'pylint' not installed.
Error 2021-03-25 09:15:50: stderr jediProxy Error (stderr) /home/jasonk/.vscode/extensions/ms-python.python-2021.3.680753044/pythonFiles/completion.py:603: DeprecationWarning: Deprecated since version 0.16.0. Use Script(...).goto instead.
  script.goto_assignments(follow_imports=True), request["id"]

Error 2021-03-25 09:31:36: stderr jediProxy Error (stderr) /home/jasonk/.vscode/extensions/ms-python.python-2021.3.680753044/pythonFiles/completion.py:144: DeprecationWarning: Deprecated since version 0.16.0. Use Script(...).get_signatures instead.
  call_signatures = script.call_signatures()

> /run/current-system/sw/bin/python ~/.vscode/extensions/ms-python.python-2021.3.680753044/pythonFiles/pyvsc-run-isolated.py pylint --disable=all --enable=F,unreachable,duplicate-key,unnecessary-semicolon,global-variable-not-assigned,unused-variable,unused-wildcard-import,binary-op-exception,bad-format-string,anomalous-backslash-in-string,bad-open-mode,E0001,E0011,E0012,E0100,E0101,E0102,E0103,E0104,E0105,E0107,E0108,E0110,E0111,E0112,E0113,E0114,E0115,E0116,E0117,E0118,E0202,E0203,E0211,E0213,E0236,E0237,E0238,E0239,E0240,E0241,E0301,E0302,E0303,E0401,E0402,E0601,E0602,E0603,E0604,E0611,E0632,E0633,E0701,E0702,E0703,E0704,E0710,E0711,E0712,E1003,E1101,E1102,E1111,E1120,E1121,E1123,E1124,E1125,E1126,E1127,E1128,E1129,E1130,E1131,E1132,E1133,E1134,E1135,E1136,E1137,E1138,E1139,E1200,E1201,E1205,E1206,E1300,E1301,E1302,E1303,E1304,E1305,E1306,E1310,E1700,E1701 --msg-template='{line},{column},{category},{symbol}:{msg}' --reports=n --output-format=text ~/CollegeProjects/DataWrangling/open_street_main.py
cwd: ~/CollegeProjects/DataWrangling
> /run/current-system/sw/bin/python ~/.vscode/extensions/ms-python.python-2021.3.680753044/pythonFiles/pyvsc-run-isolated.py pylint --disable=all --enable=F,unreachable,duplicate-key,unnecessary-semicolon,global-variable-not-assigned,unused-variable,unused-wildcard-import,binary-op-exception,bad-format-string,anomalous-backslash-in-string,bad-open-mode,E0001,E0011,E0012,E0100,E0101,E0102,E0103,E0104,E0105,E0107,E0108,E0110,E0111,E0112,E0113,E0114,E0115,E0116,E0117,E0118,E0202,E0203,E0211,E0213,E0236,E0237,E0238,E0239,E0240,E0241,E0301,E0302,E0303,E0401,E0402,E0601,E0602,E0603,E0604,E0611,E0632,E0633,E0701,E0702,E0703,E0704,E0710,E0711,E0712,E1003,E1101,E1102,E1111,E1120,E1121,E1123,E1124,E1125,E1126,E1127,E1128,E1129,E1130,E1131,E1132,E1133,E1134,E1135,E1136,E1137,E1138,E1139,E1200,E1201,E1205,E1206,E1300,E1301,E1302,E1303,E1304,E1305,E1306,E1310,E1700,E1701 --msg-template='{line},{column},{category},{symbol}:{msg}' --reports=n --output-format=text ~/CollegeProjects/DataWrangling/open_street_main.py
cwd: ~/CollegeProjects/DataWrangling
> /run/current-system/sw/bin/python ~/.vscode/extensions/ms-python.python-2021.3.680753044/pythonFiles/pyvsc-run-isolated.py -c "import pylint"
> /run/current-system/sw/bin/python ~/.vscode/extensions/ms-python.python-2021.3.680753044/pythonFiles/pyvsc-run-isolated.py -c "import pylint"
> /run/current-system/sw/bin/python ~/.vscode/extensions/ms-python.python-2021.3.680753044/pythonFiles/pyvsc-run-isolated.py -c "import pylint"
> /run/current-system/sw/bin/python ~/.vscode/extensions/ms-python.python-2021.3.680753044/pythonFiles/pyvsc-run-isolated.py -c "import pylint"

Linter 'pylint' is not installed. Please install it or select another linter".
Error: Module 'pylint' not installed.
> /run/current-system/sw/bin/python ~/.vscode/extensions/ms-python.python-2021.3.680753044/pythonFiles/pyvsc-run-isolated.py pylint --disable=all --enable=F,unreachable,duplicate-key,unnecessary-semicolon,global-variable-not-assigned,unused-variable,unused-wildcard-import,binary-op-exception,bad-format-string,anomalous-backslash-in-string,bad-open-mode,E0001,E0011,E0012,E0100,E0101,E0102,E0103,E0104,E0105,E0107,E0108,E0110,E0111,E0112,E0113,E0114,E0115,E0116,E0117,E0118,E0202,E0203,E0211,E0213,E0236,E0237,E0238,E0239,E0240,E0241,E0301,E0302,E0303,E0401,E0402,E0601,E0602,E0603,E0604,E0611,E0632,E0633,E0701,E0702,E0703,E0704,E0710,E0711,E0712,E1003,E1101,E1102,E1111,E1120,E1121,E1123,E1124,E1125,E1126,E1127,E1128,E1129,E1130,E1131,E1132,E1133,E1134,E1135,E1136,E1137,E1138,E1139,E1200,E1201,E1205,E1206,E1300,E1301,E1302,E1303,E1304,E1305,E1306,E1310,E1700,E1701 --msg-template='{line},{column},{category},{symbol}:{msg}' --reports=n --output-format=text ~/CollegeProjects/DataWrangling/open_street_main.py
cwd: ~/CollegeProjects/DataWrangling
> /run/current-system/sw/bin/python ~/.vscode/extensions/ms-python.python-2021.3.680753044/pythonFiles/pyvsc-run-isolated.py pylint --disable=all --enable=F,unreachable,duplicate-key,unnecessary-semicolon,global-variable-not-assigned,unused-variable,unused-wildcard-import,binary-op-exception,bad-format-string,anomalous-backslash-in-string,bad-open-mode,E0001,E0011,E0012,E0100,E0101,E0102,E0103,E0104,E0105,E0107,E0108,E0110,E0111,E0112,E0113,E0114,E0115,E0116,E0117,E0118,E0202,E0203,E0211,E0213,E0236,E0237,E0238,E0239,E0240,E0241,E0301,E0302,E0303,E0401,E0402,E0601,E0602,E0603,E0604,E0611,E0632,E0633,E0701,E0702,E0703,E0704,E0710,E0711,E0712,E1003,E1101,E1102,E1111,E1120,E1121,E1123,E1124,E1125,E1126,E1127,E1128,E1129,E1130,E1131,E1132,E1133,E1134,E1135,E1136,E1137,E1138,E1139,E1200,E1201,E1205,E1206,E1300,E1301,E1302,E1303,E1304,E1305,E1306,E1310,E1700,E1701 --msg-template='{line},{column},{category},{symbol}:{msg}' --reports=n --output-format=text ~/CollegeProjects/DataWrangling/open_street_main.py
cwd: ~/CollegeProjects/DataWrangling
> /run/current-system/sw/bin/python ~/.vscode/extensions/ms-python.python-2021.3.680753044/pythonFiles/pyvsc-run-isolated.py -c "import pylint"
> /run/current-system/sw/bin/python ~/.vscode/extensions/ms-python.python-2021.3.680753044/pythonFiles/pyvsc-run-isolated.py -c "import pylint"
> /run/current-system/sw/bin/python ~/.vscode/extensions/ms-python.python-2021.3.680753044/pythonFiles/pyvsc-run-isolated.py -c "import pylint"
> /run/current-system/sw/bin/python ~/.vscode/extensions/ms-python.python-2021.3.680753044/pythonFiles/pyvsc-run-isolated.py -c "import pylint"

Linter 'pylint' is not installed. Please install it or select another linter".
Error: Module 'pylint' not installed.
Error 2021-03-25 09:39:19: stderr jediProxy Error (stderr) /home/jasonk/.vscode/extensions/ms-python.python-2021.3.680753044/pythonFiles/completion.py:584: DeprecationWarning: Deprecated since version 0.16.0. Use Script(...).get_names instead.
  jedi.api.names(

Error 2021-03-25 09:39:21: stderr jediProxy Error (stderr) /home/jasonk/.vscode/extensions/ms-python.python-2021.3.680753044/pythonFiles/completion.py:592: DeprecationWarning: Providing the line is now done in the functions themselves like `Script(...).complete(line, column)`
  script = jedi.Script(
/home/jasonk/.vscode/extensions/ms-python.python-2021.3.680753044/pythonFiles/completion.py:592: DeprecationWarning: Providing the column is now done in the functions themselves like `Script(...).complete(line, column)`
  script = jedi.Script(
/home/jasonk/.vscode/extensions/ms-python.python-2021.3.680753044/pythonFiles/completion.py:592: DeprecationWarning: Use the code keyword argument instead.
  script = jedi.Script(
/home/jasonk/.vscode/extensions/ms-python.python-2021.3.680753044/pythonFiles/completion.py:592: DeprecationWarning: Deprecated since version 0.17.0. Use the project API instead, which means Script(project=Project(dir, sys_path=sys_path)) instead.
  script = jedi.Script(

Error 2021-03-25 09:39:21: stderr jediProxy Error (stderr) /home/jasonk/.vscode/extensions/ms-python.python-2021.3.680753044/pythonFiles/completion.py:105: DeprecationWarning: Deprecated since version 0.16.0. Use Script(...).get_signatures instead.
  call_signatures = script.call_signatures()

Error 2021-03-25 09:39:21: stderr jediProxy Error (stderr) /home/jasonk/.vscode/extensions/ms-python.python-2021.3.680753044/pythonFiles/completion.py:230: DeprecationWarning: Deprecated since version 0.16.0. Use Script(...).complete instead.
  completions = script.completions()

Error 2021-03-25 09:39:21: stderr jediProxy Error (stderr) /home/jasonk/.vscode/extensions/ms-python.python-2021.3.680753044/pythonFiles/completion.py:144: DeprecationWarning: Deprecated since version 0.16.0. Use Script(...).get_signatures instead.
  call_signatures = script.call_signatures()

Error 2021-03-25 09:39:21: stderr jediProxy Error (stderr) /home/jasonk/.vscode/extensions/ms-python.python-2021.3.680753044/pythonFiles/completion.py:592: DeprecationWarning: Providing the line is now done in the functions themselves like `Script(...).complete(line, column)`
  script = jedi.Script(
/home/jasonk/.vscode/extensions/ms-python.python-2021.3.680753044/pythonFiles/completion.py:592: DeprecationWarning: Providing the column is now done in the functions themselves like `Script(...).complete(line, column)`
  script = jedi.Script(
/home/jasonk/.vscode/extensions/ms-python.python-2021.3.680753044/pythonFiles/completion.py:592: DeprecationWarning: Use the code keyword argument instead.
  script = jedi.Script(
/home/jasonk/.vscode/extensions/ms-python.python-2021.3.680753044/pythonFiles/completion.py:592: DeprecationWarning: Deprecated since version 0.17.0. Use the project API instead, which means Script(project=Project(dir, sys_path=sys_path)) instead.
  script = jedi.Script(

Error 2021-03-25 09:39:21: stderr jediProxy Error (stderr) /home/jasonk/.vscode/extensions/ms-python.python-2021.3.680753044/pythonFiles/completion.py:626: DeprecationWarning: Deprecated since version 0.16.0. Use Script(...).infer instead.
  script.goto_definitions(), request["id"]

Error 2021-03-25 09:39:21: stderr jediProxy Error (stderr) /home/jasonk/.vscode/extensions/ms-python.python-2021.3.680753044/pythonFiles/completion.py:144: DeprecationWarning: Deprecated since version 0.16.0. Use Script(...).get_signatures instead.
  call_signatures = script.call_signatures()

Error 2021-03-25 09:39:22: stderr jediProxy Error (stderr) /home/jasonk/.vscode/extensions/ms-python.python-2021.3.680753044/pythonFiles/completion.py:592: DeprecationWarning: Providing the line is now done in the functions themselves like `Script(...).complete(line, column)`
  script = jedi.Script(
/home/jasonk/.vscode/extensions/ms-python.python-2021.3.680753044/pythonFiles/completion.py:592: DeprecationWarning: Providing the column is now done in the functions themselves like `Script(...).complete(line, column)`
  script = jedi.Script(

Error 2021-03-25 09:39:22: stderr jediProxy Error (stderr) /home/jasonk/.vscode/extensions/ms-python.python-2021.3.680753044/pythonFiles/completion.py:592: DeprecationWarning: Use the code keyword argument instead.
  script = jedi.Script(
/home/jasonk/.vscode/extensions/ms-python.python-2021.3.680753044/pythonFiles/completion.py:592: DeprecationWarning: Deprecated since version 0.17.0. Use the project API instead, which means Script(project=Project(dir, sys_path=sys_path)) instead.
  script = jedi.Script(

Error 2021-03-25 09:39:22: stderr jediProxy Error (stderr) /home/jasonk/.vscode/extensions/ms-python.python-2021.3.680753044/pythonFiles/completion.py:626: DeprecationWarning: Deprecated since version 0.16.0. Use Script(...).infer instead.
  script.goto_definitions(), request["id"]

Error 2021-03-25 09:39:22: stderr jediProxy Error (stderr) /home/jasonk/.vscode/extensions/ms-python.python-2021.3.680753044/pythonFiles/completion.py:144: DeprecationWarning: Deprecated since version 0.16.0. Use Script(...).get_signatures instead.
  call_signatures = script.call_signatures()

Error 2021-03-25 09:39:23: stderr jediProxy Error (stderr) /home/jasonk/.vscode/extensions/ms-python.python-2021.3.680753044/pythonFiles/completion.py:584: DeprecationWarning: Deprecated since version 0.16.0. Use Script(...).get_names instead.
  jedi.api.names(

Error 2021-03-25 09:39:43: stderr jediProxy Error (stderr) /home/jasonk/.vscode/extensions/ms-python.python-2021.3.680753044/pythonFiles/completion.py:105: DeprecationWarning: Deprecated since version 0.16.0. Use Script(...).get_signatures instead.
  call_signatures = script.call_signatures()

Error 2021-03-25 09:39:43: stderr jediProxy Error (stderr) /home/jasonk/.vscode/extensions/ms-python.python-2021.3.680753044/pythonFiles/completion.py:230: DeprecationWarning: Deprecated since version 0.16.0. Use Script(...).complete instead.
  completions = script.completions()

> /run/current-system/sw/bin/python ~/.vscode/extensions/ms-python.python-2021.3.680753044/pythonFiles/pyvsc-run-isolated.py pylint --disable=all --enable=F,unreachable,duplicate-key,unnecessary-semicolon,global-variable-not-assigned,unused-variable,unused-wildcard-import,binary-op-exception,bad-format-string,anomalous-backslash-in-string,bad-open-mode,E0001,E0011,E0012,E0100,E0101,E0102,E0103,E0104,E0105,E0107,E0108,E0110,E0111,E0112,E0113,E0114,E0115,E0116,E0117,E0118,E0202,E0203,E0211,E0213,E0236,E0237,E0238,E0239,E0240,E0241,E0301,E0302,E0303,E0401,E0402,E0601,E0602,E0603,E0604,E0611,E0632,E0633,E0701,E0702,E0703,E0704,E0710,E0711,E0712,E1003,E1101,E1102,E1111,E1120,E1121,E1123,E1124,E1125,E1126,E1127,E1128,E1129,E1130,E1131,E1132,E1133,E1134,E1135,E1136,E1137,E1138,E1139,E1200,E1201,E1205,E1206,E1300,E1301,E1302,E1303,E1304,E1305,E1306,E1310,E1700,E1701 --msg-template='{line},{column},{category},{symbol}:{msg}' --reports=n --output-format=text ~/CollegeProjects/DataWrangling/open_street_main.py
cwd: ~/CollegeProjects/DataWrangling
> /run/current-system/sw/bin/python ~/.vscode/extensions/ms-python.python-2021.3.680753044/pythonFiles/pyvsc-run-isolated.py pylint --disable=all --enable=F,unreachable,duplicate-key,unnecessary-semicolon,global-variable-not-assigned,unused-variable,unused-wildcard-import,binary-op-exception,bad-format-string,anomalous-backslash-in-string,bad-open-mode,E0001,E0011,E0012,E0100,E0101,E0102,E0103,E0104,E0105,E0107,E0108,E0110,E0111,E0112,E0113,E0114,E0115,E0116,E0117,E0118,E0202,E0203,E0211,E0213,E0236,E0237,E0238,E0239,E0240,E0241,E0301,E0302,E0303,E0401,E0402,E0601,E0602,E0603,E0604,E0611,E0632,E0633,E0701,E0702,E0703,E0704,E0710,E0711,E0712,E1003,E1101,E1102,E1111,E1120,E1121,E1123,E1124,E1125,E1126,E1127,E1128,E1129,E1130,E1131,E1132,E1133,E1134,E1135,E1136,E1137,E1138,E1139,E1200,E1201,E1205,E1206,E1300,E1301,E1302,E1303,E1304,E1305,E1306,E1310,E1700,E1701 --msg-template='{line},{column},{category},{symbol}:{msg}' --reports=n --output-format=text ~/CollegeProjects/DataWrangling/open_street_main.py
cwd: ~/CollegeProjects/DataWrangling
> /run/current-system/sw/bin/python ~/.vscode/extensions/ms-python.python-2021.3.680753044/pythonFiles/pyvsc-run-isolated.py -c "import pylint"
> /run/current-system/sw/bin/python ~/.vscode/extensions/ms-python.python-2021.3.680753044/pythonFiles/pyvsc-run-isolated.py -c "import pylint"
> /run/current-system/sw/bin/python ~/.vscode/extensions/ms-python.python-2021.3.680753044/pythonFiles/pyvsc-run-isolated.py -c "import pylint"
> /run/current-system/sw/bin/python ~/.vscode/extensions/ms-python.python-2021.3.680753044/pythonFiles/pyvsc-run-isolated.py -c "import pylint"

Linter 'pylint' is not installed. Please install it or select another linter".
Error: Module 'pylint' not installed.
Error 2021-03-25 09:45:40: stderr jediProxy Error (stderr) /home/jasonk/.vscode/extensions/ms-python.python-2021.3.680753044/pythonFiles/completion.py:603: DeprecationWarning: Deprecated since version 0.16.0. Use Script(...).goto instead.
  script.goto_assignments(follow_imports=True), request["id"]

> /run/current-system/sw/bin/python ~/.vscode/extensions/ms-python.python-2021.3.680753044/pythonFiles/pyvsc-run-isolated.py pylint --disable=all --enable=F,unreachable,duplicate-key,unnecessary-semicolon,global-variable-not-assigned,unused-variable,unused-wildcard-import,binary-op-exception,bad-format-string,anomalous-backslash-in-string,bad-open-mode,E0001,E0011,E0012,E0100,E0101,E0102,E0103,E0104,E0105,E0107,E0108,E0110,E0111,E0112,E0113,E0114,E0115,E0116,E0117,E0118,E0202,E0203,E0211,E0213,E0236,E0237,E0238,E0239,E0240,E0241,E0301,E0302,E0303,E0401,E0402,E0601,E0602,E0603,E0604,E0611,E0632,E0633,E0701,E0702,E0703,E0704,E0710,E0711,E0712,E1003,E1101,E1102,E1111,E1120,E1121,E1123,E1124,E1125,E1126,E1127,E1128,E1129,E1130,E1131,E1132,E1133,E1134,E1135,E1136,E1137,E1138,E1139,E1200,E1201,E1205,E1206,E1300,E1301,E1302,E1303,E1304,E1305,E1306,E1310,E1700,E1701 --msg-template='{line},{column},{category},{symbol}:{msg}' --reports=n --output-format=text ~/CollegeProjects/DataWrangling/open_street_main.py
cwd: ~/CollegeProjects/DataWrangling
> /run/current-system/sw/bin/python ~/.vscode/extensions/ms-python.python-2021.3.680753044/pythonFiles/pyvsc-run-isolated.py pylint --disable=all --enable=F,unreachable,duplicate-key,unnecessary-semicolon,global-variable-not-assigned,unused-variable,unused-wildcard-import,binary-op-exception,bad-format-string,anomalous-backslash-in-string,bad-open-mode,E0001,E0011,E0012,E0100,E0101,E0102,E0103,E0104,E0105,E0107,E0108,E0110,E0111,E0112,E0113,E0114,E0115,E0116,E0117,E0118,E0202,E0203,E0211,E0213,E0236,E0237,E0238,E0239,E0240,E0241,E0301,E0302,E0303,E0401,E0402,E0601,E0602,E0603,E0604,E0611,E0632,E0633,E0701,E0702,E0703,E0704,E0710,E0711,E0712,E1003,E1101,E1102,E1111,E1120,E1121,E1123,E1124,E1125,E1126,E1127,E1128,E1129,E1130,E1131,E1132,E1133,E1134,E1135,E1136,E1137,E1138,E1139,E1200,E1201,E1205,E1206,E1300,E1301,E1302,E1303,E1304,E1305,E1306,E1310,E1700,E1701 --msg-template='{line},{column},{category},{symbol}:{msg}' --reports=n --output-format=text ~/CollegeProjects/DataWrangling/open_street_main.py
cwd: ~/CollegeProjects/DataWrangling
> /run/current-system/sw/bin/python ~/.vscode/extensions/ms-python.python-2021.3.680753044/pythonFiles/pyvsc-run-isolated.py -c "import pylint"
> /run/current-system/sw/bin/python ~/.vscode/extensions/ms-python.python-2021.3.680753044/pythonFiles/pyvsc-run-isolated.py -c "import pylint"
> /run/current-system/sw/bin/python ~/.vscode/extensions/ms-python.python-2021.3.680753044/pythonFiles/pyvsc-run-isolated.py -c "import pylint"
> /run/current-system/sw/bin/python ~/.vscode/extensions/ms-python.python-2021.3.680753044/pythonFiles/pyvsc-run-isolated.py -c "import pylint"

Linter 'pylint' is not installed. Please install it or select another linter".
Error: Module 'pylint' not installed.
> /run/current-system/sw/bin/python ~/.vscode/extensions/ms-python.python-2021.3.680753044/pythonFiles/pyvsc-run-isolated.py pylint --disable=all --enable=F,unreachable,duplicate-key,unnecessary-semicolon,global-variable-not-assigned,unused-variable,unused-wildcard-import,binary-op-exception,bad-format-string,anomalous-backslash-in-string,bad-open-mode,E0001,E0011,E0012,E0100,E0101,E0102,E0103,E0104,E0105,E0107,E0108,E0110,E0111,E0112,E0113,E0114,E0115,E0116,E0117,E0118,E0202,E0203,E0211,E0213,E0236,E0237,E0238,E0239,E0240,E0241,E0301,E0302,E0303,E0401,E0402,E0601,E0602,E0603,E0604,E0611,E0632,E0633,E0701,E0702,E0703,E0704,E0710,E0711,E0712,E1003,E1101,E1102,E1111,E1120,E1121,E1123,E1124,E1125,E1126,E1127,E1128,E1129,E1130,E1131,E1132,E1133,E1134,E1135,E1136,E1137,E1138,E1139,E1200,E1201,E1205,E1206,E1300,E1301,E1302,E1303,E1304,E1305,E1306,E1310,E1700,E1701 --msg-template='{line},{column},{category},{symbol}:{msg}' --reports=n --output-format=text ~/CollegeProjects/DataWrangling/open_street_main.py
cwd: ~/CollegeProjects/DataWrangling
> /run/current-system/sw/bin/python ~/.vscode/extensions/ms-python.python-2021.3.680753044/pythonFiles/pyvsc-run-isolated.py pylint --disable=all --enable=F,unreachable,duplicate-key,unnecessary-semicolon,global-variable-not-assigned,unused-variable,unused-wildcard-import,binary-op-exception,bad-format-string,anomalous-backslash-in-string,bad-open-mode,E0001,E0011,E0012,E0100,E0101,E0102,E0103,E0104,E0105,E0107,E0108,E0110,E0111,E0112,E0113,E0114,E0115,E0116,E0117,E0118,E0202,E0203,E0211,E0213,E0236,E0237,E0238,E0239,E0240,E0241,E0301,E0302,E0303,E0401,E0402,E0601,E0602,E0603,E0604,E0611,E0632,E0633,E0701,E0702,E0703,E0704,E0710,E0711,E0712,E1003,E1101,E1102,E1111,E1120,E1121,E1123,E1124,E1125,E1126,E1127,E1128,E1129,E1130,E1131,E1132,E1133,E1134,E1135,E1136,E1137,E1138,E1139,E1200,E1201,E1205,E1206,E1300,E1301,E1302,E1303,E1304,E1305,E1306,E1310,E1700,E1701 --msg-template='{line},{column},{category},{symbol}:{msg}' --reports=n --output-format=text ~/CollegeProjects/DataWrangling/open_street_main.py
cwd: ~/CollegeProjects/DataWrangling
> /run/current-system/sw/bin/python ~/.vscode/extensions/ms-python.python-2021.3.680753044/pythonFiles/pyvsc-run-isolated.py -c "import pylint"
> /run/current-system/sw/bin/python ~/.vscode/extensions/ms-python.python-2021.3.680753044/pythonFiles/pyvsc-run-isolated.py -c "import pylint"
> /run/current-system/sw/bin/python ~/.vscode/extensions/ms-python.python-2021.3.680753044/pythonFiles/pyvsc-run-isolated.py -c "import pylint"
> /run/current-system/sw/bin/python ~/.vscode/extensions/ms-python.python-2021.3.680753044/pythonFiles/pyvsc-run-isolated.py -c "import pylint"

Linter 'pylint' is not installed. Please install it or select another linter".
Error: Module 'pylint' not installed.
> /run/current-system/sw/bin/python ~/.vscode/extensions/ms-python.python-2021.3.680753044/pythonFiles/pyvsc-run-isolated.py pylint --disable=all --enable=F,unreachable,duplicate-key,unnecessary-semicolon,global-variable-not-assigned,unused-variable,unused-wildcard-import,binary-op-exception,bad-format-string,anomalous-backslash-in-string,bad-open-mode,E0001,E0011,E0012,E0100,E0101,E0102,E0103,E0104,E0105,E0107,E0108,E0110,E0111,E0112,E0113,E0114,E0115,E0116,E0117,E0118,E0202,E0203,E0211,E0213,E0236,E0237,E0238,E0239,E0240,E0241,E0301,E0302,E0303,E0401,E0402,E0601,E0602,E0603,E0604,E0611,E0632,E0633,E0701,E0702,E0703,E0704,E0710,E0711,E0712,E1003,E1101,E1102,E1111,E1120,E1121,E1123,E1124,E1125,E1126,E1127,E1128,E1129,E1130,E1131,E1132,E1133,E1134,E1135,E1136,E1137,E1138,E1139,E1200,E1201,E1205,E1206,E1300,E1301,E1302,E1303,E1304,E1305,E1306,E1310,E1700,E1701 --msg-template='{line},{column},{category},{symbol}:{msg}' --reports=n --output-format=text ~/CollegeProjects/DataWrangling/open_street_main.py
cwd: ~/CollegeProjects/DataWrangling
> /run/current-system/sw/bin/python ~/.vscode/extensions/ms-python.python-2021.3.680753044/pythonFiles/pyvsc-run-isolated.py pylint --disable=all --enable=F,unreachable,duplicate-key,unnecessary-semicolon,global-variable-not-assigned,unused-variable,unused-wildcard-import,binary-op-exception,bad-format-string,anomalous-backslash-in-string,bad-open-mode,E0001,E0011,E0012,E0100,E0101,E0102,E0103,E0104,E0105,E0107,E0108,E0110,E0111,E0112,E0113,E0114,E0115,E0116,E0117,E0118,E0202,E0203,E0211,E0213,E0236,E0237,E0238,E0239,E0240,E0241,E0301,E0302,E0303,E0401,E0402,E0601,E0602,E0603,E0604,E0611,E0632,E0633,E0701,E0702,E0703,E0704,E0710,E0711,E0712,E1003,E1101,E1102,E1111,E1120,E1121,E1123,E1124,E1125,E1126,E1127,E1128,E1129,E1130,E1131,E1132,E1133,E1134,E1135,E1136,E1137,E1138,E1139,E1200,E1201,E1205,E1206,E1300,E1301,E1302,E1303,E1304,E1305,E1306,E1310,E1700,E1701 --msg-template='{line},{column},{category},{symbol}:{msg}' --reports=n --output-format=text ~/CollegeProjects/DataWrangling/open_street_main.py
cwd: ~/CollegeProjects/DataWrangling
> /run/current-system/sw/bin/python ~/.vscode/extensions/ms-python.python-2021.3.680753044/pythonFiles/pyvsc-run-isolated.py -c "import pylint"
> /run/current-system/sw/bin/python ~/.vscode/extensions/ms-python.python-2021.3.680753044/pythonFiles/pyvsc-run-isolated.py -c "import pylint"
> /run/current-system/sw/bin/python ~/.vscode/extensions/ms-python.python-2021.3.680753044/pythonFiles/pyvsc-run-isolated.py -c "import pylint"
> /run/current-system/sw/bin/python ~/.vscode/extensions/ms-python.python-2021.3.680753044/pythonFiles/pyvsc-run-isolated.py -c "import pylint"

Linter 'pylint' is not installed. Please install it or select another linter".
Error: Module 'pylint' not installed.
> /run/current-system/sw/bin/python ~/.vscode/extensions/ms-python.python-2021.3.680753044/pythonFiles/pyvsc-run-isolated.py pylint --disable=all --enable=F,unreachable,duplicate-key,unnecessary-semicolon,global-variable-not-assigned,unused-variable,unused-wildcard-import,binary-op-exception,bad-format-string,anomalous-backslash-in-string,bad-open-mode,E0001,E0011,E0012,E0100,E0101,E0102,E0103,E0104,E0105,E0107,E0108,E0110,E0111,E0112,E0113,E0114,E0115,E0116,E0117,E0118,E0202,E0203,E0211,E0213,E0236,E0237,E0238,E0239,E0240,E0241,E0301,E0302,E0303,E0401,E0402,E0601,E0602,E0603,E0604,E0611,E0632,E0633,E0701,E0702,E0703,E0704,E0710,E0711,E0712,E1003,E1101,E1102,E1111,E1120,E1121,E1123,E1124,E1125,E1126,E1127,E1128,E1129,E1130,E1131,E1132,E1133,E1134,E1135,E1136,E1137,E1138,E1139,E1200,E1201,E1205,E1206,E1300,E1301,E1302,E1303,E1304,E1305,E1306,E1310,E1700,E1701 --msg-template='{line},{column},{category},{symbol}:{msg}' --reports=n --output-format=text ~/CollegeProjects/DataWrangling/open_street_main.py
cwd: ~/CollegeProjects/DataWrangling
> /run/current-system/sw/bin/python ~/.vscode/extensions/ms-python.python-2021.3.680753044/pythonFiles/pyvsc-run-isolated.py pylint --disable=all --enable=F,unreachable,duplicate-key,unnecessary-semicolon,global-variable-not-assigned,unused-variable,unused-wildcard-import,binary-op-exception,bad-format-string,anomalous-backslash-in-string,bad-open-mode,E0001,E0011,E0012,E0100,E0101,E0102,E0103,E0104,E0105,E0107,E0108,E0110,E0111,E0112,E0113,E0114,E0115,E0116,E0117,E0118,E0202,E0203,E0211,E0213,E0236,E0237,E0238,E0239,E0240,E0241,E0301,E0302,E0303,E0401,E0402,E0601,E0602,E0603,E0604,E0611,E0632,E0633,E0701,E0702,E0703,E0704,E0710,E0711,E0712,E1003,E1101,E1102,E1111,E1120,E1121,E1123,E1124,E1125,E1126,E1127,E1128,E1129,E1130,E1131,E1132,E1133,E1134,E1135,E1136,E1137,E1138,E1139,E1200,E1201,E1205,E1206,E1300,E1301,E1302,E1303,E1304,E1305,E1306,E1310,E1700,E1701 --msg-template='{line},{column},{category},{symbol}:{msg}' --reports=n --output-format=text ~/CollegeProjects/DataWrangling/open_street_main.py
cwd: ~/CollegeProjects/DataWrangling
> /run/current-system/sw/bin/python ~/.vscode/extensions/ms-python.python-2021.3.680753044/pythonFiles/pyvsc-run-isolated.py -c "import pylint"
> /run/current-system/sw/bin/python ~/.vscode/extensions/ms-python.python-2021.3.680753044/pythonFiles/pyvsc-run-isolated.py -c "import pylint"
> /run/current-system/sw/bin/python ~/.vscode/extensions/ms-python.python-2021.3.680753044/pythonFiles/pyvsc-run-isolated.py -c "import pylint"
> /run/current-system/sw/bin/python ~/.vscode/extensions/ms-python.python-2021.3.680753044/pythonFiles/pyvsc-run-isolated.py -c "import pylint"

Linter 'pylint' is not installed. Please install it or select another linter".
Error: Module 'pylint' not installed.
