[2021-03-26 07:54:52.069] [exthost] [info] extension host started
[2021-03-26 07:54:52.184] [exthost] [info] ExtensionService#_doActivateExtension ms-python.python {"startup":false,"extensionId":{"value":"ms-python.python","_lower":"ms-python.python"},"activationEvent":"onLanguage:python"}
[2021-03-26 07:54:52.184] [exthost] [info] ExtensionService#loadCommonJSModule file:///nix/store/6sf83hj9p3b109kbi3cpy7fwibqn1isp-vscode-extensions/share/vscode/extensions/ms-python.python/out/client/extension
[2021-03-26 07:54:52.303] [exthost] [info] ExtensionService#_doActivateExtension vscode.debug-auto-launch {"startup":true,"extensionId":{"value":"vscode.debug-auto-launch","_lower":"vscode.debug-auto-launch"},"activationEvent":"*"}
[2021-03-26 07:54:52.303] [exthost] [info] ExtensionService#loadCommonJSModule file:///nix/store/7jfcjadhpxkyh7nj42306a0qhiv4idc0-vscodium-1.54.3/lib/vscode/resources/app/extensions/debug-auto-launch/dist/extension
[2021-03-26 07:54:52.306] [exthost] [info] ExtensionService#_doActivateExtension vscode.git {"startup":true,"extensionId":{"value":"vscode.github","_lower":"vscode.github"},"activationEvent":"*"}
[2021-03-26 07:54:52.306] [exthost] [info] ExtensionService#loadCommonJSModule file:///nix/store/7jfcjadhpxkyh7nj42306a0qhiv4idc0-vscodium-1.54.3/lib/vscode/resources/app/extensions/git/dist/main
[2021-03-26 07:54:52.622] [exthost] [info] ExtensionService#_doActivateExtension vscode.github {"startup":true,"extensionId":{"value":"vscode.github","_lower":"vscode.github"},"activationEvent":"*"}
[2021-03-26 07:54:52.622] [exthost] [info] ExtensionService#loadCommonJSModule file:///nix/store/7jfcjadhpxkyh7nj42306a0qhiv4idc0-vscodium-1.54.3/lib/vscode/resources/app/extensions/github/dist/extension.js
[2021-03-26 07:54:52.691] [exthost] [info] eager extensions activated
[2021-03-26 07:54:52.724] [exthost] [info] ExtensionService#_doActivateExtension ms-vscode.js-debug {"startup":false,"extensionId":{"value":"ms-vscode.js-debug","_lower":"ms-vscode.js-debug"},"activationEvent":"onCommand:extension.js-debug.clearAutoAttachVariables"}
[2021-03-26 07:54:52.725] [exthost] [info] ExtensionService#loadCommonJSModule file:///nix/store/7jfcjadhpxkyh7nj42306a0qhiv4idc0-vscodium-1.54.3/lib/vscode/resources/app/extensions/ms-vscode.js-debug/src/extension.js
[2021-03-26 07:54:52.899] [exthost] [info] ExtensionService#_doActivateExtension vscode.emmet {"startup":false,"extensionId":{"value":"vscode.emmet","_lower":"vscode.emmet"},"activationEvent":"onStartupFinished"}
[2021-03-26 07:54:52.899] [exthost] [info] ExtensionService#loadCommonJSModule file:///nix/store/7jfcjadhpxkyh7nj42306a0qhiv4idc0-vscodium-1.54.3/lib/vscode/resources/app/extensions/emmet/dist/node/emmetNodeMain
[2021-03-26 07:54:52.903] [exthost] [info] ExtensionService#_doActivateExtension vscode.merge-conflict {"startup":false,"extensionId":{"value":"vscode.merge-conflict","_lower":"vscode.merge-conflict"},"activationEvent":"onStartupFinished"}
[2021-03-26 07:54:52.903] [exthost] [info] ExtensionService#loadCommonJSModule file:///nix/store/7jfcjadhpxkyh7nj42306a0qhiv4idc0-vscodium-1.54.3/lib/vscode/resources/app/extensions/merge-conflict/dist/mergeConflictMain
[2021-03-26 07:54:52.906] [exthost] [info] ExtensionService#_doActivateExtension vscode.testing-editor-contributions {"startup":false,"extensionId":{"value":"vscode.testing-editor-contributions","_lower":"vscode.testing-editor-contributions"},"activationEvent":"onStartupFinished"}
[2021-03-26 07:54:52.906] [exthost] [info] ExtensionService#loadCommonJSModule file:///nix/store/7jfcjadhpxkyh7nj42306a0qhiv4idc0-vscodium-1.54.3/lib/vscode/resources/app/extensions/testing-editor-contributions/dist/extension.js
[2021-03-26 08:18:46.460] [exthost] [info] ExtensionService#_doActivateExtension vscode.debug-server-ready {"startup":false,"extensionId":{"value":"vscode.debug-server-ready","_lower":"vscode.debug-server-ready"},"activationEvent":"onDebugResolve"}
[2021-03-26 08:18:46.460] [exthost] [info] ExtensionService#loadCommonJSModule file:///nix/store/7jfcjadhpxkyh7nj42306a0qhiv4idc0-vscodium-1.54.3/lib/vscode/resources/app/extensions/debug-server-ready/dist/extension
[2021-03-26 08:36:39.162] [exthost] [info] extension host terminating: parent process 3757 does not exist anymore: kill ESRCH (code: ESRCH) (errno: ESRCH)
[2021-03-26 08:36:40.173] [exthost] [info] exiting with code 0
