[2021-03-25 07:02:52.959] [renderer1] [error] EROFS: read-only file system, open '/home/jasonk/.vscode/extensions/bbenoist.Nix/package.json': Error: EROFS: read-only file system, open '/home/jasonk/.vscode/extensions/bbenoist.Nix/package.json'
[2021-03-25 07:27:01.010] [renderer1] [error] Unknown (FileSystemError): Error: Failed to move 'nodes.csv' to the trash
    at Object.u [as createFileSystemProviderError] (file:///nix/store/c1g6qglnvs7dik66fg95bapidn1jhmgj-vscode-1.54.2/lib/vscode/resources/app/out/vs/workbench/workbench.desktop.main.js:622:10353)
    at T.toFileSystemProviderError (file:///nix/store/c1g6qglnvs7dik66fg95bapidn1jhmgj-vscode-1.54.2/lib/vscode/resources/app/out/vs/workbench/workbench.desktop.main.js:626:48308)
    at T.delete (file:///nix/store/c1g6qglnvs7dik66fg95bapidn1jhmgj-vscode-1.54.2/lib/vscode/resources/app/out/vs/workbench/workbench.desktop.main.js:626:44622)
    at async s.del (file:///nix/store/c1g6qglnvs7dik66fg95bapidn1jhmgj-vscode-1.54.2/lib/vscode/resources/app/out/vs/workbench/workbench.desktop.main.js:626:36177)
    at async l.delete (file:///nix/store/c1g6qglnvs7dik66fg95bapidn1jhmgj-vscode-1.54.2/lib/vscode/resources/app/out/vs/workbench/workbench.desktop.main.js:2212:95931)
    at async o.perform (file:///nix/store/c1g6qglnvs7dik66fg95bapidn1jhmgj-vscode-1.54.2/lib/vscode/resources/app/out/vs/workbench/workbench.desktop.main.js:2218:29327)
    at async n.apply (file:///nix/store/c1g6qglnvs7dik66fg95bapidn1jhmgj-vscode-1.54.2/lib/vscode/resources/app/out/vs/workbench/workbench.desktop.main.js:2218:31440)
    at async o._performFileEdits (file:///nix/store/c1g6qglnvs7dik66fg95bapidn1jhmgj-vscode-1.54.2/lib/vscode/resources/app/out/vs/workbench/workbench.desktop.main.js:2218:33270)
    at async o.perform (file:///nix/store/c1g6qglnvs7dik66fg95bapidn1jhmgj-vscode-1.54.2/lib/vscode/resources/app/out/vs/workbench/workbench.desktop.main.js:2218:32812)
    at async r.apply (file:///nix/store/c1g6qglnvs7dik66fg95bapidn1jhmgj-vscode-1.54.2/lib/vscode/resources/app/out/vs/workbench/workbench.desktop.main.js:2218:35282)
    at async file:///nix/store/c1g6qglnvs7dik66fg95bapidn1jhmgj-vscode-1.54.2/lib/vscode/resources/app/out/vs/workbench/workbench.desktop.main.js:2007:17243
[2021-03-25 07:27:01.018] [renderer1] [error] Error: Failed to move 'nodes.csv' to the trash: Unknown (FileSystemError): Error: Failed to move 'nodes.csv' to the trash
    at Object.u [as createFileSystemProviderError] (file:///nix/store/c1g6qglnvs7dik66fg95bapidn1jhmgj-vscode-1.54.2/lib/vscode/resources/app/out/vs/workbench/workbench.desktop.main.js:622:10353)
    at T.toFileSystemProviderError (file:///nix/store/c1g6qglnvs7dik66fg95bapidn1jhmgj-vscode-1.54.2/lib/vscode/resources/app/out/vs/workbench/workbench.desktop.main.js:626:48308)
    at T.delete (file:///nix/store/c1g6qglnvs7dik66fg95bapidn1jhmgj-vscode-1.54.2/lib/vscode/resources/app/out/vs/workbench/workbench.desktop.main.js:626:44622)
    at async s.del (file:///nix/store/c1g6qglnvs7dik66fg95bapidn1jhmgj-vscode-1.54.2/lib/vscode/resources/app/out/vs/workbench/workbench.desktop.main.js:626:36177)
    at async l.delete (file:///nix/store/c1g6qglnvs7dik66fg95bapidn1jhmgj-vscode-1.54.2/lib/vscode/resources/app/out/vs/workbench/workbench.desktop.main.js:2212:95931)
    at async o.perform (file:///nix/store/c1g6qglnvs7dik66fg95bapidn1jhmgj-vscode-1.54.2/lib/vscode/resources/app/out/vs/workbench/workbench.desktop.main.js:2218:29327)
    at async n.apply (file:///nix/store/c1g6qglnvs7dik66fg95bapidn1jhmgj-vscode-1.54.2/lib/vscode/resources/app/out/vs/workbench/workbench.desktop.main.js:2218:31440)
    at async o._performFileEdits (file:///nix/store/c1g6qglnvs7dik66fg95bapidn1jhmgj-vscode-1.54.2/lib/vscode/resources/app/out/vs/workbench/workbench.desktop.main.js:2218:33270)
    at async o.perform (file:///nix/store/c1g6qglnvs7dik66fg95bapidn1jhmgj-vscode-1.54.2/lib/vscode/resources/app/out/vs/workbench/workbench.desktop.main.js:2218:32812)
    at async r.apply (file:///nix/store/c1g6qglnvs7dik66fg95bapidn1jhmgj-vscode-1.54.2/lib/vscode/resources/app/out/vs/workbench/workbench.desktop.main.js:2218:35282)
    at async file:///nix/store/c1g6qglnvs7dik66fg95bapidn1jhmgj-vscode-1.54.2/lib/vscode/resources/app/out/vs/workbench/workbench.desktop.main.js:2007:17243
[2021-03-25 07:29:52.688] [renderer1] [error] Unknown (FileSystemError): Error: Failed to move 'ways.csv' to the trash
    at Object.u [as createFileSystemProviderError] (file:///nix/store/c1g6qglnvs7dik66fg95bapidn1jhmgj-vscode-1.54.2/lib/vscode/resources/app/out/vs/workbench/workbench.desktop.main.js:622:10353)
    at T.toFileSystemProviderError (file:///nix/store/c1g6qglnvs7dik66fg95bapidn1jhmgj-vscode-1.54.2/lib/vscode/resources/app/out/vs/workbench/workbench.desktop.main.js:626:48308)
    at T.delete (file:///nix/store/c1g6qglnvs7dik66fg95bapidn1jhmgj-vscode-1.54.2/lib/vscode/resources/app/out/vs/workbench/workbench.desktop.main.js:626:44622)
    at async s.del (file:///nix/store/c1g6qglnvs7dik66fg95bapidn1jhmgj-vscode-1.54.2/lib/vscode/resources/app/out/vs/workbench/workbench.desktop.main.js:626:36177)
    at async l.delete (file:///nix/store/c1g6qglnvs7dik66fg95bapidn1jhmgj-vscode-1.54.2/lib/vscode/resources/app/out/vs/workbench/workbench.desktop.main.js:2212:95931)
    at async o.perform (file:///nix/store/c1g6qglnvs7dik66fg95bapidn1jhmgj-vscode-1.54.2/lib/vscode/resources/app/out/vs/workbench/workbench.desktop.main.js:2218:29327)
    at async n.apply (file:///nix/store/c1g6qglnvs7dik66fg95bapidn1jhmgj-vscode-1.54.2/lib/vscode/resources/app/out/vs/workbench/workbench.desktop.main.js:2218:31440)
    at async o._performFileEdits (file:///nix/store/c1g6qglnvs7dik66fg95bapidn1jhmgj-vscode-1.54.2/lib/vscode/resources/app/out/vs/workbench/workbench.desktop.main.js:2218:33270)
    at async o.perform (file:///nix/store/c1g6qglnvs7dik66fg95bapidn1jhmgj-vscode-1.54.2/lib/vscode/resources/app/out/vs/workbench/workbench.desktop.main.js:2218:32812)
    at async r.apply (file:///nix/store/c1g6qglnvs7dik66fg95bapidn1jhmgj-vscode-1.54.2/lib/vscode/resources/app/out/vs/workbench/workbench.desktop.main.js:2218:35282)
    at async file:///nix/store/c1g6qglnvs7dik66fg95bapidn1jhmgj-vscode-1.54.2/lib/vscode/resources/app/out/vs/workbench/workbench.desktop.main.js:2007:17243
[2021-03-25 07:29:52.696] [renderer1] [error] Error: Failed to move 'ways.csv' to the trash: Unknown (FileSystemError): Error: Failed to move 'ways.csv' to the trash
    at Object.u [as createFileSystemProviderError] (file:///nix/store/c1g6qglnvs7dik66fg95bapidn1jhmgj-vscode-1.54.2/lib/vscode/resources/app/out/vs/workbench/workbench.desktop.main.js:622:10353)
    at T.toFileSystemProviderError (file:///nix/store/c1g6qglnvs7dik66fg95bapidn1jhmgj-vscode-1.54.2/lib/vscode/resources/app/out/vs/workbench/workbench.desktop.main.js:626:48308)
    at T.delete (file:///nix/store/c1g6qglnvs7dik66fg95bapidn1jhmgj-vscode-1.54.2/lib/vscode/resources/app/out/vs/workbench/workbench.desktop.main.js:626:44622)
    at async s.del (file:///nix/store/c1g6qglnvs7dik66fg95bapidn1jhmgj-vscode-1.54.2/lib/vscode/resources/app/out/vs/workbench/workbench.desktop.main.js:626:36177)
    at async l.delete (file:///nix/store/c1g6qglnvs7dik66fg95bapidn1jhmgj-vscode-1.54.2/lib/vscode/resources/app/out/vs/workbench/workbench.desktop.main.js:2212:95931)
    at async o.perform (file:///nix/store/c1g6qglnvs7dik66fg95bapidn1jhmgj-vscode-1.54.2/lib/vscode/resources/app/out/vs/workbench/workbench.desktop.main.js:2218:29327)
    at async n.apply (file:///nix/store/c1g6qglnvs7dik66fg95bapidn1jhmgj-vscode-1.54.2/lib/vscode/resources/app/out/vs/workbench/workbench.desktop.main.js:2218:31440)
    at async o._performFileEdits (file:///nix/store/c1g6qglnvs7dik66fg95bapidn1jhmgj-vscode-1.54.2/lib/vscode/resources/app/out/vs/workbench/workbench.desktop.main.js:2218:33270)
    at async o.perform (file:///nix/store/c1g6qglnvs7dik66fg95bapidn1jhmgj-vscode-1.54.2/lib/vscode/resources/app/out/vs/workbench/workbench.desktop.main.js:2218:32812)
    at async r.apply (file:///nix/store/c1g6qglnvs7dik66fg95bapidn1jhmgj-vscode-1.54.2/lib/vscode/resources/app/out/vs/workbench/workbench.desktop.main.js:2218:35282)
    at async file:///nix/store/c1g6qglnvs7dik66fg95bapidn1jhmgj-vscode-1.54.2/lib/vscode/resources/app/out/vs/workbench/workbench.desktop.main.js:2007:17243
[2021-03-25 07:30:07.951] [renderer1] [error] Unknown (FileSystemError): Error: Failed to move 'nodes.csv' to the trash
    at Object.u [as createFileSystemProviderError] (file:///nix/store/c1g6qglnvs7dik66fg95bapidn1jhmgj-vscode-1.54.2/lib/vscode/resources/app/out/vs/workbench/workbench.desktop.main.js:622:10353)
    at T.toFileSystemProviderError (file:///nix/store/c1g6qglnvs7dik66fg95bapidn1jhmgj-vscode-1.54.2/lib/vscode/resources/app/out/vs/workbench/workbench.desktop.main.js:626:48308)
    at T.delete (file:///nix/store/c1g6qglnvs7dik66fg95bapidn1jhmgj-vscode-1.54.2/lib/vscode/resources/app/out/vs/workbench/workbench.desktop.main.js:626:44622)
    at async s.del (file:///nix/store/c1g6qglnvs7dik66fg95bapidn1jhmgj-vscode-1.54.2/lib/vscode/resources/app/out/vs/workbench/workbench.desktop.main.js:626:36177)
    at async l.delete (file:///nix/store/c1g6qglnvs7dik66fg95bapidn1jhmgj-vscode-1.54.2/lib/vscode/resources/app/out/vs/workbench/workbench.desktop.main.js:2212:95931)
    at async o.perform (file:///nix/store/c1g6qglnvs7dik66fg95bapidn1jhmgj-vscode-1.54.2/lib/vscode/resources/app/out/vs/workbench/workbench.desktop.main.js:2218:29327)
    at async n.apply (file:///nix/store/c1g6qglnvs7dik66fg95bapidn1jhmgj-vscode-1.54.2/lib/vscode/resources/app/out/vs/workbench/workbench.desktop.main.js:2218:31440)
    at async o._performFileEdits (file:///nix/store/c1g6qglnvs7dik66fg95bapidn1jhmgj-vscode-1.54.2/lib/vscode/resources/app/out/vs/workbench/workbench.desktop.main.js:2218:33270)
    at async o.perform (file:///nix/store/c1g6qglnvs7dik66fg95bapidn1jhmgj-vscode-1.54.2/lib/vscode/resources/app/out/vs/workbench/workbench.desktop.main.js:2218:32812)
    at async r.apply (file:///nix/store/c1g6qglnvs7dik66fg95bapidn1jhmgj-vscode-1.54.2/lib/vscode/resources/app/out/vs/workbench/workbench.desktop.main.js:2218:35282)
    at async file:///nix/store/c1g6qglnvs7dik66fg95bapidn1jhmgj-vscode-1.54.2/lib/vscode/resources/app/out/vs/workbench/workbench.desktop.main.js:2007:17243
[2021-03-25 07:30:07.960] [renderer1] [error] Error: Failed to move 'nodes.csv' to the trash: Unknown (FileSystemError): Error: Failed to move 'nodes.csv' to the trash
    at Object.u [as createFileSystemProviderError] (file:///nix/store/c1g6qglnvs7dik66fg95bapidn1jhmgj-vscode-1.54.2/lib/vscode/resources/app/out/vs/workbench/workbench.desktop.main.js:622:10353)
    at T.toFileSystemProviderError (file:///nix/store/c1g6qglnvs7dik66fg95bapidn1jhmgj-vscode-1.54.2/lib/vscode/resources/app/out/vs/workbench/workbench.desktop.main.js:626:48308)
    at T.delete (file:///nix/store/c1g6qglnvs7dik66fg95bapidn1jhmgj-vscode-1.54.2/lib/vscode/resources/app/out/vs/workbench/workbench.desktop.main.js:626:44622)
    at async s.del (file:///nix/store/c1g6qglnvs7dik66fg95bapidn1jhmgj-vscode-1.54.2/lib/vscode/resources/app/out/vs/workbench/workbench.desktop.main.js:626:36177)
    at async l.delete (file:///nix/store/c1g6qglnvs7dik66fg95bapidn1jhmgj-vscode-1.54.2/lib/vscode/resources/app/out/vs/workbench/workbench.desktop.main.js:2212:95931)
    at async o.perform (file:///nix/store/c1g6qglnvs7dik66fg95bapidn1jhmgj-vscode-1.54.2/lib/vscode/resources/app/out/vs/workbench/workbench.desktop.main.js:2218:29327)
    at async n.apply (file:///nix/store/c1g6qglnvs7dik66fg95bapidn1jhmgj-vscode-1.54.2/lib/vscode/resources/app/out/vs/workbench/workbench.desktop.main.js:2218:31440)
    at async o._performFileEdits (file:///nix/store/c1g6qglnvs7dik66fg95bapidn1jhmgj-vscode-1.54.2/lib/vscode/resources/app/out/vs/workbench/workbench.desktop.main.js:2218:33270)
    at async o.perform (file:///nix/store/c1g6qglnvs7dik66fg95bapidn1jhmgj-vscode-1.54.2/lib/vscode/resources/app/out/vs/workbench/workbench.desktop.main.js:2218:32812)
    at async r.apply (file:///nix/store/c1g6qglnvs7dik66fg95bapidn1jhmgj-vscode-1.54.2/lib/vscode/resources/app/out/vs/workbench/workbench.desktop.main.js:2218:35282)
    at async file:///nix/store/c1g6qglnvs7dik66fg95bapidn1jhmgj-vscode-1.54.2/lib/vscode/resources/app/out/vs/workbench/workbench.desktop.main.js:2007:17243
[2021-03-25 07:32:27.898] [renderer1] [error] Unknown (FileSystemError): Error: Failed to move 'ways.csv' to the trash
    at Object.u [as createFileSystemProviderError] (file:///nix/store/c1g6qglnvs7dik66fg95bapidn1jhmgj-vscode-1.54.2/lib/vscode/resources/app/out/vs/workbench/workbench.desktop.main.js:622:10353)
    at T.toFileSystemProviderError (file:///nix/store/c1g6qglnvs7dik66fg95bapidn1jhmgj-vscode-1.54.2/lib/vscode/resources/app/out/vs/workbench/workbench.desktop.main.js:626:48308)
    at T.delete (file:///nix/store/c1g6qglnvs7dik66fg95bapidn1jhmgj-vscode-1.54.2/lib/vscode/resources/app/out/vs/workbench/workbench.desktop.main.js:626:44622)
    at async s.del (file:///nix/store/c1g6qglnvs7dik66fg95bapidn1jhmgj-vscode-1.54.2/lib/vscode/resources/app/out/vs/workbench/workbench.desktop.main.js:626:36177)
    at async l.delete (file:///nix/store/c1g6qglnvs7dik66fg95bapidn1jhmgj-vscode-1.54.2/lib/vscode/resources/app/out/vs/workbench/workbench.desktop.main.js:2212:95931)
    at async o.perform (file:///nix/store/c1g6qglnvs7dik66fg95bapidn1jhmgj-vscode-1.54.2/lib/vscode/resources/app/out/vs/workbench/workbench.desktop.main.js:2218:29327)
    at async n.apply (file:///nix/store/c1g6qglnvs7dik66fg95bapidn1jhmgj-vscode-1.54.2/lib/vscode/resources/app/out/vs/workbench/workbench.desktop.main.js:2218:31440)
    at async o._performFileEdits (file:///nix/store/c1g6qglnvs7dik66fg95bapidn1jhmgj-vscode-1.54.2/lib/vscode/resources/app/out/vs/workbench/workbench.desktop.main.js:2218:33270)
    at async o.perform (file:///nix/store/c1g6qglnvs7dik66fg95bapidn1jhmgj-vscode-1.54.2/lib/vscode/resources/app/out/vs/workbench/workbench.desktop.main.js:2218:32812)
    at async r.apply (file:///nix/store/c1g6qglnvs7dik66fg95bapidn1jhmgj-vscode-1.54.2/lib/vscode/resources/app/out/vs/workbench/workbench.desktop.main.js:2218:35282)
    at async file:///nix/store/c1g6qglnvs7dik66fg95bapidn1jhmgj-vscode-1.54.2/lib/vscode/resources/app/out/vs/workbench/workbench.desktop.main.js:2007:17243
[2021-03-25 07:32:27.905] [renderer1] [error] Error: Failed to move 'ways.csv' to the trash: Unknown (FileSystemError): Error: Failed to move 'ways.csv' to the trash
    at Object.u [as createFileSystemProviderError] (file:///nix/store/c1g6qglnvs7dik66fg95bapidn1jhmgj-vscode-1.54.2/lib/vscode/resources/app/out/vs/workbench/workbench.desktop.main.js:622:10353)
    at T.toFileSystemProviderError (file:///nix/store/c1g6qglnvs7dik66fg95bapidn1jhmgj-vscode-1.54.2/lib/vscode/resources/app/out/vs/workbench/workbench.desktop.main.js:626:48308)
    at T.delete (file:///nix/store/c1g6qglnvs7dik66fg95bapidn1jhmgj-vscode-1.54.2/lib/vscode/resources/app/out/vs/workbench/workbench.desktop.main.js:626:44622)
    at async s.del (file:///nix/store/c1g6qglnvs7dik66fg95bapidn1jhmgj-vscode-1.54.2/lib/vscode/resources/app/out/vs/workbench/workbench.desktop.main.js:626:36177)
    at async l.delete (file:///nix/store/c1g6qglnvs7dik66fg95bapidn1jhmgj-vscode-1.54.2/lib/vscode/resources/app/out/vs/workbench/workbench.desktop.main.js:2212:95931)
    at async o.perform (file:///nix/store/c1g6qglnvs7dik66fg95bapidn1jhmgj-vscode-1.54.2/lib/vscode/resources/app/out/vs/workbench/workbench.desktop.main.js:2218:29327)
    at async n.apply (file:///nix/store/c1g6qglnvs7dik66fg95bapidn1jhmgj-vscode-1.54.2/lib/vscode/resources/app/out/vs/workbench/workbench.desktop.main.js:2218:31440)
    at async o._performFileEdits (file:///nix/store/c1g6qglnvs7dik66fg95bapidn1jhmgj-vscode-1.54.2/lib/vscode/resources/app/out/vs/workbench/workbench.desktop.main.js:2218:33270)
    at async o.perform (file:///nix/store/c1g6qglnvs7dik66fg95bapidn1jhmgj-vscode-1.54.2/lib/vscode/resources/app/out/vs/workbench/workbench.desktop.main.js:2218:32812)
    at async r.apply (file:///nix/store/c1g6qglnvs7dik66fg95bapidn1jhmgj-vscode-1.54.2/lib/vscode/resources/app/out/vs/workbench/workbench.desktop.main.js:2218:35282)
    at async file:///nix/store/c1g6qglnvs7dik66fg95bapidn1jhmgj-vscode-1.54.2/lib/vscode/resources/app/out/vs/workbench/workbench.desktop.main.js:2007:17243
[2021-03-25 08:37:59.579] [renderer1] [error] EROFS: read-only file system, open '/home/jasonk/.vscode/extensions/bbenoist.Nix/package.json': Error: EROFS: read-only file system, open '/home/jasonk/.vscode/extensions/bbenoist.Nix/package.json'
[2021-03-25 08:40:46.076] [renderer1] [error] EROFS: read-only file system, open '/home/jasonk/.vscode/extensions/bbenoist.Nix/package.json': Error: EROFS: read-only file system, open '/home/jasonk/.vscode/extensions/bbenoist.Nix/package.json'
[2021-03-25 08:41:47.940] [renderer1] [error] Unknown (FileSystemError): Error: Failed to move 'ways.csv' to the trash
    at Object.u [as createFileSystemProviderError] (file:///nix/store/c1g6qglnvs7dik66fg95bapidn1jhmgj-vscode-1.54.2/lib/vscode/resources/app/out/vs/workbench/workbench.desktop.main.js:622:10353)
    at T.toFileSystemProviderError (file:///nix/store/c1g6qglnvs7dik66fg95bapidn1jhmgj-vscode-1.54.2/lib/vscode/resources/app/out/vs/workbench/workbench.desktop.main.js:626:48308)
    at T.delete (file:///nix/store/c1g6qglnvs7dik66fg95bapidn1jhmgj-vscode-1.54.2/lib/vscode/resources/app/out/vs/workbench/workbench.desktop.main.js:626:44622)
    at async s.del (file:///nix/store/c1g6qglnvs7dik66fg95bapidn1jhmgj-vscode-1.54.2/lib/vscode/resources/app/out/vs/workbench/workbench.desktop.main.js:626:36177)
    at async l.delete (file:///nix/store/c1g6qglnvs7dik66fg95bapidn1jhmgj-vscode-1.54.2/lib/vscode/resources/app/out/vs/workbench/workbench.desktop.main.js:2212:95931)
    at async o.perform (file:///nix/store/c1g6qglnvs7dik66fg95bapidn1jhmgj-vscode-1.54.2/lib/vscode/resources/app/out/vs/workbench/workbench.desktop.main.js:2218:29327)
    at async n.apply (file:///nix/store/c1g6qglnvs7dik66fg95bapidn1jhmgj-vscode-1.54.2/lib/vscode/resources/app/out/vs/workbench/workbench.desktop.main.js:2218:31440)
    at async o._performFileEdits (file:///nix/store/c1g6qglnvs7dik66fg95bapidn1jhmgj-vscode-1.54.2/lib/vscode/resources/app/out/vs/workbench/workbench.desktop.main.js:2218:33270)
    at async o.perform (file:///nix/store/c1g6qglnvs7dik66fg95bapidn1jhmgj-vscode-1.54.2/lib/vscode/resources/app/out/vs/workbench/workbench.desktop.main.js:2218:32812)
    at async r.apply (file:///nix/store/c1g6qglnvs7dik66fg95bapidn1jhmgj-vscode-1.54.2/lib/vscode/resources/app/out/vs/workbench/workbench.desktop.main.js:2218:35282)
    at async file:///nix/store/c1g6qglnvs7dik66fg95bapidn1jhmgj-vscode-1.54.2/lib/vscode/resources/app/out/vs/workbench/workbench.desktop.main.js:2007:17243
[2021-03-25 08:41:47.949] [renderer1] [error] Error: Failed to move 'ways.csv' to the trash: Unknown (FileSystemError): Error: Failed to move 'ways.csv' to the trash
    at Object.u [as createFileSystemProviderError] (file:///nix/store/c1g6qglnvs7dik66fg95bapidn1jhmgj-vscode-1.54.2/lib/vscode/resources/app/out/vs/workbench/workbench.desktop.main.js:622:10353)
    at T.toFileSystemProviderError (file:///nix/store/c1g6qglnvs7dik66fg95bapidn1jhmgj-vscode-1.54.2/lib/vscode/resources/app/out/vs/workbench/workbench.desktop.main.js:626:48308)
    at T.delete (file:///nix/store/c1g6qglnvs7dik66fg95bapidn1jhmgj-vscode-1.54.2/lib/vscode/resources/app/out/vs/workbench/workbench.desktop.main.js:626:44622)
    at async s.del (file:///nix/store/c1g6qglnvs7dik66fg95bapidn1jhmgj-vscode-1.54.2/lib/vscode/resources/app/out/vs/workbench/workbench.desktop.main.js:626:36177)
    at async l.delete (file:///nix/store/c1g6qglnvs7dik66fg95bapidn1jhmgj-vscode-1.54.2/lib/vscode/resources/app/out/vs/workbench/workbench.desktop.main.js:2212:95931)
    at async o.perform (file:///nix/store/c1g6qglnvs7dik66fg95bapidn1jhmgj-vscode-1.54.2/lib/vscode/resources/app/out/vs/workbench/workbench.desktop.main.js:2218:29327)
    at async n.apply (file:///nix/store/c1g6qglnvs7dik66fg95bapidn1jhmgj-vscode-1.54.2/lib/vscode/resources/app/out/vs/workbench/workbench.desktop.main.js:2218:31440)
    at async o._performFileEdits (file:///nix/store/c1g6qglnvs7dik66fg95bapidn1jhmgj-vscode-1.54.2/lib/vscode/resources/app/out/vs/workbench/workbench.desktop.main.js:2218:33270)
    at async o.perform (file:///nix/store/c1g6qglnvs7dik66fg95bapidn1jhmgj-vscode-1.54.2/lib/vscode/resources/app/out/vs/workbench/workbench.desktop.main.js:2218:32812)
    at async r.apply (file:///nix/store/c1g6qglnvs7dik66fg95bapidn1jhmgj-vscode-1.54.2/lib/vscode/resources/app/out/vs/workbench/workbench.desktop.main.js:2218:35282)
    at async file:///nix/store/c1g6qglnvs7dik66fg95bapidn1jhmgj-vscode-1.54.2/lib/vscode/resources/app/out/vs/workbench/workbench.desktop.main.js:2007:17243
[2021-03-25 08:42:30.960] [renderer1] [error] Unknown (FileSystemError): Error: Failed to move 'nodes.csv' to the trash
    at Object.u [as createFileSystemProviderError] (file:///nix/store/c1g6qglnvs7dik66fg95bapidn1jhmgj-vscode-1.54.2/lib/vscode/resources/app/out/vs/workbench/workbench.desktop.main.js:622:10353)
    at T.toFileSystemProviderError (file:///nix/store/c1g6qglnvs7dik66fg95bapidn1jhmgj-vscode-1.54.2/lib/vscode/resources/app/out/vs/workbench/workbench.desktop.main.js:626:48308)
    at T.delete (file:///nix/store/c1g6qglnvs7dik66fg95bapidn1jhmgj-vscode-1.54.2/lib/vscode/resources/app/out/vs/workbench/workbench.desktop.main.js:626:44622)
    at async s.del (file:///nix/store/c1g6qglnvs7dik66fg95bapidn1jhmgj-vscode-1.54.2/lib/vscode/resources/app/out/vs/workbench/workbench.desktop.main.js:626:36177)
    at async l.delete (file:///nix/store/c1g6qglnvs7dik66fg95bapidn1jhmgj-vscode-1.54.2/lib/vscode/resources/app/out/vs/workbench/workbench.desktop.main.js:2212:95931)
    at async o.perform (file:///nix/store/c1g6qglnvs7dik66fg95bapidn1jhmgj-vscode-1.54.2/lib/vscode/resources/app/out/vs/workbench/workbench.desktop.main.js:2218:29327)
    at async n.apply (file:///nix/store/c1g6qglnvs7dik66fg95bapidn1jhmgj-vscode-1.54.2/lib/vscode/resources/app/out/vs/workbench/workbench.desktop.main.js:2218:31440)
    at async o._performFileEdits (file:///nix/store/c1g6qglnvs7dik66fg95bapidn1jhmgj-vscode-1.54.2/lib/vscode/resources/app/out/vs/workbench/workbench.desktop.main.js:2218:33270)
    at async o.perform (file:///nix/store/c1g6qglnvs7dik66fg95bapidn1jhmgj-vscode-1.54.2/lib/vscode/resources/app/out/vs/workbench/workbench.desktop.main.js:2218:32812)
    at async r.apply (file:///nix/store/c1g6qglnvs7dik66fg95bapidn1jhmgj-vscode-1.54.2/lib/vscode/resources/app/out/vs/workbench/workbench.desktop.main.js:2218:35282)
    at async file:///nix/store/c1g6qglnvs7dik66fg95bapidn1jhmgj-vscode-1.54.2/lib/vscode/resources/app/out/vs/workbench/workbench.desktop.main.js:2007:17243
[2021-03-25 08:42:30.965] [renderer1] [error] Error: Failed to move 'nodes.csv' to the trash: Unknown (FileSystemError): Error: Failed to move 'nodes.csv' to the trash
    at Object.u [as createFileSystemProviderError] (file:///nix/store/c1g6qglnvs7dik66fg95bapidn1jhmgj-vscode-1.54.2/lib/vscode/resources/app/out/vs/workbench/workbench.desktop.main.js:622:10353)
    at T.toFileSystemProviderError (file:///nix/store/c1g6qglnvs7dik66fg95bapidn1jhmgj-vscode-1.54.2/lib/vscode/resources/app/out/vs/workbench/workbench.desktop.main.js:626:48308)
    at T.delete (file:///nix/store/c1g6qglnvs7dik66fg95bapidn1jhmgj-vscode-1.54.2/lib/vscode/resources/app/out/vs/workbench/workbench.desktop.main.js:626:44622)
    at async s.del (file:///nix/store/c1g6qglnvs7dik66fg95bapidn1jhmgj-vscode-1.54.2/lib/vscode/resources/app/out/vs/workbench/workbench.desktop.main.js:626:36177)
    at async l.delete (file:///nix/store/c1g6qglnvs7dik66fg95bapidn1jhmgj-vscode-1.54.2/lib/vscode/resources/app/out/vs/workbench/workbench.desktop.main.js:2212:95931)
    at async o.perform (file:///nix/store/c1g6qglnvs7dik66fg95bapidn1jhmgj-vscode-1.54.2/lib/vscode/resources/app/out/vs/workbench/workbench.desktop.main.js:2218:29327)
    at async n.apply (file:///nix/store/c1g6qglnvs7dik66fg95bapidn1jhmgj-vscode-1.54.2/lib/vscode/resources/app/out/vs/workbench/workbench.desktop.main.js:2218:31440)
    at async o._performFileEdits (file:///nix/store/c1g6qglnvs7dik66fg95bapidn1jhmgj-vscode-1.54.2/lib/vscode/resources/app/out/vs/workbench/workbench.desktop.main.js:2218:33270)
    at async o.perform (file:///nix/store/c1g6qglnvs7dik66fg95bapidn1jhmgj-vscode-1.54.2/lib/vscode/resources/app/out/vs/workbench/workbench.desktop.main.js:2218:32812)
    at async r.apply (file:///nix/store/c1g6qglnvs7dik66fg95bapidn1jhmgj-vscode-1.54.2/lib/vscode/resources/app/out/vs/workbench/workbench.desktop.main.js:2218:35282)
    at async file:///nix/store/c1g6qglnvs7dik66fg95bapidn1jhmgj-vscode-1.54.2/lib/vscode/resources/app/out/vs/workbench/workbench.desktop.main.js:2007:17243
