[2021-03-26 04:13:04.414] [exthost] [info] extension host started
[2021-03-26 04:13:04.462] [exthost] [info] ExtensionService#_doActivateExtension vscode.debug-auto-launch {"startup":true,"extensionId":{"value":"vscode.debug-auto-launch","_lower":"vscode.debug-auto-launch"},"activationEvent":"*"}
[2021-03-26 04:13:04.462] [exthost] [info] ExtensionService#loadCommonJSModule file:///nix/store/7jfcjadhpxkyh7nj42306a0qhiv4idc0-vscodium-1.54.3/lib/vscode/resources/app/extensions/debug-auto-launch/dist/extension
[2021-03-26 04:13:04.465] [exthost] [info] ExtensionService#_doActivateExtension vscode.git {"startup":true,"extensionId":{"value":"vscode.github","_lower":"vscode.github"},"activationEvent":"*"}
[2021-03-26 04:13:04.465] [exthost] [info] ExtensionService#loadCommonJSModule file:///nix/store/7jfcjadhpxkyh7nj42306a0qhiv4idc0-vscodium-1.54.3/lib/vscode/resources/app/extensions/git/dist/main
[2021-03-26 04:13:04.509] [exthost] [info] ExtensionService#_doActivateExtension vscode.github {"startup":true,"extensionId":{"value":"vscode.github","_lower":"vscode.github"},"activationEvent":"*"}
[2021-03-26 04:13:04.509] [exthost] [info] ExtensionService#loadCommonJSModule file:///nix/store/7jfcjadhpxkyh7nj42306a0qhiv4idc0-vscodium-1.54.3/lib/vscode/resources/app/extensions/github/dist/extension.js
[2021-03-26 04:13:04.515] [exthost] [info] ExtensionService#_doActivateExtension ms-vscode.js-debug {"startup":false,"extensionId":{"value":"ms-vscode.js-debug","_lower":"ms-vscode.js-debug"},"activationEvent":"onCommand:extension.js-debug.clearAutoAttachVariables"}
[2021-03-26 04:13:04.515] [exthost] [info] ExtensionService#loadCommonJSModule file:///nix/store/7jfcjadhpxkyh7nj42306a0qhiv4idc0-vscodium-1.54.3/lib/vscode/resources/app/extensions/ms-vscode.js-debug/src/extension.js
[2021-03-26 04:13:04.592] [exthost] [info] eager extensions activated
[2021-03-26 04:13:04.599] [exthost] [info] ExtensionService#_doActivateExtension vscode.emmet {"startup":false,"extensionId":{"value":"vscode.emmet","_lower":"vscode.emmet"},"activationEvent":"onStartupFinished"}
[2021-03-26 04:13:04.599] [exthost] [info] ExtensionService#loadCommonJSModule file:///nix/store/7jfcjadhpxkyh7nj42306a0qhiv4idc0-vscodium-1.54.3/lib/vscode/resources/app/extensions/emmet/dist/node/emmetNodeMain
[2021-03-26 04:13:04.604] [exthost] [info] ExtensionService#_doActivateExtension vscode.merge-conflict {"startup":false,"extensionId":{"value":"vscode.merge-conflict","_lower":"vscode.merge-conflict"},"activationEvent":"onStartupFinished"}
[2021-03-26 04:13:04.604] [exthost] [info] ExtensionService#loadCommonJSModule file:///nix/store/7jfcjadhpxkyh7nj42306a0qhiv4idc0-vscodium-1.54.3/lib/vscode/resources/app/extensions/merge-conflict/dist/mergeConflictMain
[2021-03-26 04:13:04.606] [exthost] [info] ExtensionService#_doActivateExtension vscode.testing-editor-contributions {"startup":false,"extensionId":{"value":"vscode.testing-editor-contributions","_lower":"vscode.testing-editor-contributions"},"activationEvent":"onStartupFinished"}
[2021-03-26 04:13:04.606] [exthost] [info] ExtensionService#loadCommonJSModule file:///nix/store/7jfcjadhpxkyh7nj42306a0qhiv4idc0-vscodium-1.54.3/lib/vscode/resources/app/extensions/testing-editor-contributions/dist/extension.js
[2021-03-26 04:13:27.505] [exthost] [info] extension host terminating: received terminate message from renderer
[2021-03-26 04:13:28.510] [exthost] [info] exiting with code 0
[2021-03-26 04:13:28.714] [exthost] [info] extension host started
[2021-03-26 04:13:28.735] [exthost] [info] ExtensionService#_doActivateExtension vscode.debug-auto-launch {"startup":true,"extensionId":{"value":"vscode.debug-auto-launch","_lower":"vscode.debug-auto-launch"},"activationEvent":"*"}
[2021-03-26 04:13:28.735] [exthost] [info] ExtensionService#loadCommonJSModule file:///nix/store/7jfcjadhpxkyh7nj42306a0qhiv4idc0-vscodium-1.54.3/lib/vscode/resources/app/extensions/debug-auto-launch/dist/extension
[2021-03-26 04:13:28.737] [exthost] [info] ExtensionService#_doActivateExtension vscode.git {"startup":true,"extensionId":{"value":"vscode.github","_lower":"vscode.github"},"activationEvent":"*"}
[2021-03-26 04:13:28.737] [exthost] [info] ExtensionService#loadCommonJSModule file:///nix/store/7jfcjadhpxkyh7nj42306a0qhiv4idc0-vscodium-1.54.3/lib/vscode/resources/app/extensions/git/dist/main
[2021-03-26 04:13:28.778] [exthost] [info] ExtensionService#_doActivateExtension vscode.github {"startup":true,"extensionId":{"value":"vscode.github","_lower":"vscode.github"},"activationEvent":"*"}
[2021-03-26 04:13:28.778] [exthost] [info] ExtensionService#loadCommonJSModule file:///nix/store/7jfcjadhpxkyh7nj42306a0qhiv4idc0-vscodium-1.54.3/lib/vscode/resources/app/extensions/github/dist/extension.js
[2021-03-26 04:13:28.780] [exthost] [info] ExtensionService#_doActivateExtension ms-vscode.js-debug {"startup":false,"extensionId":{"value":"ms-vscode.js-debug","_lower":"ms-vscode.js-debug"},"activationEvent":"onCommand:extension.js-debug.clearAutoAttachVariables"}
[2021-03-26 04:13:28.780] [exthost] [info] ExtensionService#loadCommonJSModule file:///nix/store/7jfcjadhpxkyh7nj42306a0qhiv4idc0-vscodium-1.54.3/lib/vscode/resources/app/extensions/ms-vscode.js-debug/src/extension.js
[2021-03-26 04:13:28.856] [exthost] [info] eager extensions activated
[2021-03-26 04:13:28.864] [exthost] [info] ExtensionService#_doActivateExtension vscode.emmet {"startup":false,"extensionId":{"value":"vscode.emmet","_lower":"vscode.emmet"},"activationEvent":"onStartupFinished"}
[2021-03-26 04:13:28.864] [exthost] [info] ExtensionService#loadCommonJSModule file:///nix/store/7jfcjadhpxkyh7nj42306a0qhiv4idc0-vscodium-1.54.3/lib/vscode/resources/app/extensions/emmet/dist/node/emmetNodeMain
[2021-03-26 04:13:28.869] [exthost] [info] ExtensionService#_doActivateExtension vscode.merge-conflict {"startup":false,"extensionId":{"value":"vscode.merge-conflict","_lower":"vscode.merge-conflict"},"activationEvent":"onStartupFinished"}
[2021-03-26 04:13:28.869] [exthost] [info] ExtensionService#loadCommonJSModule file:///nix/store/7jfcjadhpxkyh7nj42306a0qhiv4idc0-vscodium-1.54.3/lib/vscode/resources/app/extensions/merge-conflict/dist/mergeConflictMain
[2021-03-26 04:13:28.870] [exthost] [info] ExtensionService#_doActivateExtension vscode.testing-editor-contributions {"startup":false,"extensionId":{"value":"vscode.testing-editor-contributions","_lower":"vscode.testing-editor-contributions"},"activationEvent":"onStartupFinished"}
[2021-03-26 04:13:28.870] [exthost] [info] ExtensionService#loadCommonJSModule file:///nix/store/7jfcjadhpxkyh7nj42306a0qhiv4idc0-vscodium-1.54.3/lib/vscode/resources/app/extensions/testing-editor-contributions/dist/extension.js
[2021-03-26 04:14:23.965] [exthost] [info] ExtensionService#_doActivateExtension ms-python.python {"startup":false,"extensionId":{"value":"ms-python.python","_lower":"ms-python.python"},"activationEvent":"onLanguage:python"}
[2021-03-26 04:14:23.966] [exthost] [info] ExtensionService#loadCommonJSModule file:///nix/store/6sf83hj9p3b109kbi3cpy7fwibqn1isp-vscode-extensions/share/vscode/extensions/ms-python.python/out/client/extension
[2021-03-26 04:29:20.431] [exthost] [info] ExtensionService#_doActivateExtension vscode.html-language-features {"startup":false,"extensionId":{"value":"vscode.html-language-features","_lower":"vscode.html-language-features"},"activationEvent":"onLanguage:html"}
[2021-03-26 04:29:20.431] [exthost] [info] ExtensionService#loadCommonJSModule file:///nix/store/7jfcjadhpxkyh7nj42306a0qhiv4idc0-vscodium-1.54.3/lib/vscode/resources/app/extensions/html-language-features/client/dist/node/htmlClientMain
[2021-03-26 07:03:27.056] [exthost] [info] extension host terminating: parent process 5054 does not exist anymore: kill ESRCH (code: ESRCH) (errno: ESRCH)
[2021-03-26 07:03:28.078] [exthost] [info] exiting with code 0
