User belongs to experiment group 'CollectLSRequestTiming - control'
User belongs to experiment group 'CollectNodeLSRequestTiming - experiment'
User belongs to experiment group 'pythonaacf'
User belongs to experiment group 'pythonSendEntireLineToREPL'
User belongs to experiment group 'pythonNotDisplayLinterPrompt'
User belongs to experiment group 'pythonDiscoveryModuleWithoutWatcher'
User belongs to experiment group 'pythonTensorboardExperimentcf'
> conda --version
> pyenv root
> python3.7 /nix/store/zf6hfgvzrm7w6mqakflhf7161c950h11-vscode-extension-ms-python-python-2020.9.114305/share/vscode/extensions/ms-python.python/pythonFiles/pyvsc-run-isolated.py -c "import sys;print(sys.executable)"
> python2 /nix/store/zf6hfgvzrm7w6mqakflhf7161c950h11-vscode-extension-ms-python-python-2020.9.114305/share/vscode/extensions/ms-python.python/pythonFiles/pyvsc-run-isolated.py -c "import sys;print(sys.executable)"
> python3 /nix/store/zf6hfgvzrm7w6mqakflhf7161c950h11-vscode-extension-ms-python-python-2020.9.114305/share/vscode/extensions/ms-python.python/pythonFiles/pyvsc-run-isolated.py -c "import sys;print(sys.executable)"
> python /nix/store/zf6hfgvzrm7w6mqakflhf7161c950h11-vscode-extension-ms-python-python-2020.9.114305/share/vscode/extensions/ms-python.python/pythonFiles/pyvsc-run-isolated.py -c "import sys;print(sys.executable)"
> python3.6 /nix/store/zf6hfgvzrm7w6mqakflhf7161c950h11-vscode-extension-ms-python-python-2020.9.114305/share/vscode/extensions/ms-python.python/pythonFiles/pyvsc-run-isolated.py -c "import sys;print(sys.executable)"
> python /nix/store/zf6hfgvzrm7w6mqakflhf7161c950h11-vscode-extension-ms-python-python-2020.9.114305/share/vscode/extensions/ms-python.python/pythonFiles/pyvsc-run-isolated.py -c "import sys;print(sys.executable)"
> conda info --json
Error 2021-03-26 07:54:52: Failed to download and store experiments, Class name = b, completed in 499ms, has a falsy return value, , Return Value: undefined [Error: getaddrinfo ENOTFOUND raw.githubusercontent.com
	at GetAddrInfoReqWrap.onlookup [as oncomplete] (dns.js:66:26)] {
  errno: 'ENOTFOUND',
  code: 'ENOTFOUND',
  syscall: 'getaddrinfo',
  hostname: 'raw.githubusercontent.com'
}
Error 2021-03-26 07:54:52: Failed to initialize experiments, Class name = b, completed in 505ms, has a falsy return value, , Return Value: undefined [Error: getaddrinfo ENOTFOUND raw.githubusercontent.com
	at GetAddrInfoReqWrap.onlookup [as oncomplete] (dns.js:66:26)] {
  errno: 'ENOTFOUND',
  code: 'ENOTFOUND',
  syscall: 'getaddrinfo',
  hostname: 'raw.githubusercontent.com'
}
> python /nix/store/zf6hfgvzrm7w6mqakflhf7161c950h11-vscode-extension-ms-python-python-2020.9.114305/share/vscode/extensions/ms-python.python/pythonFiles/pyvsc-run-isolated.py -c "import sys;print(sys.executable)"
> python /nix/store/zf6hfgvzrm7w6mqakflhf7161c950h11-vscode-extension-ms-python-python-2020.9.114305/share/vscode/extensions/ms-python.python/pythonFiles/pyvsc-run-isolated.py -c "import sys;print(sys.executable)"
> pyenv root
Error 2021-03-26 07:54:53: Failed to check if file needs to be fixed [EntryNotFound (FileSystemError): Unable to read file '/home/jasonk/CollegeProjects/DataWrangling/.vscode/settings.json' (Error: Unable to resolve non-existing file '/home/jasonk/CollegeProjects/DataWrangling/.vscode/settings.json')
	at _handleError (/nix/store/7jfcjadhpxkyh7nj42306a0qhiv4idc0-vscodium-1.54.3/lib/vscode/resources/app/out/vs/workbench/services/extensions/node/extensionHostProcess.js:87:151863)
	at processTicksAndRejections (internal/process/task_queues.js:97:5)
	at async y.readText (/nix/store/zf6hfgvzrm7w6mqakflhf7161c950h11-vscode-extension-ms-python-python-2020.9.114305/share/vscode/extensions/ms-python.python/out/client/extension.js:1:503846)
	at async p.doesFileNeedToBeFixed (/nix/store/zf6hfgvzrm7w6mqakflhf7161c950h11-vscode-extension-ms-python-python-2020.9.114305/share/vscode/extensions/ms-python.python/out/client/extension.js:56:962033)
	at async /nix/store/zf6hfgvzrm7w6mqakflhf7161c950h11-vscode-extension-ms-python-python-2020.9.114305/share/vscode/extensions/ms-python.python/out/client/extension.js:56:961160
	at async Promise.all (index 1)
	at async p.getFilesToBeFixed (/nix/store/zf6hfgvzrm7w6mqakflhf7161c950h11-vscode-extension-ms-python-python-2020.9.114305/share/vscode/extensions/ms-python.python/out/client/extension.js:56:961106)
	at async p.updateTestSettings (/nix/store/zf6hfgvzrm7w6mqakflhf7161c950h11-vscode-extension-ms-python-python-2020.9.114305/share/vscode/extensions/ms-python.python/out/client/extension.js:56:960733)] {
  code: 'FileNotFound'
}
Starting Jedi Python language engine.
> pyenv root
> pyenv root
> pyenv root
Python interpreter path: /run/current-system/sw/bin/python
> /nix/store/v3bj7jrns4sk6yj2rp30p6v2l7p707az-python3-3.8.8/bin/python /nix/store/zf6hfgvzrm7w6mqakflhf7161c950h11-vscode-extension-ms-python-python-2020.9.114305/share/vscode/extensions/ms-python.python/pythonFiles/pyvsc-run-isolated.py -c "import notebook"
> /nix/store/v3bj7jrns4sk6yj2rp30p6v2l7p707az-python3-3.8.8/bin/python /nix/store/zf6hfgvzrm7w6mqakflhf7161c950h11-vscode-extension-ms-python-python-2020.9.114305/share/vscode/extensions/ms-python.python/pythonFiles/pyvsc-run-isolated.py -c "import notebook"
> /nix/store/v3bj7jrns4sk6yj2rp30p6v2l7p707az-python3-3.8.8/bin/python /nix/store/zf6hfgvzrm7w6mqakflhf7161c950h11-vscode-extension-ms-python-python-2020.9.114305/share/vscode/extensions/ms-python.python/pythonFiles/pyvsc-run-isolated.py -c "import jupyter"
> /nix/store/v3bj7jrns4sk6yj2rp30p6v2l7p707az-python3-3.8.8/bin/python /nix/store/zf6hfgvzrm7w6mqakflhf7161c950h11-vscode-extension-ms-python-python-2020.9.114305/share/vscode/extensions/ms-python.python/pythonFiles/pyvsc-run-isolated.py -c "import jupyter"
> conda --version
> /run/current-system/sw/bin/python /nix/store/zf6hfgvzrm7w6mqakflhf7161c950h11-vscode-extension-ms-python-python-2020.9.114305/share/vscode/extensions/ms-python.python/pythonFiles/pyvsc-run-isolated.py pylint --disable=all --enable=F,unreachable,duplicate-key,unnecessary-semicolon,global-variable-not-assigned,unused-variable,unused-wildcard-import,binary-op-exception,bad-format-string,anomalous-backslash-in-string,bad-open-mode,E0001,E0011,E0012,E0100,E0101,E0102,E0103,E0104,E0105,E0107,E0108,E0110,E0111,E0112,E0113,E0114,E0115,E0116,E0117,E0118,E0202,E0203,E0211,E0213,E0236,E0237,E0238,E0239,E0240,E0241,E0301,E0302,E0303,E0401,E0402,E0601,E0602,E0603,E0604,E0611,E0632,E0633,E0701,E0702,E0703,E0704,E0710,E0711,E0712,E1003,E1101,E1102,E1111,E1120,E1121,E1123,E1124,E1125,E1126,E1127,E1128,E1129,E1130,E1131,E1132,E1133,E1134,E1135,E1136,E1137,E1138,E1139,E1200,E1201,E1205,E1206,E1300,E1301,E1302,E1303,E1304,E1305,E1306,E1310,E1700,E1701 --msg-template='{line},{column},{category},{symbol}:{msg}' --reports=n --output-format=text ~/CollegeProjects/DataWrangling/testing_of_bad_values.py
cwd: ~/CollegeProjects/DataWrangling
> /run/current-system/sw/bin/python /nix/store/zf6hfgvzrm7w6mqakflhf7161c950h11-vscode-extension-ms-python-python-2020.9.114305/share/vscode/extensions/ms-python.python/pythonFiles/pyvsc-run-isolated.py pylint --disable=all --enable=F,unreachable,duplicate-key,unnecessary-semicolon,global-variable-not-assigned,unused-variable,unused-wildcard-import,binary-op-exception,bad-format-string,anomalous-backslash-in-string,bad-open-mode,E0001,E0011,E0012,E0100,E0101,E0102,E0103,E0104,E0105,E0107,E0108,E0110,E0111,E0112,E0113,E0114,E0115,E0116,E0117,E0118,E0202,E0203,E0211,E0213,E0236,E0237,E0238,E0239,E0240,E0241,E0301,E0302,E0303,E0401,E0402,E0601,E0602,E0603,E0604,E0611,E0632,E0633,E0701,E0702,E0703,E0704,E0710,E0711,E0712,E1003,E1101,E1102,E1111,E1120,E1121,E1123,E1124,E1125,E1126,E1127,E1128,E1129,E1130,E1131,E1132,E1133,E1134,E1135,E1136,E1137,E1138,E1139,E1200,E1201,E1205,E1206,E1300,E1301,E1302,E1303,E1304,E1305,E1306,E1310,E1700,E1701 --msg-template='{line},{column},{category},{symbol}:{msg}' --reports=n --output-format=text ~/CollegeProjects/DataWrangling/testing_of_bad_values.py
cwd: ~/CollegeProjects/DataWrangling
> /run/current-system/sw/bin/python /nix/store/zf6hfgvzrm7w6mqakflhf7161c950h11-vscode-extension-ms-python-python-2020.9.114305/share/vscode/extensions/ms-python.python/pythonFiles/pyvsc-run-isolated.py pylint --disable=all --enable=F,unreachable,duplicate-key,unnecessary-semicolon,global-variable-not-assigned,unused-variable,unused-wildcard-import,binary-op-exception,bad-format-string,anomalous-backslash-in-string,bad-open-mode,E0001,E0011,E0012,E0100,E0101,E0102,E0103,E0104,E0105,E0107,E0108,E0110,E0111,E0112,E0113,E0114,E0115,E0116,E0117,E0118,E0202,E0203,E0211,E0213,E0236,E0237,E0238,E0239,E0240,E0241,E0301,E0302,E0303,E0401,E0402,E0601,E0602,E0603,E0604,E0611,E0632,E0633,E0701,E0702,E0703,E0704,E0710,E0711,E0712,E1003,E1101,E1102,E1111,E1120,E1121,E1123,E1124,E1125,E1126,E1127,E1128,E1129,E1130,E1131,E1132,E1133,E1134,E1135,E1136,E1137,E1138,E1139,E1200,E1201,E1205,E1206,E1300,E1301,E1302,E1303,E1304,E1305,E1306,E1310,E1700,E1701 --msg-template='{line},{column},{category},{symbol}:{msg}' --reports=n --output-format=text ~/CollegeProjects/DataWrangling/schema.py
cwd: ~/CollegeProjects/DataWrangling
> /run/current-system/sw/bin/python /nix/store/zf6hfgvzrm7w6mqakflhf7161c950h11-vscode-extension-ms-python-python-2020.9.114305/share/vscode/extensions/ms-python.python/pythonFiles/pyvsc-run-isolated.py pylint --disable=all --enable=F,unreachable,duplicate-key,unnecessary-semicolon,global-variable-not-assigned,unused-variable,unused-wildcard-import,binary-op-exception,bad-format-string,anomalous-backslash-in-string,bad-open-mode,E0001,E0011,E0012,E0100,E0101,E0102,E0103,E0104,E0105,E0107,E0108,E0110,E0111,E0112,E0113,E0114,E0115,E0116,E0117,E0118,E0202,E0203,E0211,E0213,E0236,E0237,E0238,E0239,E0240,E0241,E0301,E0302,E0303,E0401,E0402,E0601,E0602,E0603,E0604,E0611,E0632,E0633,E0701,E0702,E0703,E0704,E0710,E0711,E0712,E1003,E1101,E1102,E1111,E1120,E1121,E1123,E1124,E1125,E1126,E1127,E1128,E1129,E1130,E1131,E1132,E1133,E1134,E1135,E1136,E1137,E1138,E1139,E1200,E1201,E1205,E1206,E1300,E1301,E1302,E1303,E1304,E1305,E1306,E1310,E1700,E1701 --msg-template='{line},{column},{category},{symbol}:{msg}' --reports=n --output-format=text ~/CollegeProjects/DataWrangling/schema.py
cwd: ~/CollegeProjects/DataWrangling
> /run/current-system/sw/bin/python /nix/store/zf6hfgvzrm7w6mqakflhf7161c950h11-vscode-extension-ms-python-python-2020.9.114305/share/vscode/extensions/ms-python.python/pythonFiles/pyvsc-run-isolated.py -c "import pylint"
> /run/current-system/sw/bin/python /nix/store/zf6hfgvzrm7w6mqakflhf7161c950h11-vscode-extension-ms-python-python-2020.9.114305/share/vscode/extensions/ms-python.python/pythonFiles/pyvsc-run-isolated.py -c "import pylint"
> /run/current-system/sw/bin/python /nix/store/zf6hfgvzrm7w6mqakflhf7161c950h11-vscode-extension-ms-python-python-2020.9.114305/share/vscode/extensions/ms-python.python/pythonFiles/pyvsc-run-isolated.py -c "import pylint"
> /run/current-system/sw/bin/python /nix/store/zf6hfgvzrm7w6mqakflhf7161c950h11-vscode-extension-ms-python-python-2020.9.114305/share/vscode/extensions/ms-python.python/pythonFiles/pyvsc-run-isolated.py -c "import pylint"
> /run/current-system/sw/bin/python /nix/store/zf6hfgvzrm7w6mqakflhf7161c950h11-vscode-extension-ms-python-python-2020.9.114305/share/vscode/extensions/ms-python.python/pythonFiles/pyvsc-run-isolated.py -c "import pylint"
> /run/current-system/sw/bin/python /nix/store/zf6hfgvzrm7w6mqakflhf7161c950h11-vscode-extension-ms-python-python-2020.9.114305/share/vscode/extensions/ms-python.python/pythonFiles/pyvsc-run-isolated.py -c "import pylint"
> /run/current-system/sw/bin/python /nix/store/zf6hfgvzrm7w6mqakflhf7161c950h11-vscode-extension-ms-python-python-2020.9.114305/share/vscode/extensions/ms-python.python/pythonFiles/pyvsc-run-isolated.py -c "import pylint"
> /run/current-system/sw/bin/python /nix/store/zf6hfgvzrm7w6mqakflhf7161c950h11-vscode-extension-ms-python-python-2020.9.114305/share/vscode/extensions/ms-python.python/pythonFiles/pyvsc-run-isolated.py -c "import pylint"

Linter 'pylint' is not installed. Please install it or select another linter".
Error: Module 'pylint' not installed.

Linter 'pylint' is not installed. Please install it or select another linter".
Error: Module 'pylint' not installed.
> /run/current-system/sw/bin/python /nix/store/zf6hfgvzrm7w6mqakflhf7161c950h11-vscode-extension-ms-python-python-2020.9.114305/share/vscode/extensions/ms-python.python/pythonFiles/pyvsc-run-isolated.py -c "import sys;print(sys.prefix)"
cwd: ~/CollegeProjects/DataWrangling
> /run/current-system/sw/bin/python /nix/store/zf6hfgvzrm7w6mqakflhf7161c950h11-vscode-extension-ms-python-python-2020.9.114305/share/vscode/extensions/ms-python.python/pythonFiles/pyvsc-run-isolated.py -c "import sys;print(sys.prefix)"
cwd: ~/CollegeProjects/DataWrangling
> /run/current-system/sw/bin/python /nix/store/zf6hfgvzrm7w6mqakflhf7161c950h11-vscode-extension-ms-python-python-2020.9.114305/share/vscode/extensions/ms-python.python/pythonFiles/pyvsc-run-isolated.py -c "import sys;print(sys.executable)"
cwd: ~/CollegeProjects/DataWrangling
> /run/current-system/sw/bin/python /nix/store/zf6hfgvzrm7w6mqakflhf7161c950h11-vscode-extension-ms-python-python-2020.9.114305/share/vscode/extensions/ms-python.python/pythonFiles/pyvsc-run-isolated.py -c "import sys;print(sys.executable)"
cwd: ~/CollegeProjects/DataWrangling
> /run/current-system/sw/bin/python /nix/store/zf6hfgvzrm7w6mqakflhf7161c950h11-vscode-extension-ms-python-python-2020.9.114305/share/vscode/extensions/ms-python.python/pythonFiles/pyvsc-run-isolated.py -c "from distutils.sysconfig import get_python_lib; print(get_python_lib())"
cwd: ~/CollegeProjects/DataWrangling
> /run/current-system/sw/bin/python /nix/store/zf6hfgvzrm7w6mqakflhf7161c950h11-vscode-extension-ms-python-python-2020.9.114305/share/vscode/extensions/ms-python.python/pythonFiles/pyvsc-run-isolated.py -c "from distutils.sysconfig import get_python_lib; print(get_python_lib())"
cwd: ~/CollegeProjects/DataWrangling
> /run/current-system/sw/bin/python /nix/store/zf6hfgvzrm7w6mqakflhf7161c950h11-vscode-extension-ms-python-python-2020.9.114305/share/vscode/extensions/ms-python.python/pythonFiles/pyvsc-run-isolated.py site --user-site
cwd: ~/CollegeProjects/DataWrangling
> /run/current-system/sw/bin/python /nix/store/zf6hfgvzrm7w6mqakflhf7161c950h11-vscode-extension-ms-python-python-2020.9.114305/share/vscode/extensions/ms-python.python/pythonFiles/pyvsc-run-isolated.py site --user-site
cwd: ~/CollegeProjects/DataWrangling
> /run/current-system/sw/bin/python /nix/store/zf6hfgvzrm7w6mqakflhf7161c950h11-vscode-extension-ms-python-python-2020.9.114305/share/vscode/extensions/ms-python.python/pythonFiles/pyvsc-run-isolated.py /nix/store/zf6hfgvzrm7w6mqakflhf7161c950h11-vscode-extension-ms-python-python-2020.9.114305/share/vscode/extensions/ms-python.python/pythonFiles/completion.py
> /run/current-system/sw/bin/python /nix/store/zf6hfgvzrm7w6mqakflhf7161c950h11-vscode-extension-ms-python-python-2020.9.114305/share/vscode/extensions/ms-python.python/pythonFiles/pyvsc-run-isolated.py /nix/store/zf6hfgvzrm7w6mqakflhf7161c950h11-vscode-extension-ms-python-python-2020.9.114305/share/vscode/extensions/ms-python.python/pythonFiles/completion.py
Error 2021-03-26 07:54:55: stderr jediProxy Error (stderr) /nix/store/zf6hfgvzrm7w6mqakflhf7161c950h11-vscode-extension-ms-python-python-2020.9.114305/share/vscode/extensions/ms-python.python/pythonFiles/completion.py:584: DeprecationWarning: Deprecated since version 0.16.0. Use Script(...).get_names instead.
  jedi.api.names(

> /run/current-system/sw/bin/python /nix/store/zf6hfgvzrm7w6mqakflhf7161c950h11-vscode-extension-ms-python-python-2020.9.114305/share/vscode/extensions/ms-python.python/pythonFiles/pyvsc-run-isolated.py pylint --disable=all --enable=F,unreachable,duplicate-key,unnecessary-semicolon,global-variable-not-assigned,unused-variable,unused-wildcard-import,binary-op-exception,bad-format-string,anomalous-backslash-in-string,bad-open-mode,E0001,E0011,E0012,E0100,E0101,E0102,E0103,E0104,E0105,E0107,E0108,E0110,E0111,E0112,E0113,E0114,E0115,E0116,E0117,E0118,E0202,E0203,E0211,E0213,E0236,E0237,E0238,E0239,E0240,E0241,E0301,E0302,E0303,E0401,E0402,E0601,E0602,E0603,E0604,E0611,E0632,E0633,E0701,E0702,E0703,E0704,E0710,E0711,E0712,E1003,E1101,E1102,E1111,E1120,E1121,E1123,E1124,E1125,E1126,E1127,E1128,E1129,E1130,E1131,E1132,E1133,E1134,E1135,E1136,E1137,E1138,E1139,E1200,E1201,E1205,E1206,E1300,E1301,E1302,E1303,E1304,E1305,E1306,E1310,E1700,E1701 --msg-template='{line},{column},{category},{symbol}:{msg}' --reports=n --output-format=text ~/CollegeProjects/DataWrangling/open_street_main.py
cwd: ~/CollegeProjects/DataWrangling
> /run/current-system/sw/bin/python /nix/store/zf6hfgvzrm7w6mqakflhf7161c950h11-vscode-extension-ms-python-python-2020.9.114305/share/vscode/extensions/ms-python.python/pythonFiles/pyvsc-run-isolated.py pylint --disable=all --enable=F,unreachable,duplicate-key,unnecessary-semicolon,global-variable-not-assigned,unused-variable,unused-wildcard-import,binary-op-exception,bad-format-string,anomalous-backslash-in-string,bad-open-mode,E0001,E0011,E0012,E0100,E0101,E0102,E0103,E0104,E0105,E0107,E0108,E0110,E0111,E0112,E0113,E0114,E0115,E0116,E0117,E0118,E0202,E0203,E0211,E0213,E0236,E0237,E0238,E0239,E0240,E0241,E0301,E0302,E0303,E0401,E0402,E0601,E0602,E0603,E0604,E0611,E0632,E0633,E0701,E0702,E0703,E0704,E0710,E0711,E0712,E1003,E1101,E1102,E1111,E1120,E1121,E1123,E1124,E1125,E1126,E1127,E1128,E1129,E1130,E1131,E1132,E1133,E1134,E1135,E1136,E1137,E1138,E1139,E1200,E1201,E1205,E1206,E1300,E1301,E1302,E1303,E1304,E1305,E1306,E1310,E1700,E1701 --msg-template='{line},{column},{category},{symbol}:{msg}' --reports=n --output-format=text ~/CollegeProjects/DataWrangling/open_street_main.py
cwd: ~/CollegeProjects/DataWrangling
> /run/current-system/sw/bin/python /nix/store/zf6hfgvzrm7w6mqakflhf7161c950h11-vscode-extension-ms-python-python-2020.9.114305/share/vscode/extensions/ms-python.python/pythonFiles/pyvsc-run-isolated.py -c "import pylint"
> /run/current-system/sw/bin/python /nix/store/zf6hfgvzrm7w6mqakflhf7161c950h11-vscode-extension-ms-python-python-2020.9.114305/share/vscode/extensions/ms-python.python/pythonFiles/pyvsc-run-isolated.py -c "import pylint"
> /run/current-system/sw/bin/python /nix/store/zf6hfgvzrm7w6mqakflhf7161c950h11-vscode-extension-ms-python-python-2020.9.114305/share/vscode/extensions/ms-python.python/pythonFiles/pyvsc-run-isolated.py -c "import pylint"
> /run/current-system/sw/bin/python /nix/store/zf6hfgvzrm7w6mqakflhf7161c950h11-vscode-extension-ms-python-python-2020.9.114305/share/vscode/extensions/ms-python.python/pythonFiles/pyvsc-run-isolated.py -c "import pylint"

Linter 'pylint' is not installed. Please install it or select another linter".
Error: Module 'pylint' not installed.
Error 2021-03-26 07:56:20: stderr jediProxy Error (stderr) /nix/store/zf6hfgvzrm7w6mqakflhf7161c950h11-vscode-extension-ms-python-python-2020.9.114305/share/vscode/extensions/ms-python.python/pythonFiles/completion.py:592: DeprecationWarning: Providing the line is now done in the functions themselves like `Script(...).complete(line, column)`
  script = jedi.Script(
/nix/store/zf6hfgvzrm7w6mqakflhf7161c950h11-vscode-extension-ms-python-python-2020.9.114305/share/vscode/extensions/ms-python.python/pythonFiles/completion.py:592: DeprecationWarning: Providing the column is now done in the functions themselves like `Script(...).complete(line, column)`
  script = jedi.Script(

Error 2021-03-26 07:56:20: stderr jediProxy Error (stderr) /nix/store/zf6hfgvzrm7w6mqakflhf7161c950h11-vscode-extension-ms-python-python-2020.9.114305/share/vscode/extensions/ms-python.python/pythonFiles/completion.py:592: DeprecationWarning: Deprecated since version 0.17.0. Use the project API instead, which means Script(project=Project(dir, sys_path=sys_path)) instead.
  script = jedi.Script(
/nix/store/zf6hfgvzrm7w6mqakflhf7161c950h11-vscode-extension-ms-python-python-2020.9.114305/share/vscode/extensions/ms-python.python/pythonFiles/completion.py:626: DeprecationWarning: Deprecated since version 0.16.0. Use Script(...).infer instead.
  script.goto_definitions(), request["id"]

Error 2021-03-26 08:00:29: stderr jediProxy Error (stderr) /nix/store/zf6hfgvzrm7w6mqakflhf7161c950h11-vscode-extension-ms-python-python-2020.9.114305/share/vscode/extensions/ms-python.python/pythonFiles/completion.py:592: DeprecationWarning: Use the code keyword argument instead.
  script = jedi.Script(

> /run/current-system/sw/bin/python /nix/store/zf6hfgvzrm7w6mqakflhf7161c950h11-vscode-extension-ms-python-python-2020.9.114305/share/vscode/extensions/ms-python.python/pythonFiles/pyvsc-run-isolated.py pylint --disable=all --enable=F,unreachable,duplicate-key,unnecessary-semicolon,global-variable-not-assigned,unused-variable,unused-wildcard-import,binary-op-exception,bad-format-string,anomalous-backslash-in-string,bad-open-mode,E0001,E0011,E0012,E0100,E0101,E0102,E0103,E0104,E0105,E0107,E0108,E0110,E0111,E0112,E0113,E0114,E0115,E0116,E0117,E0118,E0202,E0203,E0211,E0213,E0236,E0237,E0238,E0239,E0240,E0241,E0301,E0302,E0303,E0401,E0402,E0601,E0602,E0603,E0604,E0611,E0632,E0633,E0701,E0702,E0703,E0704,E0710,E0711,E0712,E1003,E1101,E1102,E1111,E1120,E1121,E1123,E1124,E1125,E1126,E1127,E1128,E1129,E1130,E1131,E1132,E1133,E1134,E1135,E1136,E1137,E1138,E1139,E1200,E1201,E1205,E1206,E1300,E1301,E1302,E1303,E1304,E1305,E1306,E1310,E1700,E1701 --msg-template='{line},{column},{category},{symbol}:{msg}' --reports=n --output-format=text ~/CollegeProjects/DataWrangling/instructions.py
cwd: ~/CollegeProjects/DataWrangling
> /run/current-system/sw/bin/python /nix/store/zf6hfgvzrm7w6mqakflhf7161c950h11-vscode-extension-ms-python-python-2020.9.114305/share/vscode/extensions/ms-python.python/pythonFiles/pyvsc-run-isolated.py pylint --disable=all --enable=F,unreachable,duplicate-key,unnecessary-semicolon,global-variable-not-assigned,unused-variable,unused-wildcard-import,binary-op-exception,bad-format-string,anomalous-backslash-in-string,bad-open-mode,E0001,E0011,E0012,E0100,E0101,E0102,E0103,E0104,E0105,E0107,E0108,E0110,E0111,E0112,E0113,E0114,E0115,E0116,E0117,E0118,E0202,E0203,E0211,E0213,E0236,E0237,E0238,E0239,E0240,E0241,E0301,E0302,E0303,E0401,E0402,E0601,E0602,E0603,E0604,E0611,E0632,E0633,E0701,E0702,E0703,E0704,E0710,E0711,E0712,E1003,E1101,E1102,E1111,E1120,E1121,E1123,E1124,E1125,E1126,E1127,E1128,E1129,E1130,E1131,E1132,E1133,E1134,E1135,E1136,E1137,E1138,E1139,E1200,E1201,E1205,E1206,E1300,E1301,E1302,E1303,E1304,E1305,E1306,E1310,E1700,E1701 --msg-template='{line},{column},{category},{symbol}:{msg}' --reports=n --output-format=text ~/CollegeProjects/DataWrangling/instructions.py
cwd: ~/CollegeProjects/DataWrangling
> /run/current-system/sw/bin/python /nix/store/zf6hfgvzrm7w6mqakflhf7161c950h11-vscode-extension-ms-python-python-2020.9.114305/share/vscode/extensions/ms-python.python/pythonFiles/pyvsc-run-isolated.py -c "import pylint"
> /run/current-system/sw/bin/python /nix/store/zf6hfgvzrm7w6mqakflhf7161c950h11-vscode-extension-ms-python-python-2020.9.114305/share/vscode/extensions/ms-python.python/pythonFiles/pyvsc-run-isolated.py -c "import pylint"
> /run/current-system/sw/bin/python /nix/store/zf6hfgvzrm7w6mqakflhf7161c950h11-vscode-extension-ms-python-python-2020.9.114305/share/vscode/extensions/ms-python.python/pythonFiles/pyvsc-run-isolated.py -c "import pylint"
> /run/current-system/sw/bin/python /nix/store/zf6hfgvzrm7w6mqakflhf7161c950h11-vscode-extension-ms-python-python-2020.9.114305/share/vscode/extensions/ms-python.python/pythonFiles/pyvsc-run-isolated.py -c "import pylint"

Linter 'pylint' is not installed. Please install it or select another linter".
Error: Module 'pylint' not installed.
> /run/current-system/sw/bin/python /nix/store/zf6hfgvzrm7w6mqakflhf7161c950h11-vscode-extension-ms-python-python-2020.9.114305/share/vscode/extensions/ms-python.python/pythonFiles/pyvsc-run-isolated.py -c "import sys;print(sys.executable)"
> /run/current-system/sw/bin/python /nix/store/zf6hfgvzrm7w6mqakflhf7161c950h11-vscode-extension-ms-python-python-2020.9.114305/share/vscode/extensions/ms-python.python/pythonFiles/pyvsc-run-isolated.py -c "import sys;print(sys.executable)"
> /run/current-system/sw/bin/python /nix/store/zf6hfgvzrm7w6mqakflhf7161c950h11-vscode-extension-ms-python-python-2020.9.114305/share/vscode/extensions/ms-python.python/pythonFiles/pyvsc-run-isolated.py -c "import sys;print(sys.executable)"
> /run/current-system/sw/bin/python /nix/store/zf6hfgvzrm7w6mqakflhf7161c950h11-vscode-extension-ms-python-python-2020.9.114305/share/vscode/extensions/ms-python.python/pythonFiles/pyvsc-run-isolated.py -c "import sys;print(sys.executable)"
> /run/current-system/sw/bin/python /nix/store/zf6hfgvzrm7w6mqakflhf7161c950h11-vscode-extension-ms-python-python-2020.9.114305/share/vscode/extensions/ms-python.python/pythonFiles/pyvsc-run-isolated.py -c "import sys;print(sys.executable)"
> /run/current-system/sw/bin/python /nix/store/zf6hfgvzrm7w6mqakflhf7161c950h11-vscode-extension-ms-python-python-2020.9.114305/share/vscode/extensions/ms-python.python/pythonFiles/pyvsc-run-isolated.py -c "import sys;print(sys.executable)"
> /run/current-system/sw/bin/python /nix/store/zf6hfgvzrm7w6mqakflhf7161c950h11-vscode-extension-ms-python-python-2020.9.114305/share/vscode/extensions/ms-python.python/pythonFiles/pyvsc-run-isolated.py -c "import sys;print(sys.executable)"
> /run/current-system/sw/bin/python /nix/store/zf6hfgvzrm7w6mqakflhf7161c950h11-vscode-extension-ms-python-python-2020.9.114305/share/vscode/extensions/ms-python.python/pythonFiles/pyvsc-run-isolated.py -c "import sys;print(sys.executable)"
> /run/current-system/sw/bin/python /nix/store/zf6hfgvzrm7w6mqakflhf7161c950h11-vscode-extension-ms-python-python-2020.9.114305/share/vscode/extensions/ms-python.python/pythonFiles/pyvsc-run-isolated.py -c "import sys;print(sys.executable)"
> /run/current-system/sw/bin/python /nix/store/zf6hfgvzrm7w6mqakflhf7161c950h11-vscode-extension-ms-python-python-2020.9.114305/share/vscode/extensions/ms-python.python/pythonFiles/pyvsc-run-isolated.py -c "import sys;print(sys.executable)"
> /run/current-system/sw/bin/python /nix/store/zf6hfgvzrm7w6mqakflhf7161c950h11-vscode-extension-ms-python-python-2020.9.114305/share/vscode/extensions/ms-python.python/pythonFiles/pyvsc-run-isolated.py -c "import sys;print(sys.executable)"
Error 2021-03-26 08:14:11: stderr jediProxy Error (stderr) /nix/store/zf6hfgvzrm7w6mqakflhf7161c950h11-vscode-extension-ms-python-python-2020.9.114305/share/vscode/extensions/ms-python.python/pythonFiles/completion.py:592: DeprecationWarning: Providing the line is now done in the functions themselves like `Script(...).complete(line, column)`
  script = jedi.Script(
/nix/store/zf6hfgvzrm7w6mqakflhf7161c950h11-vscode-extension-ms-python-python-2020.9.114305/share/vscode/extensions/ms-python.python/pythonFiles/completion.py:592: DeprecationWarning: Providing the column is now done in the functions themselves like `Script(...).complete(line, column)`
  script = jedi.Script(
/nix/store/zf6hfgvzrm7w6mqakflhf7161c950h11-vscode-extension-ms-python-python-2020.9.114305/share/vscode/extensions/ms-python.python/pythonFiles/completion.py:592: DeprecationWarning: Use the code keyword argument instead.
  script = jedi.Script(

Error 2021-03-26 08:14:11: stderr jediProxy Error (stderr) /nix/store/zf6hfgvzrm7w6mqakflhf7161c950h11-vscode-extension-ms-python-python-2020.9.114305/share/vscode/extensions/ms-python.python/pythonFiles/completion.py:592: DeprecationWarning: Deprecated since version 0.17.0. Use the project API instead, which means Script(project=Project(dir, sys_path=sys_path)) instead.
  script = jedi.Script(

Error 2021-03-26 08:14:11: stderr jediProxy Error (stderr) /nix/store/zf6hfgvzrm7w6mqakflhf7161c950h11-vscode-extension-ms-python-python-2020.9.114305/share/vscode/extensions/ms-python.python/pythonFiles/completion.py:626: DeprecationWarning: Deprecated since version 0.16.0. Use Script(...).infer instead.
  script.goto_definitions(), request["id"]

> /run/current-system/sw/bin/python /nix/store/zf6hfgvzrm7w6mqakflhf7161c950h11-vscode-extension-ms-python-python-2020.9.114305/share/vscode/extensions/ms-python.python/pythonFiles/pyvsc-run-isolated.py -c "import sys;print(sys.executable)"
> /run/current-system/sw/bin/python /nix/store/zf6hfgvzrm7w6mqakflhf7161c950h11-vscode-extension-ms-python-python-2020.9.114305/share/vscode/extensions/ms-python.python/pythonFiles/pyvsc-run-isolated.py -c "import sys;print(sys.executable)"
> /run/current-system/sw/bin/python /nix/store/zf6hfgvzrm7w6mqakflhf7161c950h11-vscode-extension-ms-python-python-2020.9.114305/share/vscode/extensions/ms-python.python/pythonFiles/pyvsc-run-isolated.py -c "import sys;print(sys.executable)"
> /run/current-system/sw/bin/python /nix/store/zf6hfgvzrm7w6mqakflhf7161c950h11-vscode-extension-ms-python-python-2020.9.114305/share/vscode/extensions/ms-python.python/pythonFiles/pyvsc-run-isolated.py -c "import sys;print(sys.executable)"
> /run/current-system/sw/bin/python /nix/store/zf6hfgvzrm7w6mqakflhf7161c950h11-vscode-extension-ms-python-python-2020.9.114305/share/vscode/extensions/ms-python.python/pythonFiles/pyvsc-run-isolated.py -c "import sys;print(sys.executable)"
> /run/current-system/sw/bin/python /nix/store/zf6hfgvzrm7w6mqakflhf7161c950h11-vscode-extension-ms-python-python-2020.9.114305/share/vscode/extensions/ms-python.python/pythonFiles/pyvsc-run-isolated.py -c "import sys;print(sys.executable)"
> /run/current-system/sw/bin/python /nix/store/zf6hfgvzrm7w6mqakflhf7161c950h11-vscode-extension-ms-python-python-2020.9.114305/share/vscode/extensions/ms-python.python/pythonFiles/pyvsc-run-isolated.py -c "import sys;print(sys.executable)"
> /run/current-system/sw/bin/python /nix/store/zf6hfgvzrm7w6mqakflhf7161c950h11-vscode-extension-ms-python-python-2020.9.114305/share/vscode/extensions/ms-python.python/pythonFiles/pyvsc-run-isolated.py -c "import sys;print(sys.executable)"
> /run/current-system/sw/bin/python /nix/store/zf6hfgvzrm7w6mqakflhf7161c950h11-vscode-extension-ms-python-python-2020.9.114305/share/vscode/extensions/ms-python.python/pythonFiles/pyvsc-run-isolated.py -c "import sys;print(sys.executable)"
> /run/current-system/sw/bin/python /nix/store/zf6hfgvzrm7w6mqakflhf7161c950h11-vscode-extension-ms-python-python-2020.9.114305/share/vscode/extensions/ms-python.python/pythonFiles/pyvsc-run-isolated.py pylint --disable=all --enable=F,unreachable,duplicate-key,unnecessary-semicolon,global-variable-not-assigned,unused-variable,unused-wildcard-import,binary-op-exception,bad-format-string,anomalous-backslash-in-string,bad-open-mode,E0001,E0011,E0012,E0100,E0101,E0102,E0103,E0104,E0105,E0107,E0108,E0110,E0111,E0112,E0113,E0114,E0115,E0116,E0117,E0118,E0202,E0203,E0211,E0213,E0236,E0237,E0238,E0239,E0240,E0241,E0301,E0302,E0303,E0401,E0402,E0601,E0602,E0603,E0604,E0611,E0632,E0633,E0701,E0702,E0703,E0704,E0710,E0711,E0712,E1003,E1101,E1102,E1111,E1120,E1121,E1123,E1124,E1125,E1126,E1127,E1128,E1129,E1130,E1131,E1132,E1133,E1134,E1135,E1136,E1137,E1138,E1139,E1200,E1201,E1205,E1206,E1300,E1301,E1302,E1303,E1304,E1305,E1306,E1310,E1700,E1701 --msg-template='{line},{column},{category},{symbol}:{msg}' --reports=n --output-format=text ~/CollegeProjects/DataWrangling/instructions.py
cwd: ~/CollegeProjects/DataWrangling
> /run/current-system/sw/bin/python /nix/store/zf6hfgvzrm7w6mqakflhf7161c950h11-vscode-extension-ms-python-python-2020.9.114305/share/vscode/extensions/ms-python.python/pythonFiles/pyvsc-run-isolated.py pylint --disable=all --enable=F,unreachable,duplicate-key,unnecessary-semicolon,global-variable-not-assigned,unused-variable,unused-wildcard-import,binary-op-exception,bad-format-string,anomalous-backslash-in-string,bad-open-mode,E0001,E0011,E0012,E0100,E0101,E0102,E0103,E0104,E0105,E0107,E0108,E0110,E0111,E0112,E0113,E0114,E0115,E0116,E0117,E0118,E0202,E0203,E0211,E0213,E0236,E0237,E0238,E0239,E0240,E0241,E0301,E0302,E0303,E0401,E0402,E0601,E0602,E0603,E0604,E0611,E0632,E0633,E0701,E0702,E0703,E0704,E0710,E0711,E0712,E1003,E1101,E1102,E1111,E1120,E1121,E1123,E1124,E1125,E1126,E1127,E1128,E1129,E1130,E1131,E1132,E1133,E1134,E1135,E1136,E1137,E1138,E1139,E1200,E1201,E1205,E1206,E1300,E1301,E1302,E1303,E1304,E1305,E1306,E1310,E1700,E1701 --msg-template='{line},{column},{category},{symbol}:{msg}' --reports=n --output-format=text ~/CollegeProjects/DataWrangling/instructions.py
cwd: ~/CollegeProjects/DataWrangling
> /run/current-system/sw/bin/python /nix/store/zf6hfgvzrm7w6mqakflhf7161c950h11-vscode-extension-ms-python-python-2020.9.114305/share/vscode/extensions/ms-python.python/pythonFiles/pyvsc-run-isolated.py pylint --disable=all --enable=F,unreachable,duplicate-key,unnecessary-semicolon,global-variable-not-assigned,unused-variable,unused-wildcard-import,binary-op-exception,bad-format-string,anomalous-backslash-in-string,bad-open-mode,E0001,E0011,E0012,E0100,E0101,E0102,E0103,E0104,E0105,E0107,E0108,E0110,E0111,E0112,E0113,E0114,E0115,E0116,E0117,E0118,E0202,E0203,E0211,E0213,E0236,E0237,E0238,E0239,E0240,E0241,E0301,E0302,E0303,E0401,E0402,E0601,E0602,E0603,E0604,E0611,E0632,E0633,E0701,E0702,E0703,E0704,E0710,E0711,E0712,E1003,E1101,E1102,E1111,E1120,E1121,E1123,E1124,E1125,E1126,E1127,E1128,E1129,E1130,E1131,E1132,E1133,E1134,E1135,E1136,E1137,E1138,E1139,E1200,E1201,E1205,E1206,E1300,E1301,E1302,E1303,E1304,E1305,E1306,E1310,E1700,E1701 --msg-template='{line},{column},{category},{symbol}:{msg}' --reports=n --output-format=text ~/CollegeProjects/DataWrangling/open_street_main.py
cwd: ~/CollegeProjects/DataWrangling
> /run/current-system/sw/bin/python /nix/store/zf6hfgvzrm7w6mqakflhf7161c950h11-vscode-extension-ms-python-python-2020.9.114305/share/vscode/extensions/ms-python.python/pythonFiles/pyvsc-run-isolated.py pylint --disable=all --enable=F,unreachable,duplicate-key,unnecessary-semicolon,global-variable-not-assigned,unused-variable,unused-wildcard-import,binary-op-exception,bad-format-string,anomalous-backslash-in-string,bad-open-mode,E0001,E0011,E0012,E0100,E0101,E0102,E0103,E0104,E0105,E0107,E0108,E0110,E0111,E0112,E0113,E0114,E0115,E0116,E0117,E0118,E0202,E0203,E0211,E0213,E0236,E0237,E0238,E0239,E0240,E0241,E0301,E0302,E0303,E0401,E0402,E0601,E0602,E0603,E0604,E0611,E0632,E0633,E0701,E0702,E0703,E0704,E0710,E0711,E0712,E1003,E1101,E1102,E1111,E1120,E1121,E1123,E1124,E1125,E1126,E1127,E1128,E1129,E1130,E1131,E1132,E1133,E1134,E1135,E1136,E1137,E1138,E1139,E1200,E1201,E1205,E1206,E1300,E1301,E1302,E1303,E1304,E1305,E1306,E1310,E1700,E1701 --msg-template='{line},{column},{category},{symbol}:{msg}' --reports=n --output-format=text ~/CollegeProjects/DataWrangling/open_street_main.py
cwd: ~/CollegeProjects/DataWrangling
> /run/current-system/sw/bin/python /nix/store/zf6hfgvzrm7w6mqakflhf7161c950h11-vscode-extension-ms-python-python-2020.9.114305/share/vscode/extensions/ms-python.python/pythonFiles/pyvsc-run-isolated.py pylint --disable=all --enable=F,unreachable,duplicate-key,unnecessary-semicolon,global-variable-not-assigned,unused-variable,unused-wildcard-import,binary-op-exception,bad-format-string,anomalous-backslash-in-string,bad-open-mode,E0001,E0011,E0012,E0100,E0101,E0102,E0103,E0104,E0105,E0107,E0108,E0110,E0111,E0112,E0113,E0114,E0115,E0116,E0117,E0118,E0202,E0203,E0211,E0213,E0236,E0237,E0238,E0239,E0240,E0241,E0301,E0302,E0303,E0401,E0402,E0601,E0602,E0603,E0604,E0611,E0632,E0633,E0701,E0702,E0703,E0704,E0710,E0711,E0712,E1003,E1101,E1102,E1111,E1120,E1121,E1123,E1124,E1125,E1126,E1127,E1128,E1129,E1130,E1131,E1132,E1133,E1134,E1135,E1136,E1137,E1138,E1139,E1200,E1201,E1205,E1206,E1300,E1301,E1302,E1303,E1304,E1305,E1306,E1310,E1700,E1701 --msg-template='{line},{column},{category},{symbol}:{msg}' --reports=n --output-format=text ~/CollegeProjects/DataWrangling/testing_of_bad_values.py
cwd: ~/CollegeProjects/DataWrangling
> /run/current-system/sw/bin/python /nix/store/zf6hfgvzrm7w6mqakflhf7161c950h11-vscode-extension-ms-python-python-2020.9.114305/share/vscode/extensions/ms-python.python/pythonFiles/pyvsc-run-isolated.py pylint --disable=all --enable=F,unreachable,duplicate-key,unnecessary-semicolon,global-variable-not-assigned,unused-variable,unused-wildcard-import,binary-op-exception,bad-format-string,anomalous-backslash-in-string,bad-open-mode,E0001,E0011,E0012,E0100,E0101,E0102,E0103,E0104,E0105,E0107,E0108,E0110,E0111,E0112,E0113,E0114,E0115,E0116,E0117,E0118,E0202,E0203,E0211,E0213,E0236,E0237,E0238,E0239,E0240,E0241,E0301,E0302,E0303,E0401,E0402,E0601,E0602,E0603,E0604,E0611,E0632,E0633,E0701,E0702,E0703,E0704,E0710,E0711,E0712,E1003,E1101,E1102,E1111,E1120,E1121,E1123,E1124,E1125,E1126,E1127,E1128,E1129,E1130,E1131,E1132,E1133,E1134,E1135,E1136,E1137,E1138,E1139,E1200,E1201,E1205,E1206,E1300,E1301,E1302,E1303,E1304,E1305,E1306,E1310,E1700,E1701 --msg-template='{line},{column},{category},{symbol}:{msg}' --reports=n --output-format=text ~/CollegeProjects/DataWrangling/testing_of_bad_values.py
cwd: ~/CollegeProjects/DataWrangling
> /run/current-system/sw/bin/python /nix/store/zf6hfgvzrm7w6mqakflhf7161c950h11-vscode-extension-ms-python-python-2020.9.114305/share/vscode/extensions/ms-python.python/pythonFiles/pyvsc-run-isolated.py -c "import pylint"
> /run/current-system/sw/bin/python /nix/store/zf6hfgvzrm7w6mqakflhf7161c950h11-vscode-extension-ms-python-python-2020.9.114305/share/vscode/extensions/ms-python.python/pythonFiles/pyvsc-run-isolated.py -c "import pylint"
> /run/current-system/sw/bin/python /nix/store/zf6hfgvzrm7w6mqakflhf7161c950h11-vscode-extension-ms-python-python-2020.9.114305/share/vscode/extensions/ms-python.python/pythonFiles/pyvsc-run-isolated.py -c "import pylint"
> /run/current-system/sw/bin/python /nix/store/zf6hfgvzrm7w6mqakflhf7161c950h11-vscode-extension-ms-python-python-2020.9.114305/share/vscode/extensions/ms-python.python/pythonFiles/pyvsc-run-isolated.py -c "import pylint"
> /run/current-system/sw/bin/python /nix/store/zf6hfgvzrm7w6mqakflhf7161c950h11-vscode-extension-ms-python-python-2020.9.114305/share/vscode/extensions/ms-python.python/pythonFiles/pyvsc-run-isolated.py -c "import pylint"
> /run/current-system/sw/bin/python /nix/store/zf6hfgvzrm7w6mqakflhf7161c950h11-vscode-extension-ms-python-python-2020.9.114305/share/vscode/extensions/ms-python.python/pythonFiles/pyvsc-run-isolated.py -c "import pylint"
> /run/current-system/sw/bin/python /nix/store/zf6hfgvzrm7w6mqakflhf7161c950h11-vscode-extension-ms-python-python-2020.9.114305/share/vscode/extensions/ms-python.python/pythonFiles/pyvsc-run-isolated.py -c "import pylint"
> /run/current-system/sw/bin/python /nix/store/zf6hfgvzrm7w6mqakflhf7161c950h11-vscode-extension-ms-python-python-2020.9.114305/share/vscode/extensions/ms-python.python/pythonFiles/pyvsc-run-isolated.py -c "import pylint"
> /run/current-system/sw/bin/python /nix/store/zf6hfgvzrm7w6mqakflhf7161c950h11-vscode-extension-ms-python-python-2020.9.114305/share/vscode/extensions/ms-python.python/pythonFiles/pyvsc-run-isolated.py -c "import pylint"
> /run/current-system/sw/bin/python /nix/store/zf6hfgvzrm7w6mqakflhf7161c950h11-vscode-extension-ms-python-python-2020.9.114305/share/vscode/extensions/ms-python.python/pythonFiles/pyvsc-run-isolated.py -c "import pylint"
> /run/current-system/sw/bin/python /nix/store/zf6hfgvzrm7w6mqakflhf7161c950h11-vscode-extension-ms-python-python-2020.9.114305/share/vscode/extensions/ms-python.python/pythonFiles/pyvsc-run-isolated.py -c "import pylint"
> /run/current-system/sw/bin/python /nix/store/zf6hfgvzrm7w6mqakflhf7161c950h11-vscode-extension-ms-python-python-2020.9.114305/share/vscode/extensions/ms-python.python/pythonFiles/pyvsc-run-isolated.py -c "import pylint"

Linter 'pylint' is not installed. Please install it or select another linter".
Error: Module 'pylint' not installed.

Linter 'pylint' is not installed. Please install it or select another linter".
Error: Module 'pylint' not installed.

Linter 'pylint' is not installed. Please install it or select another linter".
Error: Module 'pylint' not installed.
> /run/current-system/sw/bin/python /nix/store/zf6hfgvzrm7w6mqakflhf7161c950h11-vscode-extension-ms-python-python-2020.9.114305/share/vscode/extensions/ms-python.python/pythonFiles/pyvsc-run-isolated.py -c "import sys;print(sys.executable)"
> /run/current-system/sw/bin/python /nix/store/zf6hfgvzrm7w6mqakflhf7161c950h11-vscode-extension-ms-python-python-2020.9.114305/share/vscode/extensions/ms-python.python/pythonFiles/pyvsc-run-isolated.py -c "import sys;print(sys.executable)"
Error 2021-03-26 08:24:27: stderr jediProxy Error (stderr) /nix/store/zf6hfgvzrm7w6mqakflhf7161c950h11-vscode-extension-ms-python-python-2020.9.114305/share/vscode/extensions/ms-python.python/pythonFiles/completion.py:584: DeprecationWarning: Deprecated since version 0.16.0. Use Script(...).get_names instead.
  jedi.api.names(

Error 2021-03-26 08:24:28: stderr jediProxy Error (stderr) /nix/store/zf6hfgvzrm7w6mqakflhf7161c950h11-vscode-extension-ms-python-python-2020.9.114305/share/vscode/extensions/ms-python.python/pythonFiles/completion.py:592: DeprecationWarning: Providing the line is now done in the functions themselves like `Script(...).complete(line, column)`
  script = jedi.Script(
/nix/store/zf6hfgvzrm7w6mqakflhf7161c950h11-vscode-extension-ms-python-python-2020.9.114305/share/vscode/extensions/ms-python.python/pythonFiles/completion.py:592: DeprecationWarning: Providing the column is now done in the functions themselves like `Script(...).complete(line, column)`
  script = jedi.Script(
/nix/store/zf6hfgvzrm7w6mqakflhf7161c950h11-vscode-extension-ms-python-python-2020.9.114305/share/vscode/extensions/ms-python.python/pythonFiles/completion.py:592: DeprecationWarning: Deprecated since version 0.17.0. Use the project API instead, which means Script(project=Project(dir, sys_path=sys_path)) instead.
  script = jedi.Script(
/nix/store/zf6hfgvzrm7w6mqakflhf7161c950h11-vscode-extension-ms-python-python-2020.9.114305/share/vscode/extensions/ms-python.python/pythonFiles/completion.py:626: DeprecationWarning: Deprecated since version 0.16.0. Use Script(...).infer instead.
  script.goto_definitions(), request["id"]

> /run/current-system/sw/bin/python /nix/store/zf6hfgvzrm7w6mqakflhf7161c950h11-vscode-extension-ms-python-python-2020.9.114305/share/vscode/extensions/ms-python.python/pythonFiles/pyvsc-run-isolated.py -c "import sys;print(sys.executable)"
> /run/current-system/sw/bin/python /nix/store/zf6hfgvzrm7w6mqakflhf7161c950h11-vscode-extension-ms-python-python-2020.9.114305/share/vscode/extensions/ms-python.python/pythonFiles/pyvsc-run-isolated.py -c "import sys;print(sys.executable)"
> /run/current-system/sw/bin/python /nix/store/zf6hfgvzrm7w6mqakflhf7161c950h11-vscode-extension-ms-python-python-2020.9.114305/share/vscode/extensions/ms-python.python/pythonFiles/pyvsc-run-isolated.py -c "import sys;print(sys.executable)"
> /run/current-system/sw/bin/python /nix/store/zf6hfgvzrm7w6mqakflhf7161c950h11-vscode-extension-ms-python-python-2020.9.114305/share/vscode/extensions/ms-python.python/pythonFiles/pyvsc-run-isolated.py -c "import sys;print(sys.executable)"
> /run/current-system/sw/bin/python /nix/store/zf6hfgvzrm7w6mqakflhf7161c950h11-vscode-extension-ms-python-python-2020.9.114305/share/vscode/extensions/ms-python.python/pythonFiles/pyvsc-run-isolated.py -c "import sys;print(sys.executable)"
> /run/current-system/sw/bin/python /nix/store/zf6hfgvzrm7w6mqakflhf7161c950h11-vscode-extension-ms-python-python-2020.9.114305/share/vscode/extensions/ms-python.python/pythonFiles/pyvsc-run-isolated.py -c "import sys;print(sys.executable)"
> /run/current-system/sw/bin/python /nix/store/zf6hfgvzrm7w6mqakflhf7161c950h11-vscode-extension-ms-python-python-2020.9.114305/share/vscode/extensions/ms-python.python/pythonFiles/pyvsc-run-isolated.py -c "import sys;print(sys.executable)"
Error 2021-03-26 08:27:29: stderr jediProxy Error (stderr) /nix/store/zf6hfgvzrm7w6mqakflhf7161c950h11-vscode-extension-ms-python-python-2020.9.114305/share/vscode/extensions/ms-python.python/pythonFiles/completion.py:592: DeprecationWarning: Use the code keyword argument instead.
  script = jedi.Script(

Error 2021-03-26 08:27:29: stderr jediProxy Error (stderr) /nix/store/zf6hfgvzrm7w6mqakflhf7161c950h11-vscode-extension-ms-python-python-2020.9.114305/share/vscode/extensions/ms-python.python/pythonFiles/completion.py:584: DeprecationWarning: Deprecated since version 0.16.0. Use Script(...).get_names instead.
  jedi.api.names(

> /run/current-system/sw/bin/python /nix/store/zf6hfgvzrm7w6mqakflhf7161c950h11-vscode-extension-ms-python-python-2020.9.114305/share/vscode/extensions/ms-python.python/pythonFiles/pyvsc-run-isolated.py -c "import sys;print(sys.executable)"
> /run/current-system/sw/bin/python /nix/store/zf6hfgvzrm7w6mqakflhf7161c950h11-vscode-extension-ms-python-python-2020.9.114305/share/vscode/extensions/ms-python.python/pythonFiles/pyvsc-run-isolated.py -c "import sys;print(sys.executable)"
Error 2021-03-26 08:27:32: stderr jediProxy Error (stderr) /nix/store/zf6hfgvzrm7w6mqakflhf7161c950h11-vscode-extension-ms-python-python-2020.9.114305/share/vscode/extensions/ms-python.python/pythonFiles/completion.py:584: DeprecationWarning: Deprecated since version 0.16.0. Use Script(...).get_names instead.
  jedi.api.names(

> /run/current-system/sw/bin/python /nix/store/zf6hfgvzrm7w6mqakflhf7161c950h11-vscode-extension-ms-python-python-2020.9.114305/share/vscode/extensions/ms-python.python/pythonFiles/pyvsc-run-isolated.py -c "import sys;print(sys.executable)"
> /run/current-system/sw/bin/python /nix/store/zf6hfgvzrm7w6mqakflhf7161c950h11-vscode-extension-ms-python-python-2020.9.114305/share/vscode/extensions/ms-python.python/pythonFiles/pyvsc-run-isolated.py -c "import sys;print(sys.executable)"
> /run/current-system/sw/bin/python /nix/store/zf6hfgvzrm7w6mqakflhf7161c950h11-vscode-extension-ms-python-python-2020.9.114305/share/vscode/extensions/ms-python.python/pythonFiles/pyvsc-run-isolated.py -c "import sys;print(sys.executable)"
> /run/current-system/sw/bin/python /nix/store/zf6hfgvzrm7w6mqakflhf7161c950h11-vscode-extension-ms-python-python-2020.9.114305/share/vscode/extensions/ms-python.python/pythonFiles/pyvsc-run-isolated.py -c "import sys;print(sys.executable)"
> /run/current-system/sw/bin/python /nix/store/zf6hfgvzrm7w6mqakflhf7161c950h11-vscode-extension-ms-python-python-2020.9.114305/share/vscode/extensions/ms-python.python/pythonFiles/pyvsc-run-isolated.py -c "import sys;print(sys.executable)"
> /run/current-system/sw/bin/python /nix/store/zf6hfgvzrm7w6mqakflhf7161c950h11-vscode-extension-ms-python-python-2020.9.114305/share/vscode/extensions/ms-python.python/pythonFiles/pyvsc-run-isolated.py -c "import sys;print(sys.executable)"
> /run/current-system/sw/bin/python /nix/store/zf6hfgvzrm7w6mqakflhf7161c950h11-vscode-extension-ms-python-python-2020.9.114305/share/vscode/extensions/ms-python.python/pythonFiles/pyvsc-run-isolated.py -c "import sys;print(sys.executable)"
Error 2021-03-26 08:32:18: stderr jediProxy Error (stderr) /nix/store/zf6hfgvzrm7w6mqakflhf7161c950h11-vscode-extension-ms-python-python-2020.9.114305/share/vscode/extensions/ms-python.python/pythonFiles/completion.py:592: DeprecationWarning: Providing the line is now done in the functions themselves like `Script(...).complete(line, column)`
  script = jedi.Script(
/nix/store/zf6hfgvzrm7w6mqakflhf7161c950h11-vscode-extension-ms-python-python-2020.9.114305/share/vscode/extensions/ms-python.python/pythonFiles/completion.py:592: DeprecationWarning: Providing the column is now done in the functions themselves like `Script(...).complete(line, column)`
  script = jedi.Script(
/nix/store/zf6hfgvzrm7w6mqakflhf7161c950h11-vscode-extension-ms-python-python-2020.9.114305/share/vscode/extensions/ms-python.python/pythonFiles/completion.py:592: DeprecationWarning: Deprecated since version 0.17.0. Use the project API instead, which means Script(project=Project(dir, sys_path=sys_path)) instead.
  script = jedi.Script(

Error 2021-03-26 08:32:18: stderr jediProxy Error (stderr) /nix/store/zf6hfgvzrm7w6mqakflhf7161c950h11-vscode-extension-ms-python-python-2020.9.114305/share/vscode/extensions/ms-python.python/pythonFiles/completion.py:626: DeprecationWarning: Deprecated since version 0.16.0. Use Script(...).infer instead.
  script.goto_definitions(), request["id"]

Error 2021-03-26 08:33:13: stderr jediProxy Error (stderr) /nix/store/zf6hfgvzrm7w6mqakflhf7161c950h11-vscode-extension-ms-python-python-2020.9.114305/share/vscode/extensions/ms-python.python/pythonFiles/completion.py:584: DeprecationWarning: Deprecated since version 0.16.0. Use Script(...).get_names instead.
  jedi.api.names(

Error 2021-03-26 08:33:36: stderr jediProxy Error (stderr) /nix/store/zf6hfgvzrm7w6mqakflhf7161c950h11-vscode-extension-ms-python-python-2020.9.114305/share/vscode/extensions/ms-python.python/pythonFiles/completion.py:584: DeprecationWarning: Deprecated since version 0.16.0. Use Script(...).get_names instead.
  jedi.api.names(

> /run/current-system/sw/bin/python /nix/store/zf6hfgvzrm7w6mqakflhf7161c950h11-vscode-extension-ms-python-python-2020.9.114305/share/vscode/extensions/ms-python.python/pythonFiles/pyvsc-run-isolated.py -c "import sys;print(sys.executable)"
> /run/current-system/sw/bin/python /nix/store/zf6hfgvzrm7w6mqakflhf7161c950h11-vscode-extension-ms-python-python-2020.9.114305/share/vscode/extensions/ms-python.python/pythonFiles/pyvsc-run-isolated.py -c "import sys;print(sys.executable)"
Error 2021-03-26 08:33:52: stderr jediProxy Error (stderr) /nix/store/zf6hfgvzrm7w6mqakflhf7161c950h11-vscode-extension-ms-python-python-2020.9.114305/share/vscode/extensions/ms-python.python/pythonFiles/completion.py:584: DeprecationWarning: Deprecated since version 0.16.0. Use Script(...).get_names instead.
  jedi.api.names(

> /run/current-system/sw/bin/python /nix/store/zf6hfgvzrm7w6mqakflhf7161c950h11-vscode-extension-ms-python-python-2020.9.114305/share/vscode/extensions/ms-python.python/pythonFiles/pyvsc-run-isolated.py -c "import sys;print(sys.executable)"
Error 2021-03-26 08:33:59: stderr jediProxy Error (stderr) /nix/store/zf6hfgvzrm7w6mqakflhf7161c950h11-vscode-extension-ms-python-python-2020.9.114305/share/vscode/extensions/ms-python.python/pythonFiles/completion.py:584: DeprecationWarning: Deprecated since version 0.16.0. Use Script(...).get_names instead.
  jedi.api.names(

Error 2021-03-26 08:34:02: stderr jediProxy Error (stderr) /nix/store/zf6hfgvzrm7w6mqakflhf7161c950h11-vscode-extension-ms-python-python-2020.9.114305/share/vscode/extensions/ms-python.python/pythonFiles/completion.py:592: DeprecationWarning: Providing the line is now done in the functions themselves like `Script(...).complete(line, column)`
  script = jedi.Script(
/nix/store/zf6hfgvzrm7w6mqakflhf7161c950h11-vscode-extension-ms-python-python-2020.9.114305/share/vscode/extensions/ms-python.python/pythonFiles/completion.py:592: DeprecationWarning: Providing the column is now done in the functions themselves like `Script(...).complete(line, column)`
  script = jedi.Script(
/nix/store/zf6hfgvzrm7w6mqakflhf7161c950h11-vscode-extension-ms-python-python-2020.9.114305/share/vscode/extensions/ms-python.python/pythonFiles/completion.py:592: DeprecationWarning: Use the code keyword argument instead.
  script = jedi.Script(

Error 2021-03-26 08:34:02: stderr jediProxy Error (stderr) /nix/store/zf6hfgvzrm7w6mqakflhf7161c950h11-vscode-extension-ms-python-python-2020.9.114305/share/vscode/extensions/ms-python.python/pythonFiles/completion.py:592: DeprecationWarning: Deprecated since version 0.17.0. Use the project API instead, which means Script(project=Project(dir, sys_path=sys_path)) instead.
  script = jedi.Script(

Error 2021-03-26 08:34:02: stderr jediProxy Error (stderr) /nix/store/zf6hfgvzrm7w6mqakflhf7161c950h11-vscode-extension-ms-python-python-2020.9.114305/share/vscode/extensions/ms-python.python/pythonFiles/completion.py:626: DeprecationWarning: Deprecated since version 0.16.0. Use Script(...).infer instead.
  script.goto_definitions(), request["id"]

> /run/current-system/sw/bin/python /nix/store/zf6hfgvzrm7w6mqakflhf7161c950h11-vscode-extension-ms-python-python-2020.9.114305/share/vscode/extensions/ms-python.python/pythonFiles/pyvsc-run-isolated.py pylint --disable=all --enable=F,unreachable,duplicate-key,unnecessary-semicolon,global-variable-not-assigned,unused-variable,unused-wildcard-import,binary-op-exception,bad-format-string,anomalous-backslash-in-string,bad-open-mode,E0001,E0011,E0012,E0100,E0101,E0102,E0103,E0104,E0105,E0107,E0108,E0110,E0111,E0112,E0113,E0114,E0115,E0116,E0117,E0118,E0202,E0203,E0211,E0213,E0236,E0237,E0238,E0239,E0240,E0241,E0301,E0302,E0303,E0401,E0402,E0601,E0602,E0603,E0604,E0611,E0632,E0633,E0701,E0702,E0703,E0704,E0710,E0711,E0712,E1003,E1101,E1102,E1111,E1120,E1121,E1123,E1124,E1125,E1126,E1127,E1128,E1129,E1130,E1131,E1132,E1133,E1134,E1135,E1136,E1137,E1138,E1139,E1200,E1201,E1205,E1206,E1300,E1301,E1302,E1303,E1304,E1305,E1306,E1310,E1700,E1701 --msg-template='{line},{column},{category},{symbol}:{msg}' --reports=n --output-format=text ~/CollegeProjects/DataWrangling/instructions.py
cwd: ~/CollegeProjects/DataWrangling
> /run/current-system/sw/bin/python /nix/store/zf6hfgvzrm7w6mqakflhf7161c950h11-vscode-extension-ms-python-python-2020.9.114305/share/vscode/extensions/ms-python.python/pythonFiles/pyvsc-run-isolated.py pylint --disable=all --enable=F,unreachable,duplicate-key,unnecessary-semicolon,global-variable-not-assigned,unused-variable,unused-wildcard-import,binary-op-exception,bad-format-string,anomalous-backslash-in-string,bad-open-mode,E0001,E0011,E0012,E0100,E0101,E0102,E0103,E0104,E0105,E0107,E0108,E0110,E0111,E0112,E0113,E0114,E0115,E0116,E0117,E0118,E0202,E0203,E0211,E0213,E0236,E0237,E0238,E0239,E0240,E0241,E0301,E0302,E0303,E0401,E0402,E0601,E0602,E0603,E0604,E0611,E0632,E0633,E0701,E0702,E0703,E0704,E0710,E0711,E0712,E1003,E1101,E1102,E1111,E1120,E1121,E1123,E1124,E1125,E1126,E1127,E1128,E1129,E1130,E1131,E1132,E1133,E1134,E1135,E1136,E1137,E1138,E1139,E1200,E1201,E1205,E1206,E1300,E1301,E1302,E1303,E1304,E1305,E1306,E1310,E1700,E1701 --msg-template='{line},{column},{category},{symbol}:{msg}' --reports=n --output-format=text ~/CollegeProjects/DataWrangling/instructions.py
cwd: ~/CollegeProjects/DataWrangling
> /run/current-system/sw/bin/python /nix/store/zf6hfgvzrm7w6mqakflhf7161c950h11-vscode-extension-ms-python-python-2020.9.114305/share/vscode/extensions/ms-python.python/pythonFiles/pyvsc-run-isolated.py -c "import pylint"
> /run/current-system/sw/bin/python /nix/store/zf6hfgvzrm7w6mqakflhf7161c950h11-vscode-extension-ms-python-python-2020.9.114305/share/vscode/extensions/ms-python.python/pythonFiles/pyvsc-run-isolated.py -c "import pylint"
> /run/current-system/sw/bin/python /nix/store/zf6hfgvzrm7w6mqakflhf7161c950h11-vscode-extension-ms-python-python-2020.9.114305/share/vscode/extensions/ms-python.python/pythonFiles/pyvsc-run-isolated.py -c "import pylint"
> /run/current-system/sw/bin/python /nix/store/zf6hfgvzrm7w6mqakflhf7161c950h11-vscode-extension-ms-python-python-2020.9.114305/share/vscode/extensions/ms-python.python/pythonFiles/pyvsc-run-isolated.py -c "import pylint"

Linter 'pylint' is not installed. Please install it or select another linter".
Error: Module 'pylint' not installed.
> /run/current-system/sw/bin/python /nix/store/zf6hfgvzrm7w6mqakflhf7161c950h11-vscode-extension-ms-python-python-2020.9.114305/share/vscode/extensions/ms-python.python/pythonFiles/pyvsc-run-isolated.py -c "import sys;print(sys.executable)"
> /run/current-system/sw/bin/python /nix/store/zf6hfgvzrm7w6mqakflhf7161c950h11-vscode-extension-ms-python-python-2020.9.114305/share/vscode/extensions/ms-python.python/pythonFiles/pyvsc-run-isolated.py -c "import sys;print(sys.executable)"
> /run/current-system/sw/bin/python /nix/store/zf6hfgvzrm7w6mqakflhf7161c950h11-vscode-extension-ms-python-python-2020.9.114305/share/vscode/extensions/ms-python.python/pythonFiles/pyvsc-run-isolated.py -c "import sys;print(sys.executable)"
