[2021-03-24 11:59:33.904] [exthost] [info] extension host started
[2021-03-24 11:59:33.947] [exthost] [info] ExtensionService#_doActivateExtension vscode.microsoft-authentication {"startup":false,"extensionId":{"value":"vscode.microsoft-authentication","_lower":"vscode.microsoft-authentication"},"activationEvent":"onAuthenticationRequest:microsoft"}
[2021-03-24 11:59:33.947] [exthost] [info] ExtensionService#loadCommonJSModule file:///nix/store/c1g6qglnvs7dik66fg95bapidn1jhmgj-vscode-1.54.2/lib/vscode/resources/app/extensions/microsoft-authentication/dist/extension.js
[2021-03-24 11:59:33.954] [exthost] [info] ExtensionService#_doActivateExtension vscode.debug-auto-launch {"startup":true,"extensionId":{"value":"vscode.debug-auto-launch","_lower":"vscode.debug-auto-launch"},"activationEvent":"*"}
[2021-03-24 11:59:33.954] [exthost] [info] ExtensionService#loadCommonJSModule file:///nix/store/c1g6qglnvs7dik66fg95bapidn1jhmgj-vscode-1.54.2/lib/vscode/resources/app/extensions/debug-auto-launch/dist/extension
[2021-03-24 11:59:33.956] [exthost] [info] ExtensionService#_doActivateExtension vscode.git {"startup":true,"extensionId":{"value":"vscode.github","_lower":"vscode.github"},"activationEvent":"*"}
[2021-03-24 11:59:33.956] [exthost] [info] ExtensionService#loadCommonJSModule file:///nix/store/c1g6qglnvs7dik66fg95bapidn1jhmgj-vscode-1.54.2/lib/vscode/resources/app/extensions/git/dist/main
[2021-03-24 11:59:34.013] [exthost] [info] ExtensionService#_doActivateExtension vscode.github {"startup":true,"extensionId":{"value":"vscode.github","_lower":"vscode.github"},"activationEvent":"*"}
[2021-03-24 11:59:34.013] [exthost] [info] ExtensionService#loadCommonJSModule file:///nix/store/c1g6qglnvs7dik66fg95bapidn1jhmgj-vscode-1.54.2/lib/vscode/resources/app/extensions/github/dist/extension.js
[2021-03-24 11:59:34.017] [exthost] [info] ExtensionService#_doActivateExtension ms-vscode.js-debug {"startup":false,"extensionId":{"value":"ms-vscode.js-debug","_lower":"ms-vscode.js-debug"},"activationEvent":"onCommand:extension.js-debug.clearAutoAttachVariables"}
[2021-03-24 11:59:34.017] [exthost] [info] ExtensionService#loadCommonJSModule file:///nix/store/c1g6qglnvs7dik66fg95bapidn1jhmgj-vscode-1.54.2/lib/vscode/resources/app/extensions/ms-vscode.js-debug/src/extension.js
[2021-03-24 11:59:34.199] [exthost] [info] eager extensions activated
[2021-03-24 11:59:34.215] [exthost] [info] ExtensionService#_doActivateExtension vscode.emmet {"startup":false,"extensionId":{"value":"vscode.emmet","_lower":"vscode.emmet"},"activationEvent":"onStartupFinished"}
[2021-03-24 11:59:34.215] [exthost] [info] ExtensionService#loadCommonJSModule file:///nix/store/c1g6qglnvs7dik66fg95bapidn1jhmgj-vscode-1.54.2/lib/vscode/resources/app/extensions/emmet/dist/node/emmetNodeMain
[2021-03-24 11:59:34.220] [exthost] [info] ExtensionService#_doActivateExtension vscode.merge-conflict {"startup":false,"extensionId":{"value":"vscode.merge-conflict","_lower":"vscode.merge-conflict"},"activationEvent":"onStartupFinished"}
[2021-03-24 11:59:34.220] [exthost] [info] ExtensionService#loadCommonJSModule file:///nix/store/c1g6qglnvs7dik66fg95bapidn1jhmgj-vscode-1.54.2/lib/vscode/resources/app/extensions/merge-conflict/dist/mergeConflictMain
[2021-03-24 11:59:34.223] [exthost] [info] ExtensionService#_doActivateExtension vscode.testing-editor-contributions {"startup":false,"extensionId":{"value":"vscode.testing-editor-contributions","_lower":"vscode.testing-editor-contributions"},"activationEvent":"onStartupFinished"}
[2021-03-24 11:59:34.223] [exthost] [info] ExtensionService#loadCommonJSModule file:///nix/store/c1g6qglnvs7dik66fg95bapidn1jhmgj-vscode-1.54.2/lib/vscode/resources/app/extensions/testing-editor-contributions/dist/extension.js
[2021-03-24 11:59:34.239] [exthost] [info] ExtensionService#_doActivateExtension vscode.github-authentication {"startup":false,"extensionId":{"value":"vscode.github-authentication","_lower":"vscode.github-authentication"},"activationEvent":"onAuthenticationRequest:github"}
[2021-03-24 11:59:34.239] [exthost] [info] ExtensionService#loadCommonJSModule file:///nix/store/c1g6qglnvs7dik66fg95bapidn1jhmgj-vscode-1.54.2/lib/vscode/resources/app/extensions/github-authentication/dist/extension.js
[2021-03-24 12:05:44.035] [exthost] [info] extension host terminating: parent process 4804 does not exist anymore: kill ESRCH (code: ESRCH) (errno: ESRCH)
[2021-03-24 12:05:45.041] [exthost] [info] exiting with code 0
